<?xml version="1.0" encoding="UTF-8"?>
<testsuites name="Scoring Married - CS Used" time="533.82" tests="45" failures="24" errors="0">
   <testsuite name="Scoring Married - CS Used" tests="45" failures="24" errors="0" time="533.82" skipped="0" timestamp="2022-11-24 11:17:00" hostname="bcafmaster - WPI20220318001.bcaf.co.id" id="Test Suites/Exclude KKB - DS - Married/Scoring Married - CS Used">
      <properties>
         <property name="deviceName" value=""/>
         <property name="devicePlatform" value=""/>
         <property name="logFolder" value="D:\\DMS\\Engine Scoring\\Reports\\20221124_111654\\Exclude KKB - DS - Married\\Scoring Married - CS Used\\20221124_111654"/>
         <property name="logFiles" value="D:\\DMS\\Engine Scoring\\Reports\\20221124_111654\\Exclude KKB - DS - Married\\Scoring Married - CS Used\\20221124_111654\\execution0.log"/>
         <property name="attachments" value=""/>
         <property name="hostName" value="bcafmaster - WPI20220318001.bcaf.co.id"/>
         <property name="hostAddress" value="10.10.8.57"/>
         <property name="os" value="Windows 10 64bit"/>
         <property name="katalonVersion" value="8.2.5.208"/>
      </properties>
      <testcase name="Test Cases/Engine_Scoring/Engine Scoring" time="14.995" classname="Test Cases/Engine_Scoring/Engine Scoring" status="PASSED">
         <system-out><![CDATA[2022-11-24 11:17:01 - [TEST_CASE][PASSED] - Test Cases/Engine_Scoring/Engine Scoring: Test Cases/Engine_Scoring/Engine Scoring

2022-11-24 11:17:02 - [TEST_STEP][PASSED] - markPassed("Variasi data ke : " + no): Variasi data ke : 1

2022-11-24 11:17:02 - [MESSAGE][PASSED] - Variasi data ke : 1

2022-11-24 11:17:02 - [TEST_STEP][PASSED] - req_data = sendRequest(findTestObject("Search_ME", ["MID":MID, "source":source, "ip":ip, "userid":userid, "branch":branch, "tipekons":tipekons, "marital":marital, "penjamin":penjamin, ... ])): Send request successfully

2022-11-24 11:17:05 - [MESSAGE][INFO] - HAR: D:\DMS\Engine Scoring\Reports\20221124_111654\Exclude KKB - DS - Married\Scoring Married - CS Used\20221124_111654\requests\main\0.har

2022-11-24 11:17:05 - [MESSAGE][PASSED] - Send request successfully

2022-11-24 11:17:05 - [TEST_STEP][PASSED] - slurper = new groovy.json.JsonSlurper(): null

2022-11-24 11:17:05 - [TEST_STEP][PASSED] - result = slurper.parseText(req_data.getResponseBodyContent()): null

2022-11-24 11:17:05 - [TEST_STEP][PASSED] - reqid_kons = requestid1: null

2022-11-24 11:17:05 - [TEST_STEP][PASSED] - reqid_spouse = requestid2: null

2022-11-24 11:17:05 - [TEST_STEP][PASSED] - println("requestid kons : " + reqid_kons): null

2022-11-24 11:17:05 - [TEST_STEP][PASSED] - response_searchME_kons = reqid_kons: null

2022-11-24 11:17:05 - [TEST_STEP][PASSED] - response_searchME_spouse = reqid_spouse: null

2022-11-24 11:17:05 - [TEST_STEP][PASSED] - println("kons req id is :" + response_searchME_kons): null

2022-11-24 11:17:05 - [TEST_STEP][PASSED] - println("spouse req id is : " + response_searchME_spouse): null

2022-11-24 11:17:05 - [TEST_STEP][PASSED] - verifyResponseStatusCode(req_data, 200): Verify response status code successfully

2022-11-24 11:17:05 - [MESSAGE][PASSED] - Verify response status code successfully

2022-11-24 11:17:05 - [TEST_STEP][PASSED] - response = req_data.getResponseText(): null

2022-11-24 11:17:05 - [TEST_STEP][PASSED] - logInfo($response): {"status":"Done","data":{"requestid1":"252405","requestid2":"252406"}}

2022-11-24 11:17:06 - [MESSAGE][INFO] - {"status":"Done","data":{"requestid1":"252405","requestid2":"252406"}}

2022-11-24 11:17:06 - [TEST_STEP][PASSED] - delay(10): Delayed 10 second(s)

2022-11-24 11:17:16 - [MESSAGE][PASSED] - Delayed 10 second(s)

2022-11-24 11:17:16 - [TEST_STEP][PASSED] - scoring = sendRequest(findTestObject("EngineScore", ["response_searchME_kons":response_searchME_kons, "response_searchME_spouse":response_searchME_spouse])): Send request successfully

2022-11-24 11:17:16 - [MESSAGE][INFO] - HAR: D:\DMS\Engine Scoring\Reports\20221124_111654\Exclude KKB - DS - Married\Scoring Married - CS Used\20221124_111654\requests\main\1.har

2022-11-24 11:17:16 - [MESSAGE][PASSED] - Send request successfully

2022-11-24 11:17:16 - [TEST_STEP][PASSED] - verifyResponseStatusCode(scoring, 200): Verify response status code successfully

2022-11-24 11:17:16 - [MESSAGE][PASSED] - Verify response status code successfully

2022-11-24 11:17:16 - [TEST_STEP][PASSED] - response2 = scoring.getResponseText(): null

2022-11-24 11:17:16 - [TEST_STEP][PASSED] - markPassed("result service data ke : " + no): result service data ke : 1

2022-11-24 11:17:16 - [MESSAGE][PASSED] - result service data ke : 1

2022-11-24 11:17:16 - [TEST_STEP][PASSED] - logInfo($response2): {"result_konsumen":"Reguler","result_pasangan":"Reguler","Final_result":"Reguler","errorMessage":"","status":"Done"}

2022-11-24 11:17:16 - [MESSAGE][INFO] - {"result_konsumen":"Reguler","result_pasangan":"Reguler","Final_result":"Reguler","errorMessage":"","status":"Done"}

2022-11-24 11:17:16 - [TEST_STEP][PASSED] - verifyElementPropertyValue(scoring, "Final_result", final_result): Verify element property value successfully

2022-11-24 11:17:16 - [MESSAGE][PASSED] - Verify element property value successfully]]></system-out>
         <system-err><![CDATA[]]></system-err>
      </testcase>
      <testcase name="Test Cases/Engine_Scoring/Engine Scoring" time="11.874" classname="Test Cases/Engine_Scoring/Engine Scoring" status="PASSED">
         <system-out><![CDATA[2022-11-24 11:17:16 - [TEST_CASE][PASSED] - Test Cases/Engine_Scoring/Engine Scoring: Test Cases/Engine_Scoring/Engine Scoring

2022-11-24 11:17:17 - [TEST_STEP][PASSED] - markPassed("Variasi data ke : " + no): Variasi data ke : 2

2022-11-24 11:17:17 - [MESSAGE][PASSED] - Variasi data ke : 2

2022-11-24 11:17:17 - [TEST_STEP][PASSED] - req_data = sendRequest(findTestObject("Search_ME", ["MID":MID, "source":source, "ip":ip, "userid":userid, "branch":branch, "tipekons":tipekons, "marital":marital, "penjamin":penjamin, ... ])): Send request successfully

2022-11-24 11:17:17 - [MESSAGE][INFO] - HAR: D:\DMS\Engine Scoring\Reports\20221124_111654\Exclude KKB - DS - Married\Scoring Married - CS Used\20221124_111654\requests\main\2.har

2022-11-24 11:17:17 - [MESSAGE][PASSED] - Send request successfully

2022-11-24 11:17:17 - [TEST_STEP][PASSED] - slurper = new groovy.json.JsonSlurper(): null

2022-11-24 11:17:17 - [TEST_STEP][PASSED] - result = slurper.parseText(req_data.getResponseBodyContent()): null

2022-11-24 11:17:17 - [TEST_STEP][PASSED] - reqid_kons = requestid1: null

2022-11-24 11:17:17 - [TEST_STEP][PASSED] - reqid_spouse = requestid2: null

2022-11-24 11:17:17 - [TEST_STEP][PASSED] - println("requestid kons : " + reqid_kons): null

2022-11-24 11:17:18 - [TEST_STEP][PASSED] - response_searchME_kons = reqid_kons: null

2022-11-24 11:17:18 - [TEST_STEP][PASSED] - response_searchME_spouse = reqid_spouse: null

2022-11-24 11:17:18 - [TEST_STEP][PASSED] - println("kons req id is :" + response_searchME_kons): null

2022-11-24 11:17:18 - [TEST_STEP][PASSED] - println("spouse req id is : " + response_searchME_spouse): null

2022-11-24 11:17:18 - [TEST_STEP][PASSED] - verifyResponseStatusCode(req_data, 200): Verify response status code successfully

2022-11-24 11:17:18 - [MESSAGE][PASSED] - Verify response status code successfully

2022-11-24 11:17:18 - [TEST_STEP][PASSED] - response = req_data.getResponseText(): null

2022-11-24 11:17:18 - [TEST_STEP][PASSED] - logInfo($response): {"status":"Done","data":{"requestid1":"252407","requestid2":"252408"}}

2022-11-24 11:17:18 - [MESSAGE][INFO] - {"status":"Done","data":{"requestid1":"252407","requestid2":"252408"}}

2022-11-24 11:17:18 - [TEST_STEP][PASSED] - delay(10): Delayed 10 second(s)

2022-11-24 11:17:28 - [MESSAGE][PASSED] - Delayed 10 second(s)

2022-11-24 11:17:28 - [TEST_STEP][PASSED] - scoring = sendRequest(findTestObject("EngineScore", ["response_searchME_kons":response_searchME_kons, "response_searchME_spouse":response_searchME_spouse])): Send request successfully

2022-11-24 11:17:28 - [MESSAGE][INFO] - HAR: D:\DMS\Engine Scoring\Reports\20221124_111654\Exclude KKB - DS - Married\Scoring Married - CS Used\20221124_111654\requests\main\3.har

2022-11-24 11:17:28 - [MESSAGE][PASSED] - Send request successfully

2022-11-24 11:17:28 - [TEST_STEP][PASSED] - verifyResponseStatusCode(scoring, 200): Verify response status code successfully

2022-11-24 11:17:28 - [MESSAGE][PASSED] - Verify response status code successfully

2022-11-24 11:17:28 - [TEST_STEP][PASSED] - response2 = scoring.getResponseText(): null

2022-11-24 11:17:28 - [TEST_STEP][PASSED] - markPassed("result service data ke : " + no): result service data ke : 2

2022-11-24 11:17:28 - [MESSAGE][PASSED] - result service data ke : 2

2022-11-24 11:17:28 - [TEST_STEP][PASSED] - logInfo($response2): {"result_konsumen":"Reguler","result_pasangan":"Reguler","Final_result":"Reguler","errorMessage":"","status":"Done"}

2022-11-24 11:17:28 - [MESSAGE][INFO] - {"result_konsumen":"Reguler","result_pasangan":"Reguler","Final_result":"Reguler","errorMessage":"","status":"Done"}

2022-11-24 11:17:28 - [TEST_STEP][PASSED] - verifyElementPropertyValue(scoring, "Final_result", final_result): Verify element property value successfully

2022-11-24 11:17:28 - [MESSAGE][PASSED] - Verify element property value successfully]]></system-out>
         <system-err><![CDATA[]]></system-err>
      </testcase>
      <testcase name="Test Cases/Engine_Scoring/Engine Scoring" time="11.711" classname="Test Cases/Engine_Scoring/Engine Scoring" status="PASSED">
         <system-out><![CDATA[2022-11-24 11:17:28 - [TEST_CASE][PASSED] - Test Cases/Engine_Scoring/Engine Scoring: Test Cases/Engine_Scoring/Engine Scoring

2022-11-24 11:17:28 - [TEST_STEP][PASSED] - markPassed("Variasi data ke : " + no): Variasi data ke : 3

2022-11-24 11:17:28 - [MESSAGE][PASSED] - Variasi data ke : 3

2022-11-24 11:17:28 - [TEST_STEP][PASSED] - req_data = sendRequest(findTestObject("Search_ME", ["MID":MID, "source":source, "ip":ip, "userid":userid, "branch":branch, "tipekons":tipekons, "marital":marital, "penjamin":penjamin, ... ])): Send request successfully

2022-11-24 11:17:29 - [MESSAGE][INFO] - HAR: D:\DMS\Engine Scoring\Reports\20221124_111654\Exclude KKB - DS - Married\Scoring Married - CS Used\20221124_111654\requests\main\4.har

2022-11-24 11:17:29 - [MESSAGE][PASSED] - Send request successfully

2022-11-24 11:17:29 - [TEST_STEP][PASSED] - slurper = new groovy.json.JsonSlurper(): null

2022-11-24 11:17:29 - [TEST_STEP][PASSED] - result = slurper.parseText(req_data.getResponseBodyContent()): null

2022-11-24 11:17:29 - [TEST_STEP][PASSED] - reqid_kons = requestid1: null

2022-11-24 11:17:29 - [TEST_STEP][PASSED] - reqid_spouse = requestid2: null

2022-11-24 11:17:29 - [TEST_STEP][PASSED] - println("requestid kons : " + reqid_kons): null

2022-11-24 11:17:29 - [TEST_STEP][PASSED] - response_searchME_kons = reqid_kons: null

2022-11-24 11:17:29 - [TEST_STEP][PASSED] - response_searchME_spouse = reqid_spouse: null

2022-11-24 11:17:29 - [TEST_STEP][PASSED] - println("kons req id is :" + response_searchME_kons): null

2022-11-24 11:17:29 - [TEST_STEP][PASSED] - println("spouse req id is : " + response_searchME_spouse): null

2022-11-24 11:17:29 - [TEST_STEP][PASSED] - verifyResponseStatusCode(req_data, 200): Verify response status code successfully

2022-11-24 11:17:29 - [MESSAGE][PASSED] - Verify response status code successfully

2022-11-24 11:17:29 - [TEST_STEP][PASSED] - response = req_data.getResponseText(): null

2022-11-24 11:17:29 - [TEST_STEP][PASSED] - logInfo($response): {"status":"Done","data":{"requestid1":"252409","requestid2":"252410"}}

2022-11-24 11:17:29 - [MESSAGE][INFO] - {"status":"Done","data":{"requestid1":"252409","requestid2":"252410"}}

2022-11-24 11:17:29 - [TEST_STEP][PASSED] - delay(10): Delayed 10 second(s)

2022-11-24 11:17:39 - [MESSAGE][PASSED] - Delayed 10 second(s)

2022-11-24 11:17:39 - [TEST_STEP][PASSED] - scoring = sendRequest(findTestObject("EngineScore", ["response_searchME_kons":response_searchME_kons, "response_searchME_spouse":response_searchME_spouse])): Send request successfully

2022-11-24 11:17:39 - [MESSAGE][INFO] - HAR: D:\DMS\Engine Scoring\Reports\20221124_111654\Exclude KKB - DS - Married\Scoring Married - CS Used\20221124_111654\requests\main\5.har

2022-11-24 11:17:39 - [MESSAGE][PASSED] - Send request successfully

2022-11-24 11:17:39 - [TEST_STEP][PASSED] - verifyResponseStatusCode(scoring, 200): Verify response status code successfully

2022-11-24 11:17:39 - [MESSAGE][PASSED] - Verify response status code successfully

2022-11-24 11:17:39 - [TEST_STEP][PASSED] - response2 = scoring.getResponseText(): null

2022-11-24 11:17:39 - [TEST_STEP][PASSED] - markPassed("result service data ke : " + no): result service data ke : 3

2022-11-24 11:17:39 - [MESSAGE][PASSED] - result service data ke : 3

2022-11-24 11:17:39 - [TEST_STEP][PASSED] - logInfo($response2): {"result_konsumen":"Reguler","result_pasangan":"Reguler","Final_result":"Reguler","errorMessage":"","status":"Done"}

2022-11-24 11:17:39 - [MESSAGE][INFO] - {"result_konsumen":"Reguler","result_pasangan":"Reguler","Final_result":"Reguler","errorMessage":"","status":"Done"}

2022-11-24 11:17:39 - [TEST_STEP][PASSED] - verifyElementPropertyValue(scoring, "Final_result", final_result): Verify element property value successfully

2022-11-24 11:17:39 - [MESSAGE][PASSED] - Verify element property value successfully]]></system-out>
         <system-err><![CDATA[]]></system-err>
      </testcase>
      <testcase name="Test Cases/Engine_Scoring/Engine Scoring" time="11.57" classname="Test Cases/Engine_Scoring/Engine Scoring" status="PASSED">
         <system-out><![CDATA[2022-11-24 11:17:39 - [TEST_CASE][PASSED] - Test Cases/Engine_Scoring/Engine Scoring: Test Cases/Engine_Scoring/Engine Scoring

2022-11-24 11:17:40 - [TEST_STEP][PASSED] - markPassed("Variasi data ke : " + no): Variasi data ke : 4

2022-11-24 11:17:40 - [MESSAGE][PASSED] - Variasi data ke : 4

2022-11-24 11:17:40 - [TEST_STEP][PASSED] - req_data = sendRequest(findTestObject("Search_ME", ["MID":MID, "source":source, "ip":ip, "userid":userid, "branch":branch, "tipekons":tipekons, "marital":marital, "penjamin":penjamin, ... ])): Send request successfully

2022-11-24 11:17:41 - [MESSAGE][INFO] - HAR: D:\DMS\Engine Scoring\Reports\20221124_111654\Exclude KKB - DS - Married\Scoring Married - CS Used\20221124_111654\requests\main\6.har

2022-11-24 11:17:41 - [MESSAGE][PASSED] - Send request successfully

2022-11-24 11:17:41 - [TEST_STEP][PASSED] - slurper = new groovy.json.JsonSlurper(): null

2022-11-24 11:17:41 - [TEST_STEP][PASSED] - result = slurper.parseText(req_data.getResponseBodyContent()): null

2022-11-24 11:17:41 - [TEST_STEP][PASSED] - reqid_kons = requestid1: null

2022-11-24 11:17:41 - [TEST_STEP][PASSED] - reqid_spouse = requestid2: null

2022-11-24 11:17:41 - [TEST_STEP][PASSED] - println("requestid kons : " + reqid_kons): null

2022-11-24 11:17:41 - [TEST_STEP][PASSED] - response_searchME_kons = reqid_kons: null

2022-11-24 11:17:41 - [TEST_STEP][PASSED] - response_searchME_spouse = reqid_spouse: null

2022-11-24 11:17:41 - [TEST_STEP][PASSED] - println("kons req id is :" + response_searchME_kons): null

2022-11-24 11:17:41 - [TEST_STEP][PASSED] - println("spouse req id is : " + response_searchME_spouse): null

2022-11-24 11:17:41 - [TEST_STEP][PASSED] - verifyResponseStatusCode(req_data, 200): Verify response status code successfully

2022-11-24 11:17:41 - [MESSAGE][PASSED] - Verify response status code successfully

2022-11-24 11:17:41 - [TEST_STEP][PASSED] - response = req_data.getResponseText(): null

2022-11-24 11:17:41 - [TEST_STEP][PASSED] - logInfo($response): {"status":"Done","data":{"requestid1":"252411","requestid2":"252412"}}

2022-11-24 11:17:41 - [MESSAGE][INFO] - {"status":"Done","data":{"requestid1":"252411","requestid2":"252412"}}

2022-11-24 11:17:41 - [TEST_STEP][PASSED] - delay(10): Delayed 10 second(s)

2022-11-24 11:17:51 - [MESSAGE][PASSED] - Delayed 10 second(s)

2022-11-24 11:17:51 - [TEST_STEP][PASSED] - scoring = sendRequest(findTestObject("EngineScore", ["response_searchME_kons":response_searchME_kons, "response_searchME_spouse":response_searchME_spouse])): Send request successfully

2022-11-24 11:17:51 - [MESSAGE][INFO] - HAR: D:\DMS\Engine Scoring\Reports\20221124_111654\Exclude KKB - DS - Married\Scoring Married - CS Used\20221124_111654\requests\main\7.har

2022-11-24 11:17:51 - [MESSAGE][PASSED] - Send request successfully

2022-11-24 11:17:51 - [TEST_STEP][PASSED] - verifyResponseStatusCode(scoring, 200): Verify response status code successfully

2022-11-24 11:17:51 - [MESSAGE][PASSED] - Verify response status code successfully

2022-11-24 11:17:51 - [TEST_STEP][PASSED] - response2 = scoring.getResponseText(): null

2022-11-24 11:17:51 - [TEST_STEP][PASSED] - markPassed("result service data ke : " + no): result service data ke : 4

2022-11-24 11:17:51 - [MESSAGE][PASSED] - result service data ke : 4

2022-11-24 11:17:51 - [TEST_STEP][PASSED] - logInfo($response2): {"result_konsumen":"Reguler","result_pasangan":"Reguler","Final_result":"Reguler","errorMessage":"","status":"Done"}

2022-11-24 11:17:51 - [MESSAGE][INFO] - {"result_konsumen":"Reguler","result_pasangan":"Reguler","Final_result":"Reguler","errorMessage":"","status":"Done"}

2022-11-24 11:17:51 - [TEST_STEP][PASSED] - verifyElementPropertyValue(scoring, "Final_result", final_result): Verify element property value successfully

2022-11-24 11:17:51 - [MESSAGE][PASSED] - Verify element property value successfully]]></system-out>
         <system-err><![CDATA[]]></system-err>
      </testcase>
      <testcase name="Test Cases/Engine_Scoring/Engine Scoring" time="13.945" classname="Test Cases/Engine_Scoring/Engine Scoring" status="PASSED">
         <system-out><![CDATA[2022-11-24 11:17:51 - [TEST_CASE][PASSED] - Test Cases/Engine_Scoring/Engine Scoring: Test Cases/Engine_Scoring/Engine Scoring

2022-11-24 11:17:52 - [TEST_STEP][PASSED] - markPassed("Variasi data ke : " + no): Variasi data ke : 5

2022-11-24 11:17:52 - [MESSAGE][PASSED] - Variasi data ke : 5

2022-11-24 11:17:52 - [TEST_STEP][PASSED] - req_data = sendRequest(findTestObject("Search_ME", ["MID":MID, "source":source, "ip":ip, "userid":userid, "branch":branch, "tipekons":tipekons, "marital":marital, "penjamin":penjamin, ... ])): Send request successfully

2022-11-24 11:17:55 - [MESSAGE][INFO] - HAR: D:\DMS\Engine Scoring\Reports\20221124_111654\Exclude KKB - DS - Married\Scoring Married - CS Used\20221124_111654\requests\main\8.har

2022-11-24 11:17:55 - [MESSAGE][PASSED] - Send request successfully

2022-11-24 11:17:55 - [TEST_STEP][PASSED] - slurper = new groovy.json.JsonSlurper(): null

2022-11-24 11:17:55 - [TEST_STEP][PASSED] - result = slurper.parseText(req_data.getResponseBodyContent()): null

2022-11-24 11:17:55 - [TEST_STEP][PASSED] - reqid_kons = requestid1: null

2022-11-24 11:17:55 - [TEST_STEP][PASSED] - reqid_spouse = requestid2: null

2022-11-24 11:17:55 - [TEST_STEP][PASSED] - println("requestid kons : " + reqid_kons): null

2022-11-24 11:17:55 - [TEST_STEP][PASSED] - response_searchME_kons = reqid_kons: null

2022-11-24 11:17:55 - [TEST_STEP][PASSED] - response_searchME_spouse = reqid_spouse: null

2022-11-24 11:17:55 - [TEST_STEP][PASSED] - println("kons req id is :" + response_searchME_kons): null

2022-11-24 11:17:55 - [TEST_STEP][PASSED] - println("spouse req id is : " + response_searchME_spouse): null

2022-11-24 11:17:55 - [TEST_STEP][PASSED] - verifyResponseStatusCode(req_data, 200): Verify response status code successfully

2022-11-24 11:17:55 - [MESSAGE][PASSED] - Verify response status code successfully

2022-11-24 11:17:55 - [TEST_STEP][PASSED] - response = req_data.getResponseText(): null

2022-11-24 11:17:55 - [TEST_STEP][PASSED] - logInfo($response): {"status":"Done","data":{"requestid1":"252413","requestid2":"252414"}}

2022-11-24 11:17:55 - [MESSAGE][INFO] - {"status":"Done","data":{"requestid1":"252413","requestid2":"252414"}}

2022-11-24 11:17:55 - [TEST_STEP][PASSED] - delay(10): Delayed 10 second(s)

2022-11-24 11:18:05 - [MESSAGE][PASSED] - Delayed 10 second(s)

2022-11-24 11:18:05 - [TEST_STEP][PASSED] - scoring = sendRequest(findTestObject("EngineScore", ["response_searchME_kons":response_searchME_kons, "response_searchME_spouse":response_searchME_spouse])): Send request successfully

2022-11-24 11:18:05 - [MESSAGE][INFO] - HAR: D:\DMS\Engine Scoring\Reports\20221124_111654\Exclude KKB - DS - Married\Scoring Married - CS Used\20221124_111654\requests\main\9.har

2022-11-24 11:18:05 - [MESSAGE][PASSED] - Send request successfully

2022-11-24 11:18:05 - [TEST_STEP][PASSED] - verifyResponseStatusCode(scoring, 200): Verify response status code successfully

2022-11-24 11:18:05 - [MESSAGE][PASSED] - Verify response status code successfully

2022-11-24 11:18:05 - [TEST_STEP][PASSED] - response2 = scoring.getResponseText(): null

2022-11-24 11:18:05 - [TEST_STEP][PASSED] - markPassed("result service data ke : " + no): result service data ke : 5

2022-11-24 11:18:05 - [MESSAGE][PASSED] - result service data ke : 5

2022-11-24 11:18:05 - [TEST_STEP][PASSED] - logInfo($response2): {"result_konsumen":"Reguler","result_pasangan":"Reject","Final_result":"Reject","errorMessage":"","status":"Done"}

2022-11-24 11:18:05 - [MESSAGE][INFO] - {"result_konsumen":"Reguler","result_pasangan":"Reject","Final_result":"Reject","errorMessage":"","status":"Done"}

2022-11-24 11:18:05 - [TEST_STEP][PASSED] - verifyElementPropertyValue(scoring, "Final_result", final_result): Verify element property value successfully

2022-11-24 11:18:05 - [MESSAGE][PASSED] - Verify element property value successfully]]></system-out>
         <system-err><![CDATA[]]></system-err>
      </testcase>
      <testcase name="Test Cases/Engine_Scoring/Engine Scoring" time="11.617" classname="Test Cases/Engine_Scoring/Engine Scoring" status="PASSED">
         <system-out><![CDATA[2022-11-24 11:18:05 - [TEST_CASE][PASSED] - Test Cases/Engine_Scoring/Engine Scoring: Test Cases/Engine_Scoring/Engine Scoring

2022-11-24 11:18:06 - [TEST_STEP][PASSED] - markPassed("Variasi data ke : " + no): Variasi data ke : 6

2022-11-24 11:18:06 - [MESSAGE][PASSED] - Variasi data ke : 6

2022-11-24 11:18:06 - [TEST_STEP][PASSED] - req_data = sendRequest(findTestObject("Search_ME", ["MID":MID, "source":source, "ip":ip, "userid":userid, "branch":branch, "tipekons":tipekons, "marital":marital, "penjamin":penjamin, ... ])): Send request successfully

2022-11-24 11:18:07 - [MESSAGE][INFO] - HAR: D:\DMS\Engine Scoring\Reports\20221124_111654\Exclude KKB - DS - Married\Scoring Married - CS Used\20221124_111654\requests\main\10.har

2022-11-24 11:18:07 - [MESSAGE][PASSED] - Send request successfully

2022-11-24 11:18:07 - [TEST_STEP][PASSED] - slurper = new groovy.json.JsonSlurper(): null

2022-11-24 11:18:07 - [TEST_STEP][PASSED] - result = slurper.parseText(req_data.getResponseBodyContent()): null

2022-11-24 11:18:07 - [TEST_STEP][PASSED] - reqid_kons = requestid1: null

2022-11-24 11:18:07 - [TEST_STEP][PASSED] - reqid_spouse = requestid2: null

2022-11-24 11:18:07 - [TEST_STEP][PASSED] - println("requestid kons : " + reqid_kons): null

2022-11-24 11:18:07 - [TEST_STEP][PASSED] - response_searchME_kons = reqid_kons: null

2022-11-24 11:18:07 - [TEST_STEP][PASSED] - response_searchME_spouse = reqid_spouse: null

2022-11-24 11:18:07 - [TEST_STEP][PASSED] - println("kons req id is :" + response_searchME_kons): null

2022-11-24 11:18:07 - [TEST_STEP][PASSED] - println("spouse req id is : " + response_searchME_spouse): null

2022-11-24 11:18:07 - [TEST_STEP][PASSED] - verifyResponseStatusCode(req_data, 200): Verify response status code successfully

2022-11-24 11:18:07 - [MESSAGE][PASSED] - Verify response status code successfully

2022-11-24 11:18:07 - [TEST_STEP][PASSED] - response = req_data.getResponseText(): null

2022-11-24 11:18:07 - [TEST_STEP][PASSED] - logInfo($response): {"status":"Done","data":{"requestid1":"252415","requestid2":"252416"}}

2022-11-24 11:18:07 - [MESSAGE][INFO] - {"status":"Done","data":{"requestid1":"252415","requestid2":"252416"}}

2022-11-24 11:18:07 - [TEST_STEP][PASSED] - delay(10): Delayed 10 second(s)

2022-11-24 11:18:17 - [MESSAGE][PASSED] - Delayed 10 second(s)

2022-11-24 11:18:17 - [TEST_STEP][PASSED] - scoring = sendRequest(findTestObject("EngineScore", ["response_searchME_kons":response_searchME_kons, "response_searchME_spouse":response_searchME_spouse])): Send request successfully

2022-11-24 11:18:17 - [MESSAGE][INFO] - HAR: D:\DMS\Engine Scoring\Reports\20221124_111654\Exclude KKB - DS - Married\Scoring Married - CS Used\20221124_111654\requests\main\11.har

2022-11-24 11:18:17 - [MESSAGE][PASSED] - Send request successfully

2022-11-24 11:18:17 - [TEST_STEP][PASSED] - verifyResponseStatusCode(scoring, 200): Verify response status code successfully

2022-11-24 11:18:17 - [MESSAGE][PASSED] - Verify response status code successfully

2022-11-24 11:18:17 - [TEST_STEP][PASSED] - response2 = scoring.getResponseText(): null

2022-11-24 11:18:17 - [TEST_STEP][PASSED] - markPassed("result service data ke : " + no): result service data ke : 6

2022-11-24 11:18:17 - [MESSAGE][PASSED] - result service data ke : 6

2022-11-24 11:18:17 - [TEST_STEP][PASSED] - logInfo($response2): {"result_konsumen":"Reguler","result_pasangan":"Reject","Final_result":"Reject","errorMessage":"","status":"Done"}

2022-11-24 11:18:17 - [MESSAGE][INFO] - {"result_konsumen":"Reguler","result_pasangan":"Reject","Final_result":"Reject","errorMessage":"","status":"Done"}

2022-11-24 11:18:17 - [TEST_STEP][PASSED] - verifyElementPropertyValue(scoring, "Final_result", final_result): Verify element property value successfully

2022-11-24 11:18:17 - [MESSAGE][PASSED] - Verify element property value successfully]]></system-out>
         <system-err><![CDATA[]]></system-err>
      </testcase>
      <testcase name="Test Cases/Engine_Scoring/Engine Scoring" time="11.676" classname="Test Cases/Engine_Scoring/Engine Scoring" status="FAILED">
         <failure type="FAILED" message="Test Cases/Engine_Scoring/Engine Scoring FAILED.
Reason:
com.kms.katalon.core.exception.StepFailedException: Expected element property value 'Reject' is not equal with actual property value ''
	at com.kms.katalon.core.keyword.internal.KeywordMain.stepFailed(KeywordMain.groovy:50)
	at com.kms.katalon.core.webservice.keyword.builtin.VerifyElementPropertyValueKeyword$_verifyElementPropertyValue_closure1.doCall(VerifyElementPropertyValueKeyword.groovy:56)
	at com.kms.katalon.core.webservice.keyword.builtin.VerifyElementPropertyValueKeyword$_verifyElementPropertyValue_closure1.call(VerifyElementPropertyValueKeyword.groovy)
	at com.kms.katalon.core.keyword.internal.KeywordMain.runKeyword(KeywordMain.groovy:74)
	at com.kms.katalon.core.webservice.keyword.builtin.VerifyElementPropertyValueKeyword.verifyElementPropertyValue(VerifyElementPropertyValueKeyword.groovy:48)
	at com.kms.katalon.core.webservice.keyword.builtin.VerifyElementPropertyValueKeyword.execute(VerifyElementPropertyValueKeyword.groovy:43)
	at com.kms.katalon.core.keyword.internal.KeywordExecutor.executeKeywordForPlatform(KeywordExecutor.groovy:74)
	at com.kms.katalon.core.webservice.keyword.WSBuiltInKeywords.verifyElementPropertyValue(WSBuiltInKeywords.groovy:189)
	at com.kms.katalon.core.webservice.keyword.WSBuiltInKeywords$verifyElementPropertyValue$1.call(Unknown Source)
	at Engine Scoring.run(Engine Scoring:107)
	at com.kms.katalon.core.main.ScriptEngine.run(ScriptEngine.java:194)
	at com.kms.katalon.core.main.ScriptEngine.runScriptAsRawText(ScriptEngine.java:119)
	at com.kms.katalon.core.main.TestCaseExecutor.runScript(TestCaseExecutor.java:442)
	at com.kms.katalon.core.main.TestCaseExecutor.doExecute(TestCaseExecutor.java:433)
	at com.kms.katalon.core.main.TestCaseExecutor.processExecutionPhase(TestCaseExecutor.java:412)
	at com.kms.katalon.core.main.TestCaseExecutor.accessMainPhase(TestCaseExecutor.java:404)
	at com.kms.katalon.core.main.TestCaseExecutor.execute(TestCaseExecutor.java:281)
	at com.kms.katalon.core.main.TestSuiteExecutor.accessTestCaseMainPhase(TestSuiteExecutor.java:202)
	at com.kms.katalon.core.main.TestSuiteExecutor.accessTestSuiteMainPhase(TestSuiteExecutor.java:164)
	at com.kms.katalon.core.main.TestSuiteExecutor.execute(TestSuiteExecutor.java:105)
	at com.kms.katalon.core.main.TestCaseMain.startTestSuite(TestCaseMain.java:185)
	at com.kms.katalon.core.main.TestCaseMain$startTestSuite$0.call(Unknown Source)
	at TempTestSuite1669263414546.run(TempTestSuite1669263414546.groovy:36)
"/>
         <system-out><![CDATA[2022-11-24 11:18:17 - [TEST_CASE][FAILED] - Test Cases/Engine_Scoring/Engine Scoring: Test Cases/Engine_Scoring/Engine Scoring FAILED.
Reason:
com.kms.katalon.core.exception.StepFailedException: Expected element property value 'Reject' is not equal with actual property value ''
	at com.kms.katalon.core.keyword.internal.KeywordMain.stepFailed(KeywordMain.groovy:50)
	at com.kms.katalon.core.webservice.keyword.builtin.VerifyElementPropertyValueKeyword$_verifyElementPropertyValue_closure1.doCall(VerifyElementPropertyValueKeyword.groovy:56)
	at com.kms.katalon.core.webservice.keyword.builtin.VerifyElementPropertyValueKeyword$_verifyElementPropertyValue_closure1.call(VerifyElementPropertyValueKeyword.groovy)
	at com.kms.katalon.core.keyword.internal.KeywordMain.runKeyword(KeywordMain.groovy:74)
	at com.kms.katalon.core.webservice.keyword.builtin.VerifyElementPropertyValueKeyword.verifyElementPropertyValue(VerifyElementPropertyValueKeyword.groovy:48)
	at com.kms.katalon.core.webservice.keyword.builtin.VerifyElementPropertyValueKeyword.execute(VerifyElementPropertyValueKeyword.groovy:43)
	at com.kms.katalon.core.keyword.internal.KeywordExecutor.executeKeywordForPlatform(KeywordExecutor.groovy:74)
	at com.kms.katalon.core.webservice.keyword.WSBuiltInKeywords.verifyElementPropertyValue(WSBuiltInKeywords.groovy:189)
	at com.kms.katalon.core.webservice.keyword.WSBuiltInKeywords$verifyElementPropertyValue$1.call(Unknown Source)
	at Engine Scoring.run(Engine Scoring:107)
	at com.kms.katalon.core.main.ScriptEngine.run(ScriptEngine.java:194)
	at com.kms.katalon.core.main.ScriptEngine.runScriptAsRawText(ScriptEngine.java:119)
	at com.kms.katalon.core.main.TestCaseExecutor.runScript(TestCaseExecutor.java:442)
	at com.kms.katalon.core.main.TestCaseExecutor.doExecute(TestCaseExecutor.java:433)
	at com.kms.katalon.core.main.TestCaseExecutor.processExecutionPhase(TestCaseExecutor.java:412)
	at com.kms.katalon.core.main.TestCaseExecutor.accessMainPhase(TestCaseExecutor.java:404)
	at com.kms.katalon.core.main.TestCaseExecutor.execute(TestCaseExecutor.java:281)
	at com.kms.katalon.core.main.TestSuiteExecutor.accessTestCaseMainPhase(TestSuiteExecutor.java:202)
	at com.kms.katalon.core.main.TestSuiteExecutor.accessTestSuiteMainPhase(TestSuiteExecutor.java:164)
	at com.kms.katalon.core.main.TestSuiteExecutor.execute(TestSuiteExecutor.java:105)
	at com.kms.katalon.core.main.TestCaseMain.startTestSuite(TestCaseMain.java:185)
	at com.kms.katalon.core.main.TestCaseMain$startTestSuite$0.call(Unknown Source)
	at TempTestSuite1669263414546.run(TempTestSuite1669263414546.groovy:36)


2022-11-24 11:18:17 - [TEST_STEP][PASSED] - markPassed("Variasi data ke : " + no): Variasi data ke : 7

2022-11-24 11:18:17 - [MESSAGE][PASSED] - Variasi data ke : 7

2022-11-24 11:18:18 - [TEST_STEP][PASSED] - req_data = sendRequest(findTestObject("Search_ME", ["MID":MID, "source":source, "ip":ip, "userid":userid, "branch":branch, "tipekons":tipekons, "marital":marital, "penjamin":penjamin, ... ])): Send request successfully

2022-11-24 11:18:18 - [MESSAGE][INFO] - HAR: D:\DMS\Engine Scoring\Reports\20221124_111654\Exclude KKB - DS - Married\Scoring Married - CS Used\20221124_111654\requests\main\12.har

2022-11-24 11:18:18 - [MESSAGE][PASSED] - Send request successfully

2022-11-24 11:18:18 - [TEST_STEP][PASSED] - slurper = new groovy.json.JsonSlurper(): null

2022-11-24 11:18:18 - [TEST_STEP][PASSED] - result = slurper.parseText(req_data.getResponseBodyContent()): null

2022-11-24 11:18:18 - [TEST_STEP][PASSED] - reqid_kons = requestid1: null

2022-11-24 11:18:18 - [TEST_STEP][PASSED] - reqid_spouse = requestid2: null

2022-11-24 11:18:18 - [TEST_STEP][PASSED] - println("requestid kons : " + reqid_kons): null

2022-11-24 11:18:18 - [TEST_STEP][PASSED] - response_searchME_kons = reqid_kons: null

2022-11-24 11:18:18 - [TEST_STEP][PASSED] - response_searchME_spouse = reqid_spouse: null

2022-11-24 11:18:18 - [TEST_STEP][PASSED] - println("kons req id is :" + response_searchME_kons): null

2022-11-24 11:18:18 - [TEST_STEP][PASSED] - println("spouse req id is : " + response_searchME_spouse): null

2022-11-24 11:18:18 - [TEST_STEP][PASSED] - verifyResponseStatusCode(req_data, 200): Verify response status code successfully

2022-11-24 11:18:18 - [MESSAGE][PASSED] - Verify response status code successfully

2022-11-24 11:18:18 - [TEST_STEP][PASSED] - response = req_data.getResponseText(): null

2022-11-24 11:18:18 - [TEST_STEP][PASSED] - logInfo($response): {"status":"Done","data":{"requestid1":"252417","requestid2":"252418"}}

2022-11-24 11:18:18 - [MESSAGE][INFO] - {"status":"Done","data":{"requestid1":"252417","requestid2":"252418"}}

2022-11-24 11:18:18 - [TEST_STEP][PASSED] - delay(10): Delayed 10 second(s)

2022-11-24 11:18:28 - [MESSAGE][PASSED] - Delayed 10 second(s)

2022-11-24 11:18:28 - [TEST_STEP][PASSED] - scoring = sendRequest(findTestObject("EngineScore", ["response_searchME_kons":response_searchME_kons, "response_searchME_spouse":response_searchME_spouse])): Send request successfully

2022-11-24 11:18:28 - [MESSAGE][INFO] - HAR: D:\DMS\Engine Scoring\Reports\20221124_111654\Exclude KKB - DS - Married\Scoring Married - CS Used\20221124_111654\requests\main\13.har

2022-11-24 11:18:28 - [MESSAGE][PASSED] - Send request successfully

2022-11-24 11:18:28 - [TEST_STEP][PASSED] - verifyResponseStatusCode(scoring, 200): Verify response status code successfully

2022-11-24 11:18:28 - [MESSAGE][PASSED] - Verify response status code successfully

2022-11-24 11:18:28 - [TEST_STEP][PASSED] - response2 = scoring.getResponseText(): null

2022-11-24 11:18:28 - [TEST_STEP][PASSED] - markPassed("result service data ke : " + no): result service data ke : 7

2022-11-24 11:18:28 - [MESSAGE][PASSED] - result service data ke : 7

2022-11-24 11:18:28 - [TEST_STEP][PASSED] - logInfo($response2): {"result_konsumen":"Reguler","result_pasangan":"","Final_result":"","errorMessage":"","status":"InProgress"}

2022-11-24 11:18:28 - [MESSAGE][INFO] - {"result_konsumen":"Reguler","result_pasangan":"","Final_result":"","errorMessage":"","status":"InProgress"}

2022-11-24 11:18:28 - [TEST_STEP][FAILED] - verifyElementPropertyValue(scoring, "Final_result", final_result): Unable to verify element property value (Root cause: com.kms.katalon.core.exception.StepFailedException: Expected element property value 'Reject' is not equal with actual property value ''
	at com.kms.katalon.core.keyword.internal.KeywordMain.stepFailed(KeywordMain.groovy:50)
	at com.kms.katalon.core.webservice.keyword.builtin.VerifyElementPropertyValueKeyword$_verifyElementPropertyValue_closure1.doCall(VerifyElementPropertyValueKeyword.groovy:56)
	at com.kms.katalon.core.webservice.keyword.builtin.VerifyElementPropertyValueKeyword$_verifyElementPropertyValue_closure1.call(VerifyElementPropertyValueKeyword.groovy)
	at com.kms.katalon.core.keyword.internal.KeywordMain.runKeyword(KeywordMain.groovy:74)
	at com.kms.katalon.core.webservice.keyword.builtin.VerifyElementPropertyValueKeyword.verifyElementPropertyValue(VerifyElementPropertyValueKeyword.groovy:48)
	at com.kms.katalon.core.webservice.keyword.builtin.VerifyElementPropertyValueKeyword.execute(VerifyElementPropertyValueKeyword.groovy:43)
	at com.kms.katalon.core.keyword.internal.KeywordExecutor.executeKeywordForPlatform(KeywordExecutor.groovy:74)
	at com.kms.katalon.core.webservice.keyword.WSBuiltInKeywords.verifyElementPropertyValue(WSBuiltInKeywords.groovy:189)
	at com.kms.katalon.core.webservice.keyword.WSBuiltInKeywords$verifyElementPropertyValue$1.call(Unknown Source)
	at Engine Scoring.run(Engine Scoring:107)
	at com.kms.katalon.core.main.ScriptEngine.run(ScriptEngine.java:194)
	at com.kms.katalon.core.main.ScriptEngine.runScriptAsRawText(ScriptEngine.java:119)
	at com.kms.katalon.core.main.TestCaseExecutor.runScript(TestCaseExecutor.java:442)
	at com.kms.katalon.core.main.TestCaseExecutor.doExecute(TestCaseExecutor.java:433)
	at com.kms.katalon.core.main.TestCaseExecutor.processExecutionPhase(TestCaseExecutor.java:412)
	at com.kms.katalon.core.main.TestCaseExecutor.accessMainPhase(TestCaseExecutor.java:404)
	at com.kms.katalon.core.main.TestCaseExecutor.execute(TestCaseExecutor.java:281)
	at com.kms.katalon.core.main.TestSuiteExecutor.accessTestCaseMainPhase(TestSuiteExecutor.java:202)
	at com.kms.katalon.core.main.TestSuiteExecutor.accessTestSuiteMainPhase(TestSuiteExecutor.java:164)
	at com.kms.katalon.core.main.TestSuiteExecutor.execute(TestSuiteExecutor.java:105)
	at com.kms.katalon.core.main.TestCaseMain.startTestSuite(TestCaseMain.java:185)
	at com.kms.katalon.core.main.TestCaseMain$startTestSuite$0.call(Unknown Source)
	at TempTestSuite1669263414546.run(TempTestSuite1669263414546.groovy:36)
)

2022-11-24 11:18:28 - [MESSAGE][FAILED] - Expected element property value 'Reject' is not equal with actual property value ''

2022-11-24 11:18:28 - [MESSAGE][FAILED] - Unable to verify element property value (Root cause: com.kms.katalon.core.exception.StepFailedException: Expected element property value 'Reject' is not equal with actual property value ''
	at com.kms.katalon.core.keyword.internal.KeywordMain.stepFailed(KeywordMain.groovy:50)
	at com.kms.katalon.core.webservice.keyword.builtin.VerifyElementPropertyValueKeyword$_verifyElementPropertyValue_closure1.doCall(VerifyElementPropertyValueKeyword.groovy:56)
	at com.kms.katalon.core.webservice.keyword.builtin.VerifyElementPropertyValueKeyword$_verifyElementPropertyValue_closure1.call(VerifyElementPropertyValueKeyword.groovy)
	at com.kms.katalon.core.keyword.internal.KeywordMain.runKeyword(KeywordMain.groovy:74)
	at com.kms.katalon.core.webservice.keyword.builtin.VerifyElementPropertyValueKeyword.verifyElementPropertyValue(VerifyElementPropertyValueKeyword.groovy:48)
	at com.kms.katalon.core.webservice.keyword.builtin.VerifyElementPropertyValueKeyword.execute(VerifyElementPropertyValueKeyword.groovy:43)
	at com.kms.katalon.core.keyword.internal.KeywordExecutor.executeKeywordForPlatform(KeywordExecutor.groovy:74)
	at com.kms.katalon.core.webservice.keyword.WSBuiltInKeywords.verifyElementPropertyValue(WSBuiltInKeywords.groovy:189)
	at com.kms.katalon.core.webservice.keyword.WSBuiltInKeywords$verifyElementPropertyValue$1.call(Unknown Source)
	at Engine Scoring.run(Engine Scoring:107)
	at com.kms.katalon.core.main.ScriptEngine.run(ScriptEngine.java:194)
	at com.kms.katalon.core.main.ScriptEngine.runScriptAsRawText(ScriptEngine.java:119)
	at com.kms.katalon.core.main.TestCaseExecutor.runScript(TestCaseExecutor.java:442)
	at com.kms.katalon.core.main.TestCaseExecutor.doExecute(TestCaseExecutor.java:433)
	at com.kms.katalon.core.main.TestCaseExecutor.processExecutionPhase(TestCaseExecutor.java:412)
	at com.kms.katalon.core.main.TestCaseExecutor.accessMainPhase(TestCaseExecutor.java:404)
	at com.kms.katalon.core.main.TestCaseExecutor.execute(TestCaseExecutor.java:281)
	at com.kms.katalon.core.main.TestSuiteExecutor.accessTestCaseMainPhase(TestSuiteExecutor.java:202)
	at com.kms.katalon.core.main.TestSuiteExecutor.accessTestSuiteMainPhase(TestSuiteExecutor.java:164)
	at com.kms.katalon.core.main.TestSuiteExecutor.execute(TestSuiteExecutor.java:105)
	at com.kms.katalon.core.main.TestCaseMain.startTestSuite(TestCaseMain.java:185)
	at com.kms.katalon.core.main.TestCaseMain$startTestSuite$0.call(Unknown Source)
	at TempTestSuite1669263414546.run(TempTestSuite1669263414546.groovy:36)
)]]></system-out>
         <system-err><![CDATA[2022-11-24 11:18:17 - [TEST_CASE][FAILED] - Test Cases/Engine_Scoring/Engine Scoring: Test Cases/Engine_Scoring/Engine Scoring FAILED.
Reason:
com.kms.katalon.core.exception.StepFailedException: Expected element property value 'Reject' is not equal with actual property value ''
	at com.kms.katalon.core.keyword.internal.KeywordMain.stepFailed(KeywordMain.groovy:50)
	at com.kms.katalon.core.webservice.keyword.builtin.VerifyElementPropertyValueKeyword$_verifyElementPropertyValue_closure1.doCall(VerifyElementPropertyValueKeyword.groovy:56)
	at com.kms.katalon.core.webservice.keyword.builtin.VerifyElementPropertyValueKeyword$_verifyElementPropertyValue_closure1.call(VerifyElementPropertyValueKeyword.groovy)
	at com.kms.katalon.core.keyword.internal.KeywordMain.runKeyword(KeywordMain.groovy:74)
	at com.kms.katalon.core.webservice.keyword.builtin.VerifyElementPropertyValueKeyword.verifyElementPropertyValue(VerifyElementPropertyValueKeyword.groovy:48)
	at com.kms.katalon.core.webservice.keyword.builtin.VerifyElementPropertyValueKeyword.execute(VerifyElementPropertyValueKeyword.groovy:43)
	at com.kms.katalon.core.keyword.internal.KeywordExecutor.executeKeywordForPlatform(KeywordExecutor.groovy:74)
	at com.kms.katalon.core.webservice.keyword.WSBuiltInKeywords.verifyElementPropertyValue(WSBuiltInKeywords.groovy:189)
	at com.kms.katalon.core.webservice.keyword.WSBuiltInKeywords$verifyElementPropertyValue$1.call(Unknown Source)
	at Engine Scoring.run(Engine Scoring:107)
	at com.kms.katalon.core.main.ScriptEngine.run(ScriptEngine.java:194)
	at com.kms.katalon.core.main.ScriptEngine.runScriptAsRawText(ScriptEngine.java:119)
	at com.kms.katalon.core.main.TestCaseExecutor.runScript(TestCaseExecutor.java:442)
	at com.kms.katalon.core.main.TestCaseExecutor.doExecute(TestCaseExecutor.java:433)
	at com.kms.katalon.core.main.TestCaseExecutor.processExecutionPhase(TestCaseExecutor.java:412)
	at com.kms.katalon.core.main.TestCaseExecutor.accessMainPhase(TestCaseExecutor.java:404)
	at com.kms.katalon.core.main.TestCaseExecutor.execute(TestCaseExecutor.java:281)
	at com.kms.katalon.core.main.TestSuiteExecutor.accessTestCaseMainPhase(TestSuiteExecutor.java:202)
	at com.kms.katalon.core.main.TestSuiteExecutor.accessTestSuiteMainPhase(TestSuiteExecutor.java:164)
	at com.kms.katalon.core.main.TestSuiteExecutor.execute(TestSuiteExecutor.java:105)
	at com.kms.katalon.core.main.TestCaseMain.startTestSuite(TestCaseMain.java:185)
	at com.kms.katalon.core.main.TestCaseMain$startTestSuite$0.call(Unknown Source)
	at TempTestSuite1669263414546.run(TempTestSuite1669263414546.groovy:36)]]></system-err>
      </testcase>
      <testcase name="Test Cases/Engine_Scoring/Engine Scoring" time="11.832" classname="Test Cases/Engine_Scoring/Engine Scoring" status="FAILED">
         <failure type="FAILED" message="Test Cases/Engine_Scoring/Engine Scoring FAILED.
Reason:
com.kms.katalon.core.exception.StepFailedException: Expected element property value 'Reguler' is not equal with actual property value ''
	at com.kms.katalon.core.keyword.internal.KeywordMain.stepFailed(KeywordMain.groovy:50)
	at com.kms.katalon.core.webservice.keyword.builtin.VerifyElementPropertyValueKeyword$_verifyElementPropertyValue_closure1.doCall(VerifyElementPropertyValueKeyword.groovy:56)
	at com.kms.katalon.core.webservice.keyword.builtin.VerifyElementPropertyValueKeyword$_verifyElementPropertyValue_closure1.call(VerifyElementPropertyValueKeyword.groovy)
	at com.kms.katalon.core.keyword.internal.KeywordMain.runKeyword(KeywordMain.groovy:74)
	at com.kms.katalon.core.webservice.keyword.builtin.VerifyElementPropertyValueKeyword.verifyElementPropertyValue(VerifyElementPropertyValueKeyword.groovy:48)
	at com.kms.katalon.core.webservice.keyword.builtin.VerifyElementPropertyValueKeyword.execute(VerifyElementPropertyValueKeyword.groovy:43)
	at com.kms.katalon.core.keyword.internal.KeywordExecutor.executeKeywordForPlatform(KeywordExecutor.groovy:74)
	at com.kms.katalon.core.webservice.keyword.WSBuiltInKeywords.verifyElementPropertyValue(WSBuiltInKeywords.groovy:189)
	at com.kms.katalon.core.webservice.keyword.WSBuiltInKeywords$verifyElementPropertyValue$1.call(Unknown Source)
	at Engine Scoring.run(Engine Scoring:107)
	at com.kms.katalon.core.main.ScriptEngine.run(ScriptEngine.java:194)
	at com.kms.katalon.core.main.ScriptEngine.runScriptAsRawText(ScriptEngine.java:119)
	at com.kms.katalon.core.main.TestCaseExecutor.runScript(TestCaseExecutor.java:442)
	at com.kms.katalon.core.main.TestCaseExecutor.doExecute(TestCaseExecutor.java:433)
	at com.kms.katalon.core.main.TestCaseExecutor.processExecutionPhase(TestCaseExecutor.java:412)
	at com.kms.katalon.core.main.TestCaseExecutor.accessMainPhase(TestCaseExecutor.java:404)
	at com.kms.katalon.core.main.TestCaseExecutor.execute(TestCaseExecutor.java:281)
	at com.kms.katalon.core.main.TestSuiteExecutor.accessTestCaseMainPhase(TestSuiteExecutor.java:202)
	at com.kms.katalon.core.main.TestSuiteExecutor.accessTestSuiteMainPhase(TestSuiteExecutor.java:164)
	at com.kms.katalon.core.main.TestSuiteExecutor.execute(TestSuiteExecutor.java:105)
	at com.kms.katalon.core.main.TestCaseMain.startTestSuite(TestCaseMain.java:185)
	at com.kms.katalon.core.main.TestCaseMain$startTestSuite$0.call(Unknown Source)
	at TempTestSuite1669263414546.run(TempTestSuite1669263414546.groovy:36)
"/>
         <system-out><![CDATA[2022-11-24 11:18:28 - [TEST_CASE][FAILED] - Test Cases/Engine_Scoring/Engine Scoring: Test Cases/Engine_Scoring/Engine Scoring FAILED.
Reason:
com.kms.katalon.core.exception.StepFailedException: Expected element property value 'Reguler' is not equal with actual property value ''
	at com.kms.katalon.core.keyword.internal.KeywordMain.stepFailed(KeywordMain.groovy:50)
	at com.kms.katalon.core.webservice.keyword.builtin.VerifyElementPropertyValueKeyword$_verifyElementPropertyValue_closure1.doCall(VerifyElementPropertyValueKeyword.groovy:56)
	at com.kms.katalon.core.webservice.keyword.builtin.VerifyElementPropertyValueKeyword$_verifyElementPropertyValue_closure1.call(VerifyElementPropertyValueKeyword.groovy)
	at com.kms.katalon.core.keyword.internal.KeywordMain.runKeyword(KeywordMain.groovy:74)
	at com.kms.katalon.core.webservice.keyword.builtin.VerifyElementPropertyValueKeyword.verifyElementPropertyValue(VerifyElementPropertyValueKeyword.groovy:48)
	at com.kms.katalon.core.webservice.keyword.builtin.VerifyElementPropertyValueKeyword.execute(VerifyElementPropertyValueKeyword.groovy:43)
	at com.kms.katalon.core.keyword.internal.KeywordExecutor.executeKeywordForPlatform(KeywordExecutor.groovy:74)
	at com.kms.katalon.core.webservice.keyword.WSBuiltInKeywords.verifyElementPropertyValue(WSBuiltInKeywords.groovy:189)
	at com.kms.katalon.core.webservice.keyword.WSBuiltInKeywords$verifyElementPropertyValue$1.call(Unknown Source)
	at Engine Scoring.run(Engine Scoring:107)
	at com.kms.katalon.core.main.ScriptEngine.run(ScriptEngine.java:194)
	at com.kms.katalon.core.main.ScriptEngine.runScriptAsRawText(ScriptEngine.java:119)
	at com.kms.katalon.core.main.TestCaseExecutor.runScript(TestCaseExecutor.java:442)
	at com.kms.katalon.core.main.TestCaseExecutor.doExecute(TestCaseExecutor.java:433)
	at com.kms.katalon.core.main.TestCaseExecutor.processExecutionPhase(TestCaseExecutor.java:412)
	at com.kms.katalon.core.main.TestCaseExecutor.accessMainPhase(TestCaseExecutor.java:404)
	at com.kms.katalon.core.main.TestCaseExecutor.execute(TestCaseExecutor.java:281)
	at com.kms.katalon.core.main.TestSuiteExecutor.accessTestCaseMainPhase(TestSuiteExecutor.java:202)
	at com.kms.katalon.core.main.TestSuiteExecutor.accessTestSuiteMainPhase(TestSuiteExecutor.java:164)
	at com.kms.katalon.core.main.TestSuiteExecutor.execute(TestSuiteExecutor.java:105)
	at com.kms.katalon.core.main.TestCaseMain.startTestSuite(TestCaseMain.java:185)
	at com.kms.katalon.core.main.TestCaseMain$startTestSuite$0.call(Unknown Source)
	at TempTestSuite1669263414546.run(TempTestSuite1669263414546.groovy:36)


2022-11-24 11:18:29 - [TEST_STEP][PASSED] - markPassed("Variasi data ke : " + no): Variasi data ke : 8

2022-11-24 11:18:29 - [MESSAGE][PASSED] - Variasi data ke : 8

2022-11-24 11:18:29 - [TEST_STEP][PASSED] - req_data = sendRequest(findTestObject("Search_ME", ["MID":MID, "source":source, "ip":ip, "userid":userid, "branch":branch, "tipekons":tipekons, "marital":marital, "penjamin":penjamin, ... ])): Send request successfully

2022-11-24 11:18:30 - [MESSAGE][INFO] - HAR: D:\DMS\Engine Scoring\Reports\20221124_111654\Exclude KKB - DS - Married\Scoring Married - CS Used\20221124_111654\requests\main\14.har

2022-11-24 11:18:30 - [MESSAGE][PASSED] - Send request successfully

2022-11-24 11:18:30 - [TEST_STEP][PASSED] - slurper = new groovy.json.JsonSlurper(): null

2022-11-24 11:18:30 - [TEST_STEP][PASSED] - result = slurper.parseText(req_data.getResponseBodyContent()): null

2022-11-24 11:18:30 - [TEST_STEP][PASSED] - reqid_kons = requestid1: null

2022-11-24 11:18:30 - [TEST_STEP][PASSED] - reqid_spouse = requestid2: null

2022-11-24 11:18:30 - [TEST_STEP][PASSED] - println("requestid kons : " + reqid_kons): null

2022-11-24 11:18:30 - [TEST_STEP][PASSED] - response_searchME_kons = reqid_kons: null

2022-11-24 11:18:30 - [TEST_STEP][PASSED] - response_searchME_spouse = reqid_spouse: null

2022-11-24 11:18:30 - [TEST_STEP][PASSED] - println("kons req id is :" + response_searchME_kons): null

2022-11-24 11:18:30 - [TEST_STEP][PASSED] - println("spouse req id is : " + response_searchME_spouse): null

2022-11-24 11:18:30 - [TEST_STEP][PASSED] - verifyResponseStatusCode(req_data, 200): Verify response status code successfully

2022-11-24 11:18:30 - [MESSAGE][PASSED] - Verify response status code successfully

2022-11-24 11:18:30 - [TEST_STEP][PASSED] - response = req_data.getResponseText(): null

2022-11-24 11:18:30 - [TEST_STEP][PASSED] - logInfo($response): {"status":"Done","data":{"requestid1":"252419","requestid2":"252420"}}

2022-11-24 11:18:30 - [MESSAGE][INFO] - {"status":"Done","data":{"requestid1":"252419","requestid2":"252420"}}

2022-11-24 11:18:30 - [TEST_STEP][PASSED] - delay(10): Delayed 10 second(s)

2022-11-24 11:18:40 - [MESSAGE][PASSED] - Delayed 10 second(s)

2022-11-24 11:18:40 - [TEST_STEP][PASSED] - scoring = sendRequest(findTestObject("EngineScore", ["response_searchME_kons":response_searchME_kons, "response_searchME_spouse":response_searchME_spouse])): Send request successfully

2022-11-24 11:18:40 - [MESSAGE][INFO] - HAR: D:\DMS\Engine Scoring\Reports\20221124_111654\Exclude KKB - DS - Married\Scoring Married - CS Used\20221124_111654\requests\main\15.har

2022-11-24 11:18:40 - [MESSAGE][PASSED] - Send request successfully

2022-11-24 11:18:40 - [TEST_STEP][PASSED] - verifyResponseStatusCode(scoring, 200): Verify response status code successfully

2022-11-24 11:18:40 - [MESSAGE][PASSED] - Verify response status code successfully

2022-11-24 11:18:40 - [TEST_STEP][PASSED] - response2 = scoring.getResponseText(): null

2022-11-24 11:18:40 - [TEST_STEP][PASSED] - markPassed("result service data ke : " + no): result service data ke : 8

2022-11-24 11:18:40 - [MESSAGE][PASSED] - result service data ke : 8

2022-11-24 11:18:40 - [TEST_STEP][PASSED] - logInfo($response2): {"result_konsumen":"","result_pasangan":"","Final_result":"","errorMessage":"","status":"InProgress"}

2022-11-24 11:18:40 - [MESSAGE][INFO] - {"result_konsumen":"","result_pasangan":"","Final_result":"","errorMessage":"","status":"InProgress"}

2022-11-24 11:18:40 - [TEST_STEP][FAILED] - verifyElementPropertyValue(scoring, "Final_result", final_result): Unable to verify element property value (Root cause: com.kms.katalon.core.exception.StepFailedException: Expected element property value 'Reguler' is not equal with actual property value ''
	at com.kms.katalon.core.keyword.internal.KeywordMain.stepFailed(KeywordMain.groovy:50)
	at com.kms.katalon.core.webservice.keyword.builtin.VerifyElementPropertyValueKeyword$_verifyElementPropertyValue_closure1.doCall(VerifyElementPropertyValueKeyword.groovy:56)
	at com.kms.katalon.core.webservice.keyword.builtin.VerifyElementPropertyValueKeyword$_verifyElementPropertyValue_closure1.call(VerifyElementPropertyValueKeyword.groovy)
	at com.kms.katalon.core.keyword.internal.KeywordMain.runKeyword(KeywordMain.groovy:74)
	at com.kms.katalon.core.webservice.keyword.builtin.VerifyElementPropertyValueKeyword.verifyElementPropertyValue(VerifyElementPropertyValueKeyword.groovy:48)
	at com.kms.katalon.core.webservice.keyword.builtin.VerifyElementPropertyValueKeyword.execute(VerifyElementPropertyValueKeyword.groovy:43)
	at com.kms.katalon.core.keyword.internal.KeywordExecutor.executeKeywordForPlatform(KeywordExecutor.groovy:74)
	at com.kms.katalon.core.webservice.keyword.WSBuiltInKeywords.verifyElementPropertyValue(WSBuiltInKeywords.groovy:189)
	at com.kms.katalon.core.webservice.keyword.WSBuiltInKeywords$verifyElementPropertyValue$1.call(Unknown Source)
	at Engine Scoring.run(Engine Scoring:107)
	at com.kms.katalon.core.main.ScriptEngine.run(ScriptEngine.java:194)
	at com.kms.katalon.core.main.ScriptEngine.runScriptAsRawText(ScriptEngine.java:119)
	at com.kms.katalon.core.main.TestCaseExecutor.runScript(TestCaseExecutor.java:442)
	at com.kms.katalon.core.main.TestCaseExecutor.doExecute(TestCaseExecutor.java:433)
	at com.kms.katalon.core.main.TestCaseExecutor.processExecutionPhase(TestCaseExecutor.java:412)
	at com.kms.katalon.core.main.TestCaseExecutor.accessMainPhase(TestCaseExecutor.java:404)
	at com.kms.katalon.core.main.TestCaseExecutor.execute(TestCaseExecutor.java:281)
	at com.kms.katalon.core.main.TestSuiteExecutor.accessTestCaseMainPhase(TestSuiteExecutor.java:202)
	at com.kms.katalon.core.main.TestSuiteExecutor.accessTestSuiteMainPhase(TestSuiteExecutor.java:164)
	at com.kms.katalon.core.main.TestSuiteExecutor.execute(TestSuiteExecutor.java:105)
	at com.kms.katalon.core.main.TestCaseMain.startTestSuite(TestCaseMain.java:185)
	at com.kms.katalon.core.main.TestCaseMain$startTestSuite$0.call(Unknown Source)
	at TempTestSuite1669263414546.run(TempTestSuite1669263414546.groovy:36)
)

2022-11-24 11:18:40 - [MESSAGE][FAILED] - Expected element property value 'Reguler' is not equal with actual property value ''

2022-11-24 11:18:40 - [MESSAGE][FAILED] - Unable to verify element property value (Root cause: com.kms.katalon.core.exception.StepFailedException: Expected element property value 'Reguler' is not equal with actual property value ''
	at com.kms.katalon.core.keyword.internal.KeywordMain.stepFailed(KeywordMain.groovy:50)
	at com.kms.katalon.core.webservice.keyword.builtin.VerifyElementPropertyValueKeyword$_verifyElementPropertyValue_closure1.doCall(VerifyElementPropertyValueKeyword.groovy:56)
	at com.kms.katalon.core.webservice.keyword.builtin.VerifyElementPropertyValueKeyword$_verifyElementPropertyValue_closure1.call(VerifyElementPropertyValueKeyword.groovy)
	at com.kms.katalon.core.keyword.internal.KeywordMain.runKeyword(KeywordMain.groovy:74)
	at com.kms.katalon.core.webservice.keyword.builtin.VerifyElementPropertyValueKeyword.verifyElementPropertyValue(VerifyElementPropertyValueKeyword.groovy:48)
	at com.kms.katalon.core.webservice.keyword.builtin.VerifyElementPropertyValueKeyword.execute(VerifyElementPropertyValueKeyword.groovy:43)
	at com.kms.katalon.core.keyword.internal.KeywordExecutor.executeKeywordForPlatform(KeywordExecutor.groovy:74)
	at com.kms.katalon.core.webservice.keyword.WSBuiltInKeywords.verifyElementPropertyValue(WSBuiltInKeywords.groovy:189)
	at com.kms.katalon.core.webservice.keyword.WSBuiltInKeywords$verifyElementPropertyValue$1.call(Unknown Source)
	at Engine Scoring.run(Engine Scoring:107)
	at com.kms.katalon.core.main.ScriptEngine.run(ScriptEngine.java:194)
	at com.kms.katalon.core.main.ScriptEngine.runScriptAsRawText(ScriptEngine.java:119)
	at com.kms.katalon.core.main.TestCaseExecutor.runScript(TestCaseExecutor.java:442)
	at com.kms.katalon.core.main.TestCaseExecutor.doExecute(TestCaseExecutor.java:433)
	at com.kms.katalon.core.main.TestCaseExecutor.processExecutionPhase(TestCaseExecutor.java:412)
	at com.kms.katalon.core.main.TestCaseExecutor.accessMainPhase(TestCaseExecutor.java:404)
	at com.kms.katalon.core.main.TestCaseExecutor.execute(TestCaseExecutor.java:281)
	at com.kms.katalon.core.main.TestSuiteExecutor.accessTestCaseMainPhase(TestSuiteExecutor.java:202)
	at com.kms.katalon.core.main.TestSuiteExecutor.accessTestSuiteMainPhase(TestSuiteExecutor.java:164)
	at com.kms.katalon.core.main.TestSuiteExecutor.execute(TestSuiteExecutor.java:105)
	at com.kms.katalon.core.main.TestCaseMain.startTestSuite(TestCaseMain.java:185)
	at com.kms.katalon.core.main.TestCaseMain$startTestSuite$0.call(Unknown Source)
	at TempTestSuite1669263414546.run(TempTestSuite1669263414546.groovy:36)
)]]></system-out>
         <system-err><![CDATA[2022-11-24 11:18:28 - [TEST_CASE][FAILED] - Test Cases/Engine_Scoring/Engine Scoring: Test Cases/Engine_Scoring/Engine Scoring FAILED.
Reason:
com.kms.katalon.core.exception.StepFailedException: Expected element property value 'Reguler' is not equal with actual property value ''
	at com.kms.katalon.core.keyword.internal.KeywordMain.stepFailed(KeywordMain.groovy:50)
	at com.kms.katalon.core.webservice.keyword.builtin.VerifyElementPropertyValueKeyword$_verifyElementPropertyValue_closure1.doCall(VerifyElementPropertyValueKeyword.groovy:56)
	at com.kms.katalon.core.webservice.keyword.builtin.VerifyElementPropertyValueKeyword$_verifyElementPropertyValue_closure1.call(VerifyElementPropertyValueKeyword.groovy)
	at com.kms.katalon.core.keyword.internal.KeywordMain.runKeyword(KeywordMain.groovy:74)
	at com.kms.katalon.core.webservice.keyword.builtin.VerifyElementPropertyValueKeyword.verifyElementPropertyValue(VerifyElementPropertyValueKeyword.groovy:48)
	at com.kms.katalon.core.webservice.keyword.builtin.VerifyElementPropertyValueKeyword.execute(VerifyElementPropertyValueKeyword.groovy:43)
	at com.kms.katalon.core.keyword.internal.KeywordExecutor.executeKeywordForPlatform(KeywordExecutor.groovy:74)
	at com.kms.katalon.core.webservice.keyword.WSBuiltInKeywords.verifyElementPropertyValue(WSBuiltInKeywords.groovy:189)
	at com.kms.katalon.core.webservice.keyword.WSBuiltInKeywords$verifyElementPropertyValue$1.call(Unknown Source)
	at Engine Scoring.run(Engine Scoring:107)
	at com.kms.katalon.core.main.ScriptEngine.run(ScriptEngine.java:194)
	at com.kms.katalon.core.main.ScriptEngine.runScriptAsRawText(ScriptEngine.java:119)
	at com.kms.katalon.core.main.TestCaseExecutor.runScript(TestCaseExecutor.java:442)
	at com.kms.katalon.core.main.TestCaseExecutor.doExecute(TestCaseExecutor.java:433)
	at com.kms.katalon.core.main.TestCaseExecutor.processExecutionPhase(TestCaseExecutor.java:412)
	at com.kms.katalon.core.main.TestCaseExecutor.accessMainPhase(TestCaseExecutor.java:404)
	at com.kms.katalon.core.main.TestCaseExecutor.execute(TestCaseExecutor.java:281)
	at com.kms.katalon.core.main.TestSuiteExecutor.accessTestCaseMainPhase(TestSuiteExecutor.java:202)
	at com.kms.katalon.core.main.TestSuiteExecutor.accessTestSuiteMainPhase(TestSuiteExecutor.java:164)
	at com.kms.katalon.core.main.TestSuiteExecutor.execute(TestSuiteExecutor.java:105)
	at com.kms.katalon.core.main.TestCaseMain.startTestSuite(TestCaseMain.java:185)
	at com.kms.katalon.core.main.TestCaseMain$startTestSuite$0.call(Unknown Source)
	at TempTestSuite1669263414546.run(TempTestSuite1669263414546.groovy:36)]]></system-err>
      </testcase>
      <testcase name="Test Cases/Engine_Scoring/Engine Scoring" time="11.686" classname="Test Cases/Engine_Scoring/Engine Scoring" status="FAILED">
         <failure type="FAILED" message="Test Cases/Engine_Scoring/Engine Scoring FAILED.
Reason:
com.kms.katalon.core.exception.StepFailedException: Expected element property value 'Reguler' is not equal with actual property value ''
	at com.kms.katalon.core.keyword.internal.KeywordMain.stepFailed(KeywordMain.groovy:50)
	at com.kms.katalon.core.webservice.keyword.builtin.VerifyElementPropertyValueKeyword$_verifyElementPropertyValue_closure1.doCall(VerifyElementPropertyValueKeyword.groovy:56)
	at com.kms.katalon.core.webservice.keyword.builtin.VerifyElementPropertyValueKeyword$_verifyElementPropertyValue_closure1.call(VerifyElementPropertyValueKeyword.groovy)
	at com.kms.katalon.core.keyword.internal.KeywordMain.runKeyword(KeywordMain.groovy:74)
	at com.kms.katalon.core.webservice.keyword.builtin.VerifyElementPropertyValueKeyword.verifyElementPropertyValue(VerifyElementPropertyValueKeyword.groovy:48)
	at com.kms.katalon.core.webservice.keyword.builtin.VerifyElementPropertyValueKeyword.execute(VerifyElementPropertyValueKeyword.groovy:43)
	at com.kms.katalon.core.keyword.internal.KeywordExecutor.executeKeywordForPlatform(KeywordExecutor.groovy:74)
	at com.kms.katalon.core.webservice.keyword.WSBuiltInKeywords.verifyElementPropertyValue(WSBuiltInKeywords.groovy:189)
	at com.kms.katalon.core.webservice.keyword.WSBuiltInKeywords$verifyElementPropertyValue$1.call(Unknown Source)
	at Engine Scoring.run(Engine Scoring:107)
	at com.kms.katalon.core.main.ScriptEngine.run(ScriptEngine.java:194)
	at com.kms.katalon.core.main.ScriptEngine.runScriptAsRawText(ScriptEngine.java:119)
	at com.kms.katalon.core.main.TestCaseExecutor.runScript(TestCaseExecutor.java:442)
	at com.kms.katalon.core.main.TestCaseExecutor.doExecute(TestCaseExecutor.java:433)
	at com.kms.katalon.core.main.TestCaseExecutor.processExecutionPhase(TestCaseExecutor.java:412)
	at com.kms.katalon.core.main.TestCaseExecutor.accessMainPhase(TestCaseExecutor.java:404)
	at com.kms.katalon.core.main.TestCaseExecutor.execute(TestCaseExecutor.java:281)
	at com.kms.katalon.core.main.TestSuiteExecutor.accessTestCaseMainPhase(TestSuiteExecutor.java:202)
	at com.kms.katalon.core.main.TestSuiteExecutor.accessTestSuiteMainPhase(TestSuiteExecutor.java:164)
	at com.kms.katalon.core.main.TestSuiteExecutor.execute(TestSuiteExecutor.java:105)
	at com.kms.katalon.core.main.TestCaseMain.startTestSuite(TestCaseMain.java:185)
	at com.kms.katalon.core.main.TestCaseMain$startTestSuite$0.call(Unknown Source)
	at TempTestSuite1669263414546.run(TempTestSuite1669263414546.groovy:36)
"/>
         <system-out><![CDATA[2022-11-24 11:18:40 - [TEST_CASE][FAILED] - Test Cases/Engine_Scoring/Engine Scoring: Test Cases/Engine_Scoring/Engine Scoring FAILED.
Reason:
com.kms.katalon.core.exception.StepFailedException: Expected element property value 'Reguler' is not equal with actual property value ''
	at com.kms.katalon.core.keyword.internal.KeywordMain.stepFailed(KeywordMain.groovy:50)
	at com.kms.katalon.core.webservice.keyword.builtin.VerifyElementPropertyValueKeyword$_verifyElementPropertyValue_closure1.doCall(VerifyElementPropertyValueKeyword.groovy:56)
	at com.kms.katalon.core.webservice.keyword.builtin.VerifyElementPropertyValueKeyword$_verifyElementPropertyValue_closure1.call(VerifyElementPropertyValueKeyword.groovy)
	at com.kms.katalon.core.keyword.internal.KeywordMain.runKeyword(KeywordMain.groovy:74)
	at com.kms.katalon.core.webservice.keyword.builtin.VerifyElementPropertyValueKeyword.verifyElementPropertyValue(VerifyElementPropertyValueKeyword.groovy:48)
	at com.kms.katalon.core.webservice.keyword.builtin.VerifyElementPropertyValueKeyword.execute(VerifyElementPropertyValueKeyword.groovy:43)
	at com.kms.katalon.core.keyword.internal.KeywordExecutor.executeKeywordForPlatform(KeywordExecutor.groovy:74)
	at com.kms.katalon.core.webservice.keyword.WSBuiltInKeywords.verifyElementPropertyValue(WSBuiltInKeywords.groovy:189)
	at com.kms.katalon.core.webservice.keyword.WSBuiltInKeywords$verifyElementPropertyValue$1.call(Unknown Source)
	at Engine Scoring.run(Engine Scoring:107)
	at com.kms.katalon.core.main.ScriptEngine.run(ScriptEngine.java:194)
	at com.kms.katalon.core.main.ScriptEngine.runScriptAsRawText(ScriptEngine.java:119)
	at com.kms.katalon.core.main.TestCaseExecutor.runScript(TestCaseExecutor.java:442)
	at com.kms.katalon.core.main.TestCaseExecutor.doExecute(TestCaseExecutor.java:433)
	at com.kms.katalon.core.main.TestCaseExecutor.processExecutionPhase(TestCaseExecutor.java:412)
	at com.kms.katalon.core.main.TestCaseExecutor.accessMainPhase(TestCaseExecutor.java:404)
	at com.kms.katalon.core.main.TestCaseExecutor.execute(TestCaseExecutor.java:281)
	at com.kms.katalon.core.main.TestSuiteExecutor.accessTestCaseMainPhase(TestSuiteExecutor.java:202)
	at com.kms.katalon.core.main.TestSuiteExecutor.accessTestSuiteMainPhase(TestSuiteExecutor.java:164)
	at com.kms.katalon.core.main.TestSuiteExecutor.execute(TestSuiteExecutor.java:105)
	at com.kms.katalon.core.main.TestCaseMain.startTestSuite(TestCaseMain.java:185)
	at com.kms.katalon.core.main.TestCaseMain$startTestSuite$0.call(Unknown Source)
	at TempTestSuite1669263414546.run(TempTestSuite1669263414546.groovy:36)


2022-11-24 11:18:41 - [TEST_STEP][PASSED] - markPassed("Variasi data ke : " + no): Variasi data ke : 9

2022-11-24 11:18:41 - [MESSAGE][PASSED] - Variasi data ke : 9

2022-11-24 11:18:41 - [TEST_STEP][PASSED] - req_data = sendRequest(findTestObject("Search_ME", ["MID":MID, "source":source, "ip":ip, "userid":userid, "branch":branch, "tipekons":tipekons, "marital":marital, "penjamin":penjamin, ... ])): Send request successfully

2022-11-24 11:18:42 - [MESSAGE][INFO] - HAR: D:\DMS\Engine Scoring\Reports\20221124_111654\Exclude KKB - DS - Married\Scoring Married - CS Used\20221124_111654\requests\main\16.har

2022-11-24 11:18:42 - [MESSAGE][PASSED] - Send request successfully

2022-11-24 11:18:42 - [TEST_STEP][PASSED] - slurper = new groovy.json.JsonSlurper(): null

2022-11-24 11:18:42 - [TEST_STEP][PASSED] - result = slurper.parseText(req_data.getResponseBodyContent()): null

2022-11-24 11:18:42 - [TEST_STEP][PASSED] - reqid_kons = requestid1: null

2022-11-24 11:18:42 - [TEST_STEP][PASSED] - reqid_spouse = requestid2: null

2022-11-24 11:18:42 - [TEST_STEP][PASSED] - println("requestid kons : " + reqid_kons): null

2022-11-24 11:18:42 - [TEST_STEP][PASSED] - response_searchME_kons = reqid_kons: null

2022-11-24 11:18:42 - [TEST_STEP][PASSED] - response_searchME_spouse = reqid_spouse: null

2022-11-24 11:18:42 - [TEST_STEP][PASSED] - println("kons req id is :" + response_searchME_kons): null

2022-11-24 11:18:42 - [TEST_STEP][PASSED] - println("spouse req id is : " + response_searchME_spouse): null

2022-11-24 11:18:42 - [TEST_STEP][PASSED] - verifyResponseStatusCode(req_data, 200): Verify response status code successfully

2022-11-24 11:18:42 - [MESSAGE][PASSED] - Verify response status code successfully

2022-11-24 11:18:42 - [TEST_STEP][PASSED] - response = req_data.getResponseText(): null

2022-11-24 11:18:42 - [TEST_STEP][PASSED] - logInfo($response): {"status":"Done","data":{"requestid1":"252421","requestid2":"252422"}}

2022-11-24 11:18:42 - [MESSAGE][INFO] - {"status":"Done","data":{"requestid1":"252421","requestid2":"252422"}}

2022-11-24 11:18:42 - [TEST_STEP][PASSED] - delay(10): Delayed 10 second(s)

2022-11-24 11:18:52 - [MESSAGE][PASSED] - Delayed 10 second(s)

2022-11-24 11:18:52 - [TEST_STEP][PASSED] - scoring = sendRequest(findTestObject("EngineScore", ["response_searchME_kons":response_searchME_kons, "response_searchME_spouse":response_searchME_spouse])): Send request successfully

2022-11-24 11:18:52 - [MESSAGE][INFO] - HAR: D:\DMS\Engine Scoring\Reports\20221124_111654\Exclude KKB - DS - Married\Scoring Married - CS Used\20221124_111654\requests\main\17.har

2022-11-24 11:18:52 - [MESSAGE][PASSED] - Send request successfully

2022-11-24 11:18:52 - [TEST_STEP][PASSED] - verifyResponseStatusCode(scoring, 200): Verify response status code successfully

2022-11-24 11:18:52 - [MESSAGE][PASSED] - Verify response status code successfully

2022-11-24 11:18:52 - [TEST_STEP][PASSED] - response2 = scoring.getResponseText(): null

2022-11-24 11:18:52 - [TEST_STEP][PASSED] - markPassed("result service data ke : " + no): result service data ke : 9

2022-11-24 11:18:52 - [MESSAGE][PASSED] - result service data ke : 9

2022-11-24 11:18:52 - [TEST_STEP][PASSED] - logInfo($response2): {"result_konsumen":"","result_pasangan":"","Final_result":"","errorMessage":"","status":"InProgress"}

2022-11-24 11:18:52 - [MESSAGE][INFO] - {"result_konsumen":"","result_pasangan":"","Final_result":"","errorMessage":"","status":"InProgress"}

2022-11-24 11:18:52 - [TEST_STEP][FAILED] - verifyElementPropertyValue(scoring, "Final_result", final_result): Unable to verify element property value (Root cause: com.kms.katalon.core.exception.StepFailedException: Expected element property value 'Reguler' is not equal with actual property value ''
	at com.kms.katalon.core.keyword.internal.KeywordMain.stepFailed(KeywordMain.groovy:50)
	at com.kms.katalon.core.webservice.keyword.builtin.VerifyElementPropertyValueKeyword$_verifyElementPropertyValue_closure1.doCall(VerifyElementPropertyValueKeyword.groovy:56)
	at com.kms.katalon.core.webservice.keyword.builtin.VerifyElementPropertyValueKeyword$_verifyElementPropertyValue_closure1.call(VerifyElementPropertyValueKeyword.groovy)
	at com.kms.katalon.core.keyword.internal.KeywordMain.runKeyword(KeywordMain.groovy:74)
	at com.kms.katalon.core.webservice.keyword.builtin.VerifyElementPropertyValueKeyword.verifyElementPropertyValue(VerifyElementPropertyValueKeyword.groovy:48)
	at com.kms.katalon.core.webservice.keyword.builtin.VerifyElementPropertyValueKeyword.execute(VerifyElementPropertyValueKeyword.groovy:43)
	at com.kms.katalon.core.keyword.internal.KeywordExecutor.executeKeywordForPlatform(KeywordExecutor.groovy:74)
	at com.kms.katalon.core.webservice.keyword.WSBuiltInKeywords.verifyElementPropertyValue(WSBuiltInKeywords.groovy:189)
	at com.kms.katalon.core.webservice.keyword.WSBuiltInKeywords$verifyElementPropertyValue$1.call(Unknown Source)
	at Engine Scoring.run(Engine Scoring:107)
	at com.kms.katalon.core.main.ScriptEngine.run(ScriptEngine.java:194)
	at com.kms.katalon.core.main.ScriptEngine.runScriptAsRawText(ScriptEngine.java:119)
	at com.kms.katalon.core.main.TestCaseExecutor.runScript(TestCaseExecutor.java:442)
	at com.kms.katalon.core.main.TestCaseExecutor.doExecute(TestCaseExecutor.java:433)
	at com.kms.katalon.core.main.TestCaseExecutor.processExecutionPhase(TestCaseExecutor.java:412)
	at com.kms.katalon.core.main.TestCaseExecutor.accessMainPhase(TestCaseExecutor.java:404)
	at com.kms.katalon.core.main.TestCaseExecutor.execute(TestCaseExecutor.java:281)
	at com.kms.katalon.core.main.TestSuiteExecutor.accessTestCaseMainPhase(TestSuiteExecutor.java:202)
	at com.kms.katalon.core.main.TestSuiteExecutor.accessTestSuiteMainPhase(TestSuiteExecutor.java:164)
	at com.kms.katalon.core.main.TestSuiteExecutor.execute(TestSuiteExecutor.java:105)
	at com.kms.katalon.core.main.TestCaseMain.startTestSuite(TestCaseMain.java:185)
	at com.kms.katalon.core.main.TestCaseMain$startTestSuite$0.call(Unknown Source)
	at TempTestSuite1669263414546.run(TempTestSuite1669263414546.groovy:36)
)

2022-11-24 11:18:52 - [MESSAGE][FAILED] - Expected element property value 'Reguler' is not equal with actual property value ''

2022-11-24 11:18:52 - [MESSAGE][FAILED] - Unable to verify element property value (Root cause: com.kms.katalon.core.exception.StepFailedException: Expected element property value 'Reguler' is not equal with actual property value ''
	at com.kms.katalon.core.keyword.internal.KeywordMain.stepFailed(KeywordMain.groovy:50)
	at com.kms.katalon.core.webservice.keyword.builtin.VerifyElementPropertyValueKeyword$_verifyElementPropertyValue_closure1.doCall(VerifyElementPropertyValueKeyword.groovy:56)
	at com.kms.katalon.core.webservice.keyword.builtin.VerifyElementPropertyValueKeyword$_verifyElementPropertyValue_closure1.call(VerifyElementPropertyValueKeyword.groovy)
	at com.kms.katalon.core.keyword.internal.KeywordMain.runKeyword(KeywordMain.groovy:74)
	at com.kms.katalon.core.webservice.keyword.builtin.VerifyElementPropertyValueKeyword.verifyElementPropertyValue(VerifyElementPropertyValueKeyword.groovy:48)
	at com.kms.katalon.core.webservice.keyword.builtin.VerifyElementPropertyValueKeyword.execute(VerifyElementPropertyValueKeyword.groovy:43)
	at com.kms.katalon.core.keyword.internal.KeywordExecutor.executeKeywordForPlatform(KeywordExecutor.groovy:74)
	at com.kms.katalon.core.webservice.keyword.WSBuiltInKeywords.verifyElementPropertyValue(WSBuiltInKeywords.groovy:189)
	at com.kms.katalon.core.webservice.keyword.WSBuiltInKeywords$verifyElementPropertyValue$1.call(Unknown Source)
	at Engine Scoring.run(Engine Scoring:107)
	at com.kms.katalon.core.main.ScriptEngine.run(ScriptEngine.java:194)
	at com.kms.katalon.core.main.ScriptEngine.runScriptAsRawText(ScriptEngine.java:119)
	at com.kms.katalon.core.main.TestCaseExecutor.runScript(TestCaseExecutor.java:442)
	at com.kms.katalon.core.main.TestCaseExecutor.doExecute(TestCaseExecutor.java:433)
	at com.kms.katalon.core.main.TestCaseExecutor.processExecutionPhase(TestCaseExecutor.java:412)
	at com.kms.katalon.core.main.TestCaseExecutor.accessMainPhase(TestCaseExecutor.java:404)
	at com.kms.katalon.core.main.TestCaseExecutor.execute(TestCaseExecutor.java:281)
	at com.kms.katalon.core.main.TestSuiteExecutor.accessTestCaseMainPhase(TestSuiteExecutor.java:202)
	at com.kms.katalon.core.main.TestSuiteExecutor.accessTestSuiteMainPhase(TestSuiteExecutor.java:164)
	at com.kms.katalon.core.main.TestSuiteExecutor.execute(TestSuiteExecutor.java:105)
	at com.kms.katalon.core.main.TestCaseMain.startTestSuite(TestCaseMain.java:185)
	at com.kms.katalon.core.main.TestCaseMain$startTestSuite$0.call(Unknown Source)
	at TempTestSuite1669263414546.run(TempTestSuite1669263414546.groovy:36)
)]]></system-out>
         <system-err><![CDATA[2022-11-24 11:18:40 - [TEST_CASE][FAILED] - Test Cases/Engine_Scoring/Engine Scoring: Test Cases/Engine_Scoring/Engine Scoring FAILED.
Reason:
com.kms.katalon.core.exception.StepFailedException: Expected element property value 'Reguler' is not equal with actual property value ''
	at com.kms.katalon.core.keyword.internal.KeywordMain.stepFailed(KeywordMain.groovy:50)
	at com.kms.katalon.core.webservice.keyword.builtin.VerifyElementPropertyValueKeyword$_verifyElementPropertyValue_closure1.doCall(VerifyElementPropertyValueKeyword.groovy:56)
	at com.kms.katalon.core.webservice.keyword.builtin.VerifyElementPropertyValueKeyword$_verifyElementPropertyValue_closure1.call(VerifyElementPropertyValueKeyword.groovy)
	at com.kms.katalon.core.keyword.internal.KeywordMain.runKeyword(KeywordMain.groovy:74)
	at com.kms.katalon.core.webservice.keyword.builtin.VerifyElementPropertyValueKeyword.verifyElementPropertyValue(VerifyElementPropertyValueKeyword.groovy:48)
	at com.kms.katalon.core.webservice.keyword.builtin.VerifyElementPropertyValueKeyword.execute(VerifyElementPropertyValueKeyword.groovy:43)
	at com.kms.katalon.core.keyword.internal.KeywordExecutor.executeKeywordForPlatform(KeywordExecutor.groovy:74)
	at com.kms.katalon.core.webservice.keyword.WSBuiltInKeywords.verifyElementPropertyValue(WSBuiltInKeywords.groovy:189)
	at com.kms.katalon.core.webservice.keyword.WSBuiltInKeywords$verifyElementPropertyValue$1.call(Unknown Source)
	at Engine Scoring.run(Engine Scoring:107)
	at com.kms.katalon.core.main.ScriptEngine.run(ScriptEngine.java:194)
	at com.kms.katalon.core.main.ScriptEngine.runScriptAsRawText(ScriptEngine.java:119)
	at com.kms.katalon.core.main.TestCaseExecutor.runScript(TestCaseExecutor.java:442)
	at com.kms.katalon.core.main.TestCaseExecutor.doExecute(TestCaseExecutor.java:433)
	at com.kms.katalon.core.main.TestCaseExecutor.processExecutionPhase(TestCaseExecutor.java:412)
	at com.kms.katalon.core.main.TestCaseExecutor.accessMainPhase(TestCaseExecutor.java:404)
	at com.kms.katalon.core.main.TestCaseExecutor.execute(TestCaseExecutor.java:281)
	at com.kms.katalon.core.main.TestSuiteExecutor.accessTestCaseMainPhase(TestSuiteExecutor.java:202)
	at com.kms.katalon.core.main.TestSuiteExecutor.accessTestSuiteMainPhase(TestSuiteExecutor.java:164)
	at com.kms.katalon.core.main.TestSuiteExecutor.execute(TestSuiteExecutor.java:105)
	at com.kms.katalon.core.main.TestCaseMain.startTestSuite(TestCaseMain.java:185)
	at com.kms.katalon.core.main.TestCaseMain$startTestSuite$0.call(Unknown Source)
	at TempTestSuite1669263414546.run(TempTestSuite1669263414546.groovy:36)]]></system-err>
      </testcase>
      <testcase name="Test Cases/Engine_Scoring/Engine Scoring" time="11.737" classname="Test Cases/Engine_Scoring/Engine Scoring" status="FAILED">
         <failure type="FAILED" message="Test Cases/Engine_Scoring/Engine Scoring FAILED.
Reason:
com.kms.katalon.core.exception.StepFailedException: Expected element property value 'Reject' is not equal with actual property value ''
	at com.kms.katalon.core.keyword.internal.KeywordMain.stepFailed(KeywordMain.groovy:50)
	at com.kms.katalon.core.webservice.keyword.builtin.VerifyElementPropertyValueKeyword$_verifyElementPropertyValue_closure1.doCall(VerifyElementPropertyValueKeyword.groovy:56)
	at com.kms.katalon.core.webservice.keyword.builtin.VerifyElementPropertyValueKeyword$_verifyElementPropertyValue_closure1.call(VerifyElementPropertyValueKeyword.groovy)
	at com.kms.katalon.core.keyword.internal.KeywordMain.runKeyword(KeywordMain.groovy:74)
	at com.kms.katalon.core.webservice.keyword.builtin.VerifyElementPropertyValueKeyword.verifyElementPropertyValue(VerifyElementPropertyValueKeyword.groovy:48)
	at com.kms.katalon.core.webservice.keyword.builtin.VerifyElementPropertyValueKeyword.execute(VerifyElementPropertyValueKeyword.groovy:43)
	at com.kms.katalon.core.keyword.internal.KeywordExecutor.executeKeywordForPlatform(KeywordExecutor.groovy:74)
	at com.kms.katalon.core.webservice.keyword.WSBuiltInKeywords.verifyElementPropertyValue(WSBuiltInKeywords.groovy:189)
	at com.kms.katalon.core.webservice.keyword.WSBuiltInKeywords$verifyElementPropertyValue$1.call(Unknown Source)
	at Engine Scoring.run(Engine Scoring:107)
	at com.kms.katalon.core.main.ScriptEngine.run(ScriptEngine.java:194)
	at com.kms.katalon.core.main.ScriptEngine.runScriptAsRawText(ScriptEngine.java:119)
	at com.kms.katalon.core.main.TestCaseExecutor.runScript(TestCaseExecutor.java:442)
	at com.kms.katalon.core.main.TestCaseExecutor.doExecute(TestCaseExecutor.java:433)
	at com.kms.katalon.core.main.TestCaseExecutor.processExecutionPhase(TestCaseExecutor.java:412)
	at com.kms.katalon.core.main.TestCaseExecutor.accessMainPhase(TestCaseExecutor.java:404)
	at com.kms.katalon.core.main.TestCaseExecutor.execute(TestCaseExecutor.java:281)
	at com.kms.katalon.core.main.TestSuiteExecutor.accessTestCaseMainPhase(TestSuiteExecutor.java:202)
	at com.kms.katalon.core.main.TestSuiteExecutor.accessTestSuiteMainPhase(TestSuiteExecutor.java:164)
	at com.kms.katalon.core.main.TestSuiteExecutor.execute(TestSuiteExecutor.java:105)
	at com.kms.katalon.core.main.TestCaseMain.startTestSuite(TestCaseMain.java:185)
	at com.kms.katalon.core.main.TestCaseMain$startTestSuite$0.call(Unknown Source)
	at TempTestSuite1669263414546.run(TempTestSuite1669263414546.groovy:36)
"/>
         <system-out><![CDATA[2022-11-24 11:18:52 - [TEST_CASE][FAILED] - Test Cases/Engine_Scoring/Engine Scoring: Test Cases/Engine_Scoring/Engine Scoring FAILED.
Reason:
com.kms.katalon.core.exception.StepFailedException: Expected element property value 'Reject' is not equal with actual property value ''
	at com.kms.katalon.core.keyword.internal.KeywordMain.stepFailed(KeywordMain.groovy:50)
	at com.kms.katalon.core.webservice.keyword.builtin.VerifyElementPropertyValueKeyword$_verifyElementPropertyValue_closure1.doCall(VerifyElementPropertyValueKeyword.groovy:56)
	at com.kms.katalon.core.webservice.keyword.builtin.VerifyElementPropertyValueKeyword$_verifyElementPropertyValue_closure1.call(VerifyElementPropertyValueKeyword.groovy)
	at com.kms.katalon.core.keyword.internal.KeywordMain.runKeyword(KeywordMain.groovy:74)
[...]
	at com.kms.katalon.core.main.TestCaseExecutor.execute(TestCaseExecutor.java:281)
	at com.kms.katalon.core.main.TestSuiteExecutor.accessTestCaseMainPhase(TestSuiteExecutor.java:202)
	at com.kms.katalon.core.main.TestSuiteExecutor.accessTestSuiteMainPhase(TestSuiteExecutor.java:164)
	at com.kms.katalon.core.main.TestSuiteExecutor.execute(TestSuiteExecutor.java:105)
	at com.kms.katalon.core.main.TestCaseMain.startTestSuite(TestCaseMain.java:185)
	at com.kms.katalon.core.main.TestCaseMain$startTestSuite$0.call(Unknown Source)
	at TempTestSuite1669263414546.run(TempTestSuite1669263414546.groovy:36)
"/>
         <system-out><![CDATA[2022-11-24 11:25:43 - [TEST_CASE][FAILED] - Test Cases/Engine_Scoring/Engine Scoring: Test Cases/Engine_Scoring/Engine Scoring FAILED.
Reason:
com.kms.katalon.core.exception.StepFailedException: Expected element property value 'Approve' is not equal with actual property value ''
	at com.kms.katalon.core.keyword.internal.KeywordMain.stepFailed(KeywordMain.groovy:50)
	at com.kms.katalon.core.webservice.keyword.builtin.VerifyElementPropertyValueKeyword$_verifyElementPropertyValue_closure1.doCall(VerifyElementPropertyValueKeyword.groovy:56)
	at com.kms.katalon.core.webservice.keyword.builtin.VerifyElementPropertyValueKeyword$_verifyElementPropertyValue_closure1.call(VerifyElementPropertyValueKeyword.groovy)
	at com.kms.katalon.core.keyword.internal.KeywordMain.runKeyword(KeywordMain.groovy:74)
	at com.kms.katalon.core.webservice.keyword.builtin.VerifyElementPropertyValueKeyword.verifyElementPropertyValue(VerifyElementPropertyValueKeyword.groovy:48)
	at com.kms.katalon.core.webservice.keyword.builtin.VerifyElementPropertyValueKeyword.execute(VerifyElementPropertyValueKeyword.groovy:43)
	at com.kms.katalon.core.keyword.internal.KeywordExecutor.executeKeywordForPlatform(KeywordExecutor.groovy:74)
	at com.kms.katalon.core.webservice.keyword.WSBuiltInKeywords.verifyElementPropertyValue(WSBuiltInKeywords.groovy:189)
	at com.kms.katalon.core.webservice.keyword.WSBuiltInKeywords$verifyElementPropertyValue$1.call(Unknown Source)
	at Engine Scoring.run(Engine Scoring:107)
	at com.kms.katalon.core.main.ScriptEngine.run(ScriptEngine.java:194)
	at com.kms.katalon.core.main.ScriptEngine.runScriptAsRawText(ScriptEngine.java:119)
	at com.kms.katalon.core.main.TestCaseExecutor.runScript(TestCaseExecutor.java:442)
	at com.kms.katalon.core.main.TestCaseExecutor.doExecute(TestCaseExecutor.java:433)
	at com.kms.katalon.core.main.TestCaseExecutor.processExecutionPhase(TestCaseExecutor.java:412)
	at com.kms.katalon.core.main.TestCaseExecutor.accessMainPhase(TestCaseExecutor.java:404)
	at com.kms.katalon.core.main.TestCaseExecutor.execute(TestCaseExecutor.java:281)
	at com.kms.katalon.core.main.TestSuiteExecutor.accessTestCaseMainPhase(TestSuiteExecutor.java:202)
	at com.kms.katalon.core.main.TestSuiteExecutor.accessTestSuiteMainPhase(TestSuiteExecutor.java:164)
	at com.kms.katalon.core.main.TestSuiteExecutor.execute(TestSuiteExecutor.java:105)
	at com.kms.katalon.core.main.TestCaseMain.startTestSuite(TestCaseMain.java:185)
	at com.kms.katalon.core.main.TestCaseMain$startTestSuite$0.call(Unknown Source)
	at TempTestSuite1669263414546.run(TempTestSuite1669263414546.groovy:36)


2022-11-24 11:25:43 - [TEST_STEP][PASSED] - markPassed("Variasi data ke : " + no): Variasi data ke : 45

2022-11-24 11:25:43 - [MESSAGE][PASSED] - Variasi data ke : 45

2022-11-24 11:25:43 - [TEST_STEP][PASSED] - req_data = sendRequest(findTestObject("Search_ME", ["MID":MID, "source":source, "ip":ip, "userid":userid, "branch":branch, "tipekons":tipekons, "marital":marital, "penjamin":penjamin, ... ])): Send request successfully

2022-11-24 11:25:44 - [MESSAGE][INFO] - HAR: D:\DMS\Engine Scoring\Reports\20221124_111654\Exclude KKB - DS - Married\Scoring Married - CS Used\20221124_111654\requests\main\88.har

2022-11-24 11:25:44 - [MESSAGE][PASSED] - Send request successfully

2022-11-24 11:25:44 - [TEST_STEP][PASSED] - slurper = new groovy.json.JsonSlurper(): null

2022-11-24 11:25:44 - [TEST_STEP][PASSED] - result = slurper.parseText(req_data.getResponseBodyContent()): null

2022-11-24 11:25:44 - [TEST_STEP][PASSED] - reqid_kons = requestid1: null

2022-11-24 11:25:44 - [TEST_STEP][PASSED] - reqid_spouse = requestid2: null

2022-11-24 11:25:44 - [TEST_STEP][PASSED] - println("requestid kons : " + reqid_kons): null

2022-11-24 11:25:44 - [TEST_STEP][PASSED] - response_searchME_kons = reqid_kons: null

2022-11-24 11:25:44 - [TEST_STEP][PASSED] - response_searchME_spouse = reqid_spouse: null

2022-11-24 11:25:44 - [TEST_STEP][PASSED] - println("kons req id is :" + response_searchME_kons): null

2022-11-24 11:25:44 - [TEST_STEP][PASSED] - println("spouse req id is : " + response_searchME_spouse): null

2022-11-24 11:25:44 - [TEST_STEP][PASSED] - verifyResponseStatusCode(req_data, 200): Verify response status code successfully

2022-11-24 11:25:44 - [MESSAGE][PASSED] - Verify response status code successfully

2022-11-24 11:25:44 - [TEST_STEP][PASSED] - response = req_data.getResponseText(): null

2022-11-24 11:25:44 - [TEST_STEP][PASSED] - logInfo($response): {"status":"Done","data":{"requestid1":"252493","requestid2":"252494"}}

2022-11-24 11:25:44 - [MESSAGE][INFO] - {"status":"Done","data":{"requestid1":"252493","requestid2":"252494"}}

2022-11-24 11:25:44 - [TEST_STEP][PASSED] - delay(10): Delayed 10 second(s)

2022-11-24 11:25:54 - [MESSAGE][PASSED] - Delayed 10 second(s)

2022-11-24 11:25:54 - [TEST_STEP][PASSED] - scoring = sendRequest(findTestObject("EngineScore", ["response_searchME_kons":response_searchME_kons, "response_searchME_spouse":response_searchME_spouse])): Send request successfully

2022-11-24 11:25:54 - [MESSAGE][INFO] - HAR: D:\DMS\Engine Scoring\Reports\20221124_111654\Exclude KKB - DS - Married\Scoring Married - CS Used\20221124_111654\requests\main\89.har

2022-11-24 11:25:54 - [MESSAGE][PASSED] - Send request successfully

2022-11-24 11:25:54 - [TEST_STEP][PASSED] - verifyResponseStatusCode(scoring, 200): Verify response status code successfully

2022-11-24 11:25:54 - [MESSAGE][PASSED] - Verify response status code successfully

2022-11-24 11:25:54 - [TEST_STEP][PASSED] - response2 = scoring.getResponseText(): null

2022-11-24 11:25:54 - [TEST_STEP][PASSED] - markPassed("result service data ke : " + no): result service data ke : 45

2022-11-24 11:25:54 - [MESSAGE][PASSED] - result service data ke : 45

2022-11-24 11:25:54 - [TEST_STEP][PASSED] - logInfo($response2): {"result_konsumen":"","result_pasangan":"","Final_result":"","errorMessage":"","status":"InProgress"}

2022-11-24 11:25:54 - [MESSAGE][INFO] - {"result_konsumen":"","result_pasangan":"","Final_result":"","errorMessage":"","status":"InProgress"}

2022-11-24 11:25:54 - [TEST_STEP][FAILED] - verifyElementPropertyValue(scoring, "Final_result", final_result): Unable to verify element property value (Root cause: com.kms.katalon.core.exception.StepFailedException: Expected element property value 'Approve' is not equal with actual property value ''
	at com.kms.katalon.core.keyword.internal.KeywordMain.stepFailed(KeywordMain.groovy:50)
	at com.kms.katalon.core.webservice.keyword.builtin.VerifyElementPropertyValueKeyword$_verifyElementPropertyValue_closure1.doCall(VerifyElementPropertyValueKeyword.groovy:56)
	at com.kms.katalon.core.webservice.keyword.builtin.VerifyElementPropertyValueKeyword$_verifyElementPropertyValue_closure1.call(VerifyElementPropertyValueKeyword.groovy)
	at com.kms.katalon.core.keyword.internal.KeywordMain.runKeyword(KeywordMain.groovy:74)
	at com.kms.katalon.core.webservice.keyword.builtin.VerifyElementPropertyValueKeyword.verifyElementPropertyValue(VerifyElementPropertyValueKeyword.groovy:48)
	at com.kms.katalon.core.webservice.keyword.builtin.VerifyElementPropertyValueKeyword.execute(VerifyElementPropertyValueKeyword.groovy:43)
	at com.kms.katalon.core.keyword.internal.KeywordExecutor.executeKeywordForPlatform(KeywordExecutor.groovy:74)
	at com.kms.katalon.core.webservice.keyword.WSBuiltInKeywords.verifyElementPropertyValue(WSBuiltInKeywords.groovy:189)
	at com.kms.katalon.core.webservice.keyword.WSBuiltInKeywords$verifyElementPropertyValue$1.call(Unknown Source)
	at Engine Scoring.run(Engine Scoring:107)
	at com.kms.katalon.core.main.ScriptEngine.run(ScriptEngine.java:194)
	at com.kms.katalon.core.main.ScriptEngine.runScriptAsRawText(ScriptEngine.java:119)
	at com.kms.katalon.core.main.TestCaseExecutor.runScript(TestCaseExecutor.java:442)
	at com.kms.katalon.core.main.TestCaseExecutor.doExecute(TestCaseExecutor.java:433)
	at com.kms.katalon.core.main.TestCaseExecutor.processExecutionPhase(TestCaseExecutor.java:412)
	at com.kms.katalon.core.main.TestCaseExecutor.accessMainPhase(TestCaseExecutor.java:404)
	at com.kms.katalon.core.main.TestCaseExecutor.execute(TestCaseExecutor.java:281)
	at com.kms.katalon.core.main.TestSuiteExecutor.accessTestCaseMainPhase(TestSuiteExecutor.java:202)
	at com.kms.katalon.core.main.TestSuiteExecutor.accessTestSuiteMainPhase(TestSuiteExecutor.java:164)
	at com.kms.katalon.core.main.TestSuiteExecutor.execute(TestSuiteExecutor.java:105)
	at com.kms.katalon.core.main.TestCaseMain.startTestSuite(TestCaseMain.java:185)
	at com.kms.katalon.core.main.TestCaseMain$startTestSuite$0.call(Unknown Source)
	at TempTestSuite1669263414546.run(TempTestSuite1669263414546.groovy:36)
)

2022-11-24 11:25:54 - [MESSAGE][FAILED] - Expected element property value 'Approve' is not equal with actual property value ''

2022-11-24 11:25:54 - [MESSAGE][FAILED] - Unable to verify element property value (Root cause: com.kms.katalon.core.exception.StepFailedException: Expected element property value 'Approve' is not equal with actual property value ''
	at com.kms.katalon.core.keyword.internal.KeywordMain.stepFailed(KeywordMain.groovy:50)
	at com.kms.katalon.core.webservice.keyword.builtin.VerifyElementPropertyValueKeyword$_verifyElementPropertyValue_closure1.doCall(VerifyElementPropertyValueKeyword.groovy:56)
	at com.kms.katalon.core.webservice.keyword.builtin.VerifyElementPropertyValueKeyword$_verifyElementPropertyValue_closure1.call(VerifyElementPropertyValueKeyword.groovy)
	at com.kms.katalon.core.keyword.internal.KeywordMain.runKeyword(KeywordMain.groovy:74)
	at com.kms.katalon.core.webservice.keyword.builtin.VerifyElementPropertyValueKeyword.verifyElementPropertyValue(VerifyElementPropertyValueKeyword.groovy:48)
	at com.kms.katalon.core.webservice.keyword.builtin.VerifyElementPropertyValueKeyword.execute(VerifyElementPropertyValueKeyword.groovy:43)
	at com.kms.katalon.core.keyword.internal.KeywordExecutor.executeKeywordForPlatform(KeywordExecutor.groovy:74)
	at com.kms.katalon.core.webservice.keyword.WSBuiltInKeywords.verifyElementPropertyValue(WSBuiltInKeywords.groovy:189)
	at com.kms.katalon.core.webservice.keyword.WSBuiltInKeywords$verifyElementPropertyValue$1.call(Unknown Source)
	at Engine Scoring.run(Engine Scoring:107)
	at com.kms.katalon.core.main.ScriptEngine.run(ScriptEngine.java:194)
	at com.kms.katalon.core.main.ScriptEngine.runScriptAsRawText(ScriptEngine.java:119)
	at com.kms.katalon.core.main.TestCaseExecutor.runScript(TestCaseExecutor.java:442)
	at com.kms.katalon.core.main.TestCaseExecutor.doExecute(TestCaseExecutor.java:433)
	at com.kms.katalon.core.main.TestCaseExecutor.processExecutionPhase(TestCaseExecutor.java:412)
	at com.kms.katalon.core.main.TestCaseExecutor.accessMainPhase(TestCaseExecutor.java:404)
	at com.kms.katalon.core.main.TestCaseExecutor.execute(TestCaseExecutor.java:281)
	at com.kms.katalon.core.main.TestSuiteExecutor.accessTestCaseMainPhase(TestSuiteExecutor.java:202)
	at com.kms.katalon.core.main.TestSuiteExecutor.accessTestSuiteMainPhase(TestSuiteExecutor.java:164)
	at com.kms.katalon.core.main.TestSuiteExecutor.execute(TestSuiteExecutor.java:105)
	at com.kms.katalon.core.main.TestCaseMain.startTestSuite(TestCaseMain.java:185)
	at com.kms.katalon.core.main.TestCaseMain$startTestSuite$0.call(Unknown Source)
	at TempTestSuite1669263414546.run(TempTestSuite1669263414546.groovy:36)
)]]></system-out>
         <system-err><![CDATA[2022-11-24 11:25:43 - [TEST_CASE][FAILED] - Test Cases/Engine_Scoring/Engine Scoring: Test Cases/Engine_Scoring/Engine Scoring FAILED.
Reason:
com.kms.katalon.core.exception.StepFailedException: Expected element property value 'Approve' is not equal with actual property value ''
	at com.kms.katalon.core.keyword.internal.KeywordMain.stepFailed(KeywordMain.groovy:50)
	at com.kms.katalon.core.webservice.keyword.builtin.VerifyElementPropertyValueKeyword$_verifyElementPropertyValue_closure1.doCall(VerifyElementPropertyValueKeyword.groovy:56)
	at com.kms.katalon.core.webservice.keyword.builtin.VerifyElementPropertyValueKeyword$_verifyElementPropertyValue_closure1.call(VerifyElementPropertyValueKeyword.groovy)
	at com.kms.katalon.core.keyword.internal.KeywordMain.runKeyword(KeywordMain.groovy:74)
	at com.kms.katalon.core.webservice.keyword.builtin.VerifyElementPropertyValueKeyword.verifyElementPropertyValue(VerifyElementPropertyValueKeyword.groovy:48)
	at com.kms.katalon.core.webservice.keyword.builtin.VerifyElementPropertyValueKeyword.execute(VerifyElementPropertyValueKeyword.groovy:43)
	at com.kms.katalon.core.keyword.internal.KeywordExecutor.executeKeywordForPlatform(KeywordExecutor.groovy:74)
	at com.kms.katalon.core.webservice.keyword.WSBuiltInKeywords.verifyElementPropertyValue(WSBuiltInKeywords.groovy:189)
	at com.kms.katalon.core.webservice.keyword.WSBuiltInKeywords$verifyElementPropertyValue$1.call(Unknown Source)
	at Engine Scoring.run(Engine Scoring:107)
	at com.kms.katalon.core.main.ScriptEngine.run(ScriptEngine.java:194)
	at com.kms.katalon.core.main.ScriptEngine.runScriptAsRawText(ScriptEngine.java:119)
	at com.kms.katalon.core.main.TestCaseExecutor.runScript(TestCaseExecutor.java:442)
	at com.kms.katalon.core.main.TestCaseExecutor.doExecute(TestCaseExecutor.java:433)
	at com.kms.katalon.core.main.TestCaseExecutor.processExecutionPhase(TestCaseExecutor.java:412)
	at com.kms.katalon.core.main.TestCaseExecutor.accessMainPhase(TestCaseExecutor.java:404)
	at com.kms.katalon.core.main.TestCaseExecutor.execute(TestCaseExecutor.java:281)
	at com.kms.katalon.core.main.TestSuiteExecutor.accessTestCaseMainPhase(TestSuiteExecutor.java:202)
	at com.kms.katalon.core.main.TestSuiteExecutor.accessTestSuiteMainPhase(TestSuiteExecutor.java:164)
	at com.kms.katalon.core.main.TestSuiteExecutor.execute(TestSuiteExecutor.java:105)
	at com.kms.katalon.core.main.TestCaseMain.startTestSuite(TestCaseMain.java:185)
	at com.kms.katalon.core.main.TestCaseMain$startTestSuite$0.call(Unknown Source)
	at TempTestSuite1669263414546.run(TempTestSuite1669263414546.groovy:36)]]></system-err>
      </testcase>
      <system-out><![CDATA[2022-11-24 11:17:00 - [TEST_SUITE][FAILED] - Scoring Married - CS Used: Test Cases/Engine_Scoring/Engine Scoring FAILED.
Reason:
com.kms.katalon.core.exception.StepFailedException: Expected element property value 'Reject' is not equal with actual property value ''
	at com.kms.katalon.core.keyword.internal.KeywordMain.stepFailed(KeywordMain.groovy:50)
	at com.kms.katalon.core.webservice.keyword.builtin.VerifyElementPropertyValueKeyword$_verifyElementPropertyValue_closure1.doCall(VerifyElementPropertyValueKeyword.groovy:56)
	at com.kms.katalon.core.webservice.keyword.builtin.VerifyElementPropertyValueKeyword$_verifyElementPropertyValue_closure1.call(VerifyElementPropertyValueKeyword.groovy)
	at com.kms.katalon.core.keyword.internal.KeywordMain.runKeyword(KeywordMain.groovy:74)
	at com.kms.katalon.core.webservice.keyword.builtin.VerifyElementPropertyValueKeyword.verifyElementPropertyValue(VerifyElementPropertyValueKeyword.groovy:48)
	at com.kms.katalon.core.webservice.keyword.builtin.VerifyElementPropertyValueKeyword.execute(VerifyElementPropertyValueKeyword.groovy:43)
	at com.kms.katalon.core.keyword.internal.KeywordExecutor.executeKeywordForPlatform(KeywordExecutor.groovy:74)
	at com.kms.katalon.core.webservice.keyword.WSBuiltInKeywords.verifyElementPropertyValue(WSBuiltInKeywords.groovy:189)
	at com.kms.katalon.core.webservice.keyword.WSBuiltInKeywords$verifyElementPropertyValue$1.call(Unknown Source)
	at Engine Scoring.run(Engine Scoring:107)
	at com.kms.katalon.core.main.ScriptEngine.run(ScriptEngine.java:194)
	at com.kms.katalon.core.main.ScriptEngine.runScriptAsRawText(ScriptEngine.java:119)
	at com.kms.katalon.core.main.TestCaseExecutor.runScript(TestCaseExecutor.java:442)
	at com.kms.katalon.core.main.TestCaseExecutor.doExecute(TestCaseExecutor.java:433)
	at com.kms.katalon.core.main.TestCaseExecutor.processExecutionPhase(TestCaseExecutor.java:412)
	at com.kms.katalon.core.main.TestCaseExecutor.accessMainPhase(TestCaseExecutor.java:404)
	at com.kms.katalon.core.main.TestCaseExecutor.execute(TestCaseExecutor.java:281)
	at com.kms.katalon.core.main.TestSuiteExecutor.accessTestCaseMainPhase(TestSuiteExecutor.java:202)
	at com.kms.katalon.core.main.TestSuiteExecutor.accessTestSuiteMainPhase(TestSuiteExecutor.java:164)
	at com.kms.katalon.core.main.TestSuiteExecutor.execute(TestSuiteExecutor.java:105)
	at com.kms.katalon.core.main.TestCaseMain.startTestSuite(TestCaseMain.java:185)
	at com.kms.katalon.core.main.TestCaseMain$startTestSuite$0.call(Unknown Source)
	at TempTestSuite1669263414546.run(TempTestSuite1669263414546.groovy:36)]]></system-out>
      <system-err><![CDATA[2022-11-24 11:17:00 - [TEST_SUITE][FAILED] - Scoring Married - CS Used: Test Cases/Engine_Scoring/Engine Scoring FAILED.
Reason:
com.kms.katalon.core.exception.StepFailedException: Expected element property value 'Reject' is not equal with actual property value ''
	at com.kms.katalon.core.keyword.internal.KeywordMain.stepFailed(KeywordMain.groovy:50)
	at com.kms.katalon.core.webservice.keyword.builtin.VerifyElementPropertyValueKeyword$_verifyElementPropertyValue_closure1.doCall(VerifyElementPropertyValueKeyword.groovy:56)
	at com.kms.katalon.core.webservice.keyword.builtin.VerifyElementPropertyValueKeyword$_verifyElementPropertyValue_closure1.call(VerifyElementPropertyValueKeyword.groovy)
	at com.kms.katalon.core.keyword.internal.KeywordMain.runKeyword(KeywordMain.groovy:74)
	at com.kms.katalon.core.webservice.keyword.builtin.VerifyElementPropertyValueKeyword.verifyElementPropertyValue(VerifyElementPropertyValueKeyword.groovy:48)
	at com.kms.katalon.core.webservice.keyword.builtin.VerifyElementPropertyValueKeyword.execute(VerifyElementPropertyValueKeyword.groovy:43)
	at com.kms.katalon.core.keyword.internal.KeywordExecutor.executeKeywordForPlatform(KeywordExecutor.groovy:74)
	at com.kms.katalon.core.webservice.keyword.WSBuiltInKeywords.verifyElementPropertyValue(WSBuiltInKeywords.groovy:189)
	at com.kms.katalon.core.webservice.keyword.WSBuiltInKeywords$verifyElementPropertyValue$1.call(Unknown Source)
	at Engine Scoring.run(Engine Scoring:107)
	at com.kms.katalon.core.main.ScriptEngine.run(ScriptEngine.java:194)
	at com.kms.katalon.core.main.ScriptEngine.runScriptAsRawText(ScriptEngine.java:119)
	at com.kms.katalon.core.main.TestCaseExecutor.runScript(TestCaseExecutor.java:442)
	at com.kms.katalon.core.main.TestCaseExecutor.doExecute(TestCaseExecutor.java:433)
	at com.kms.katalon.core.main.TestCaseExecutor.processExecutionPhase(TestCaseExecutor.java:412)
	at com.kms.katalon.core.main.TestCaseExecutor.accessMainPhase(TestCaseExecutor.java:404)
	at com.kms.katalon.core.main.TestCaseExecutor.execute(TestCaseExecutor.java:281)
	at com.kms.katalon.core.main.TestSuiteExecutor.accessTestCaseMainPhase(TestSuiteExecutor.java:202)
	at com.kms.katalon.core.main.TestSuiteExecutor.accessTestSuiteMainPhase(TestSuiteExecutor.java:164)
	at com.kms.katalon.core.main.TestSuiteExecutor.execute(TestSuiteExecutor.java:105)
	at com.kms.katalon.core.main.TestCaseMain.startTestSuite(TestCaseMain.java:185)
	at com.kms.katalon.core.main.TestCaseMain$startTestSuite$0.call(Unknown Source)
	at TempTestSuite1669263414546.run(TempTestSuite1669263414546.groovy:36)]]></system-err>
   </testsuite>
</testsuites>
