<?xml version="1.0" encoding="UTF-8"?>
<testsuites name="Scoring Married - CS Used" time="257.349" tests="36" failures="0" errors="0">
   <testsuite name="Scoring Married - CS Used" tests="36" failures="0" errors="0" time="257.349" skipped="0" timestamp="2022-11-28 16:34:53" hostname="bcafmaster - WPI20220318001.bcaf.co.id" id="Test Suites/Exclude KKB - DS - Married/Scoring Married - CS Used">
      <properties>
         <property name="deviceName" value=""/>
         <property name="devicePlatform" value=""/>
         <property name="logFolder" value="D:\\DMS\\Engine Scoring\\Reports\\20221128_163438\\Exclude KKB - DS - Married\\Scoring Married - CS Used\\20221128_163438"/>
         <property name="logFiles" value="D:\\DMS\\Engine Scoring\\Reports\\20221128_163438\\Exclude KKB - DS - Married\\Scoring Married - CS Used\\20221128_163438\\execution0.log"/>
         <property name="attachments" value=""/>
         <property name="hostName" value="bcafmaster - WPI20220318001.bcaf.co.id"/>
         <property name="hostAddress" value="10.10.8.57"/>
         <property name="os" value="Windows 10 64bit"/>
         <property name="katalonVersion" value="8.2.5.208"/>
      </properties>
      <testcase name="Test Cases/Engine_Scoring/Engine Scoring" time="8.239" classname="Test Cases/Engine_Scoring/Engine Scoring" status="PASSED">
         <system-out><![CDATA[2022-11-28 16:34:53 - [TEST_CASE][PASSED] - Test Cases/Engine_Scoring/Engine Scoring: Test Cases/Engine_Scoring/Engine Scoring

2022-11-28 16:34:55 - [TEST_STEP][PASSED] - markPassed("Variasi data ke : " + no): Variasi data ke : 1

2022-11-28 16:34:55 - [MESSAGE][PASSED] - Variasi data ke : 1

2022-11-28 16:34:55 - [TEST_STEP][PASSED] - req_data = sendRequest(findTestObject("Search_ME", ["MID":MID, "source":source, "ip":ip, "userid":userid, "branch":branch, "tipekons":tipekons, "marital":marital, "penjamin":penjamin, ... ])): Send request successfully

2022-11-28 16:34:56 - [MESSAGE][INFO] - HAR: D:\DMS\Engine Scoring\Reports\20221128_163438\Exclude KKB - DS - Married\Scoring Married - CS Used\20221128_163438\requests\main\0.har

2022-11-28 16:34:56 - [MESSAGE][PASSED] - Send request successfully

2022-11-28 16:34:56 - [TEST_STEP][PASSED] - slurper = new groovy.json.JsonSlurper(): null

2022-11-28 16:34:56 - [TEST_STEP][PASSED] - result = slurper.parseText(req_data.getResponseBodyContent()): null

2022-11-28 16:34:56 - [TEST_STEP][PASSED] - reqid_kons = requestid1: null

2022-11-28 16:34:56 - [TEST_STEP][PASSED] - reqid_spouse = requestid2: null

2022-11-28 16:34:56 - [TEST_STEP][PASSED] - println("requestid kons : " + reqid_kons): null

2022-11-28 16:34:56 - [TEST_STEP][PASSED] - response_searchME_kons = reqid_kons: null

2022-11-28 16:34:56 - [TEST_STEP][PASSED] - response_searchME_spouse = reqid_spouse: null

2022-11-28 16:34:56 - [TEST_STEP][PASSED] - println("kons req id is :" + response_searchME_kons): null

2022-11-28 16:34:56 - [TEST_STEP][PASSED] - println("spouse req id is : " + response_searchME_spouse): null

2022-11-28 16:34:56 - [TEST_STEP][PASSED] - verifyResponseStatusCode(req_data, 200): Verify response status code successfully

2022-11-28 16:34:56 - [MESSAGE][PASSED] - Verify response status code successfully

2022-11-28 16:34:56 - [TEST_STEP][PASSED] - response = req_data.getResponseText(): null

2022-11-28 16:34:56 - [TEST_STEP][PASSED] - logInfo($response): {"status":"Done","data":{"requestid1":"256594","requestid2":"256595"}}

2022-11-28 16:34:56 - [MESSAGE][INFO] - {"status":"Done","data":{"requestid1":"256594","requestid2":"256595"}}

2022-11-28 16:34:56 - [TEST_STEP][PASSED] - delay(5): Delayed 5 second(s)

2022-11-28 16:35:01 - [MESSAGE][PASSED] - Delayed 5 second(s)

2022-11-28 16:35:01 - [TEST_STEP][PASSED] - scoring = sendRequest(findTestObject("EngineScore", ["response_searchME_kons":response_searchME_kons, "response_searchME_spouse":response_searchME_spouse])): Send request successfully

2022-11-28 16:35:01 - [MESSAGE][INFO] - HAR: D:\DMS\Engine Scoring\Reports\20221128_163438\Exclude KKB - DS - Married\Scoring Married - CS Used\20221128_163438\requests\main\1.har

2022-11-28 16:35:01 - [MESSAGE][PASSED] - Send request successfully

2022-11-28 16:35:01 - [TEST_STEP][PASSED] - verifyResponseStatusCode(scoring, 200): Verify response status code successfully

2022-11-28 16:35:01 - [MESSAGE][PASSED] - Verify response status code successfully

2022-11-28 16:35:01 - [TEST_STEP][PASSED] - response2 = scoring.getResponseText(): null

2022-11-28 16:35:01 - [TEST_STEP][PASSED] - markPassed("result service data ke : " + no): result service data ke : 1

2022-11-28 16:35:01 - [MESSAGE][PASSED] - result service data ke : 1

2022-11-28 16:35:01 - [TEST_STEP][PASSED] - logInfo($response2): {"result_konsumen":"Reguler","result_pasangan":"Approve","Final_result":"Reguler","errorMessage":"","status":"Done"}

2022-11-28 16:35:01 - [MESSAGE][INFO] - {"result_konsumen":"Reguler","result_pasangan":"Approve","Final_result":"Reguler","errorMessage":"","status":"Done"}

2022-11-28 16:35:01 - [TEST_STEP][PASSED] - verifyElementPropertyValue(scoring, "Final_result", final_result): Verify element property value successfully

2022-11-28 16:35:01 - [MESSAGE][PASSED] - Verify element property value successfully]]></system-out>
         <system-err><![CDATA[]]></system-err>
      </testcase>
      <testcase name="Test Cases/Engine_Scoring/Engine Scoring" time="6.926" classname="Test Cases/Engine_Scoring/Engine Scoring" status="PASSED">
         <system-out><![CDATA[2022-11-28 16:35:01 - [TEST_CASE][PASSED] - Test Cases/Engine_Scoring/Engine Scoring: Test Cases/Engine_Scoring/Engine Scoring

2022-11-28 16:35:02 - [TEST_STEP][PASSED] - markPassed("Variasi data ke : " + no): Variasi data ke : 2

2022-11-28 16:35:02 - [MESSAGE][PASSED] - Variasi data ke : 2

2022-11-28 16:35:02 - [TEST_STEP][PASSED] - req_data = sendRequest(findTestObject("Search_ME", ["MID":MID, "source":source, "ip":ip, "userid":userid, "branch":branch, "tipekons":tipekons, "marital":marital, "penjamin":penjamin, ... ])): Send request successfully

2022-11-28 16:35:03 - [MESSAGE][INFO] - HAR: D:\DMS\Engine Scoring\Reports\20221128_163438\Exclude KKB - DS - Married\Scoring Married - CS Used\20221128_163438\requests\main\2.har

2022-11-28 16:35:03 - [MESSAGE][PASSED] - Send request successfully

2022-11-28 16:35:03 - [TEST_STEP][PASSED] - slurper = new groovy.json.JsonSlurper(): null

2022-11-28 16:35:03 - [TEST_STEP][PASSED] - result = slurper.parseText(req_data.getResponseBodyContent()): null

2022-11-28 16:35:03 - [TEST_STEP][PASSED] - reqid_kons = requestid1: null

2022-11-28 16:35:03 - [TEST_STEP][PASSED] - reqid_spouse = requestid2: null

2022-11-28 16:35:03 - [TEST_STEP][PASSED] - println("requestid kons : " + reqid_kons): null

2022-11-28 16:35:03 - [TEST_STEP][PASSED] - response_searchME_kons = reqid_kons: null

2022-11-28 16:35:03 - [TEST_STEP][PASSED] - response_searchME_spouse = reqid_spouse: null

2022-11-28 16:35:03 - [TEST_STEP][PASSED] - println("kons req id is :" + response_searchME_kons): null

2022-11-28 16:35:03 - [TEST_STEP][PASSED] - println("spouse req id is : " + response_searchME_spouse): null

2022-11-28 16:35:03 - [TEST_STEP][PASSED] - verifyResponseStatusCode(req_data, 200): Verify response status code successfully

2022-11-28 16:35:03 - [MESSAGE][PASSED] - Verify response status code successfully

2022-11-28 16:35:03 - [TEST_STEP][PASSED] - response = req_data.getResponseText(): null

2022-11-28 16:35:03 - [TEST_STEP][PASSED] - logInfo($response): {"status":"Done","data":{"requestid1":"256596","requestid2":"256597"}}

2022-11-28 16:35:03 - [MESSAGE][INFO] - {"status":"Done","data":{"requestid1":"256596","requestid2":"256597"}}

2022-11-28 16:35:03 - [TEST_STEP][PASSED] - delay(5): Delayed 5 second(s)

2022-11-28 16:35:08 - [MESSAGE][PASSED] - Delayed 5 second(s)

2022-11-28 16:35:08 - [TEST_STEP][PASSED] - scoring = sendRequest(findTestObject("EngineScore", ["response_searchME_kons":response_searchME_kons, "response_searchME_spouse":response_searchME_spouse])): Send request successfully

2022-11-28 16:35:08 - [MESSAGE][INFO] - HAR: D:\DMS\Engine Scoring\Reports\20221128_163438\Exclude KKB - DS - Married\Scoring Married - CS Used\20221128_163438\requests\main\3.har

2022-11-28 16:35:08 - [MESSAGE][PASSED] - Send request successfully

2022-11-28 16:35:08 - [TEST_STEP][PASSED] - verifyResponseStatusCode(scoring, 200): Verify response status code successfully

2022-11-28 16:35:08 - [MESSAGE][PASSED] - Verify response status code successfully

2022-11-28 16:35:08 - [TEST_STEP][PASSED] - response2 = scoring.getResponseText(): null

2022-11-28 16:35:08 - [TEST_STEP][PASSED] - markPassed("result service data ke : " + no): result service data ke : 2

2022-11-28 16:35:08 - [MESSAGE][PASSED] - result service data ke : 2

2022-11-28 16:35:08 - [TEST_STEP][PASSED] - logInfo($response2): {"result_konsumen":"Reguler","result_pasangan":"Approve","Final_result":"Reguler","errorMessage":"","status":"Done"}

2022-11-28 16:35:08 - [MESSAGE][INFO] - {"result_konsumen":"Reguler","result_pasangan":"Approve","Final_result":"Reguler","errorMessage":"","status":"Done"}

2022-11-28 16:35:08 - [TEST_STEP][PASSED] - verifyElementPropertyValue(scoring, "Final_result", final_result): Verify element property value successfully

2022-11-28 16:35:08 - [MESSAGE][PASSED] - Verify element property value successfully]]></system-out>
         <system-err><![CDATA[]]></system-err>
      </testcase>
      <testcase name="Test Cases/Engine_Scoring/Engine Scoring" time="6.723" classname="Test Cases/Engine_Scoring/Engine Scoring" status="PASSED">
         <system-out><![CDATA[2022-11-28 16:35:08 - [TEST_CASE][PASSED] - Test Cases/Engine_Scoring/Engine Scoring: Test Cases/Engine_Scoring/Engine Scoring

2022-11-28 16:35:09 - [TEST_STEP][PASSED] - markPassed("Variasi data ke : " + no): Variasi data ke : 3

2022-11-28 16:35:09 - [MESSAGE][PASSED] - Variasi data ke : 3

2022-11-28 16:35:09 - [TEST_STEP][PASSED] - req_data = sendRequest(findTestObject("Search_ME", ["MID":MID, "source":source, "ip":ip, "userid":userid, "branch":branch, "tipekons":tipekons, "marital":marital, "penjamin":penjamin, ... ])): Send request successfully

2022-11-28 16:35:10 - [MESSAGE][INFO] - HAR: D:\DMS\Engine Scoring\Reports\20221128_163438\Exclude KKB - DS - Married\Scoring Married - CS Used\20221128_163438\requests\main\4.har

2022-11-28 16:35:10 - [MESSAGE][PASSED] - Send request successfully

2022-11-28 16:35:10 - [TEST_STEP][PASSED] - slurper = new groovy.json.JsonSlurper(): null

2022-11-28 16:35:10 - [TEST_STEP][PASSED] - result = slurper.parseText(req_data.getResponseBodyContent()): null

2022-11-28 16:35:10 - [TEST_STEP][PASSED] - reqid_kons = requestid1: null

2022-11-28 16:35:10 - [TEST_STEP][PASSED] - reqid_spouse = requestid2: null

2022-11-28 16:35:10 - [TEST_STEP][PASSED] - println("requestid kons : " + reqid_kons): null

2022-11-28 16:35:10 - [TEST_STEP][PASSED] - response_searchME_kons = reqid_kons: null

2022-11-28 16:35:10 - [TEST_STEP][PASSED] - response_searchME_spouse = reqid_spouse: null

2022-11-28 16:35:10 - [TEST_STEP][PASSED] - println("kons req id is :" + response_searchME_kons): null

2022-11-28 16:35:10 - [TEST_STEP][PASSED] - println("spouse req id is : " + response_searchME_spouse): null

2022-11-28 16:35:10 - [TEST_STEP][PASSED] - verifyResponseStatusCode(req_data, 200): Verify response status code successfully

2022-11-28 16:35:10 - [MESSAGE][PASSED] - Verify response status code successfully

2022-11-28 16:35:10 - [TEST_STEP][PASSED] - response = req_data.getResponseText(): null

2022-11-28 16:35:10 - [TEST_STEP][PASSED] - logInfo($response): {"status":"Done","data":{"requestid1":"256598","requestid2":"256599"}}

2022-11-28 16:35:10 - [MESSAGE][INFO] - {"status":"Done","data":{"requestid1":"256598","requestid2":"256599"}}

2022-11-28 16:35:10 - [TEST_STEP][PASSED] - delay(5): Delayed 5 second(s)

2022-11-28 16:35:15 - [MESSAGE][PASSED] - Delayed 5 second(s)

2022-11-28 16:35:15 - [TEST_STEP][PASSED] - scoring = sendRequest(findTestObject("EngineScore", ["response_searchME_kons":response_searchME_kons, "response_searchME_spouse":response_searchME_spouse])): Send request successfully

2022-11-28 16:35:15 - [MESSAGE][INFO] - HAR: D:\DMS\Engine Scoring\Reports\20221128_163438\Exclude KKB - DS - Married\Scoring Married - CS Used\20221128_163438\requests\main\5.har

2022-11-28 16:35:15 - [MESSAGE][PASSED] - Send request successfully

2022-11-28 16:35:15 - [TEST_STEP][PASSED] - verifyResponseStatusCode(scoring, 200): Verify response status code successfully

2022-11-28 16:35:15 - [MESSAGE][PASSED] - Verify response status code successfully

2022-11-28 16:35:15 - [TEST_STEP][PASSED] - response2 = scoring.getResponseText(): null

2022-11-28 16:35:15 - [TEST_STEP][PASSED] - markPassed("result service data ke : " + no): result service data ke : 3

2022-11-28 16:35:15 - [MESSAGE][PASSED] - result service data ke : 3

2022-11-28 16:35:15 - [TEST_STEP][PASSED] - logInfo($response2): {"result_konsumen":"Reguler","result_pasangan":"Approve","Final_result":"Reguler","errorMessage":"","status":"Done"}

2022-11-28 16:35:15 - [MESSAGE][INFO] - {"result_konsumen":"Reguler","result_pasangan":"Approve","Final_result":"Reguler","errorMessage":"","status":"Done"}

2022-11-28 16:35:15 - [TEST_STEP][PASSED] - verifyElementPropertyValue(scoring, "Final_result", final_result): Verify element property value successfully

2022-11-28 16:35:15 - [MESSAGE][PASSED] - Verify element property value successfully]]></system-out>
         <system-err><![CDATA[]]></system-err>
      </testcase>
      <testcase name="Test Cases/Engine_Scoring/Engine Scoring" time="6.617" classname="Test Cases/Engine_Scoring/Engine Scoring" status="PASSED">
         <system-out><![CDATA[2022-11-28 16:35:15 - [TEST_CASE][PASSED] - Test Cases/Engine_Scoring/Engine Scoring: Test Cases/Engine_Scoring/Engine Scoring

2022-11-28 16:35:16 - [TEST_STEP][PASSED] - markPassed("Variasi data ke : " + no): Variasi data ke : 4

2022-11-28 16:35:16 - [MESSAGE][PASSED] - Variasi data ke : 4

2022-11-28 16:35:16 - [TEST_STEP][PASSED] - req_data = sendRequest(findTestObject("Search_ME", ["MID":MID, "source":source, "ip":ip, "userid":userid, "branch":branch, "tipekons":tipekons, "marital":marital, "penjamin":penjamin, ... ])): Send request successfully

2022-11-28 16:35:17 - [MESSAGE][INFO] - HAR: D:\DMS\Engine Scoring\Reports\20221128_163438\Exclude KKB - DS - Married\Scoring Married - CS Used\20221128_163438\requests\main\6.har

2022-11-28 16:35:17 - [MESSAGE][PASSED] - Send request successfully

2022-11-28 16:35:17 - [TEST_STEP][PASSED] - slurper = new groovy.json.JsonSlurper(): null

2022-11-28 16:35:17 - [TEST_STEP][PASSED] - result = slurper.parseText(req_data.getResponseBodyContent()): null

2022-11-28 16:35:17 - [TEST_STEP][PASSED] - reqid_kons = requestid1: null

2022-11-28 16:35:17 - [TEST_STEP][PASSED] - reqid_spouse = requestid2: null

2022-11-28 16:35:17 - [TEST_STEP][PASSED] - println("requestid kons : " + reqid_kons): null

2022-11-28 16:35:17 - [TEST_STEP][PASSED] - response_searchME_kons = reqid_kons: null

2022-11-28 16:35:17 - [TEST_STEP][PASSED] - response_searchME_spouse = reqid_spouse: null

2022-11-28 16:35:17 - [TEST_STEP][PASSED] - println("kons req id is :" + response_searchME_kons): null

2022-11-28 16:35:17 - [TEST_STEP][PASSED] - println("spouse req id is : " + response_searchME_spouse): null

2022-11-28 16:35:17 - [TEST_STEP][PASSED] - verifyResponseStatusCode(req_data, 200): Verify response status code successfully

2022-11-28 16:35:17 - [MESSAGE][PASSED] - Verify response status code successfully

2022-11-28 16:35:17 - [TEST_STEP][PASSED] - response = req_data.getResponseText(): null

2022-11-28 16:35:17 - [TEST_STEP][PASSED] - logInfo($response): {"status":"Done","data":{"requestid1":"256600","requestid2":"256601"}}

2022-11-28 16:35:17 - [MESSAGE][INFO] - {"status":"Done","data":{"requestid1":"256600","requestid2":"256601"}}

2022-11-28 16:35:17 - [TEST_STEP][PASSED] - delay(5): Delayed 5 second(s)

2022-11-28 16:35:22 - [MESSAGE][PASSED] - Delayed 5 second(s)

2022-11-28 16:35:22 - [TEST_STEP][PASSED] - scoring = sendRequest(findTestObject("EngineScore", ["response_searchME_kons":response_searchME_kons, "response_searchME_spouse":response_searchME_spouse])): Send request successfully

2022-11-28 16:35:22 - [MESSAGE][INFO] - HAR: D:\DMS\Engine Scoring\Reports\20221128_163438\Exclude KKB - DS - Married\Scoring Married - CS Used\20221128_163438\requests\main\7.har

2022-11-28 16:35:22 - [MESSAGE][PASSED] - Send request successfully

2022-11-28 16:35:22 - [TEST_STEP][PASSED] - verifyResponseStatusCode(scoring, 200): Verify response status code successfully

2022-11-28 16:35:22 - [MESSAGE][PASSED] - Verify response status code successfully

2022-11-28 16:35:22 - [TEST_STEP][PASSED] - response2 = scoring.getResponseText(): null

2022-11-28 16:35:22 - [TEST_STEP][PASSED] - markPassed("result service data ke : " + no): result service data ke : 4

2022-11-28 16:35:22 - [MESSAGE][PASSED] - result service data ke : 4

2022-11-28 16:35:22 - [TEST_STEP][PASSED] - logInfo($response2): {"result_konsumen":"Reguler","result_pasangan":"Approve","Final_result":"Reguler","errorMessage":"","status":"Done"}

2022-11-28 16:35:22 - [MESSAGE][INFO] - {"result_konsumen":"Reguler","result_pasangan":"Approve","Final_result":"Reguler","errorMessage":"","status":"Done"}

2022-11-28 16:35:22 - [TEST_STEP][PASSED] - verifyElementPropertyValue(scoring, "Final_result", final_result): Verify element property value successfully

2022-11-28 16:35:22 - [MESSAGE][PASSED] - Verify element property value successfully]]></system-out>
         <system-err><![CDATA[]]></system-err>
      </testcase>
      <testcase name="Test Cases/Engine_Scoring/Engine Scoring" time="6.985" classname="Test Cases/Engine_Scoring/Engine Scoring" status="PASSED">
         <system-out><![CDATA[2022-11-28 16:35:22 - [TEST_CASE][PASSED] - Test Cases/Engine_Scoring/Engine Scoring: Test Cases/Engine_Scoring/Engine Scoring

2022-11-28 16:35:23 - [TEST_STEP][PASSED] - markPassed("Variasi data ke : " + no): Variasi data ke : 5

2022-11-28 16:35:23 - [MESSAGE][PASSED] - Variasi data ke : 5

2022-11-28 16:35:23 - [TEST_STEP][PASSED] - req_data = sendRequest(findTestObject("Search_ME", ["MID":MID, "source":source, "ip":ip, "userid":userid, "branch":branch, "tipekons":tipekons, "marital":marital, "penjamin":penjamin, ... ])): Send request successfully

2022-11-28 16:35:24 - [MESSAGE][INFO] - HAR: D:\DMS\Engine Scoring\Reports\20221128_163438\Exclude KKB - DS - Married\Scoring Married - CS Used\20221128_163438\requests\main\8.har

2022-11-28 16:35:24 - [MESSAGE][PASSED] - Send request successfully

2022-11-28 16:35:24 - [TEST_STEP][PASSED] - slurper = new groovy.json.JsonSlurper(): null

2022-11-28 16:35:24 - [TEST_STEP][PASSED] - result = slurper.parseText(req_data.getResponseBodyContent()): null

2022-11-28 16:35:24 - [TEST_STEP][PASSED] - reqid_kons = requestid1: null

2022-11-28 16:35:24 - [TEST_STEP][PASSED] - reqid_spouse = requestid2: null

2022-11-28 16:35:24 - [TEST_STEP][PASSED] - println("requestid kons : " + reqid_kons): null

2022-11-28 16:35:24 - [TEST_STEP][PASSED] - response_searchME_kons = reqid_kons: null

2022-11-28 16:35:24 - [TEST_STEP][PASSED] - response_searchME_spouse = reqid_spouse: null

2022-11-28 16:35:24 - [TEST_STEP][PASSED] - println("kons req id is :" + response_searchME_kons): null

2022-11-28 16:35:24 - [TEST_STEP][PASSED] - println("spouse req id is : " + response_searchME_spouse): null

2022-11-28 16:35:24 - [TEST_STEP][PASSED] - verifyResponseStatusCode(req_data, 200): Verify response status code successfully

2022-11-28 16:35:24 - [MESSAGE][PASSED] - Verify response status code successfully

2022-11-28 16:35:24 - [TEST_STEP][PASSED] - response = req_data.getResponseText(): null

2022-11-28 16:35:24 - [TEST_STEP][PASSED] - logInfo($response): {"status":"Done","data":{"requestid1":"256602","requestid2":"256603"}}

2022-11-28 16:35:24 - [MESSAGE][INFO] - {"status":"Done","data":{"requestid1":"256602","requestid2":"256603"}}

2022-11-28 16:35:24 - [TEST_STEP][PASSED] - delay(5): Delayed 5 second(s)

2022-11-28 16:35:29 - [MESSAGE][PASSED] - Delayed 5 second(s)

2022-11-28 16:35:29 - [TEST_STEP][PASSED] - scoring = sendRequest(findTestObject("EngineScore", ["response_searchME_kons":response_searchME_kons, "response_searchME_spouse":response_searchME_spouse])): Send request successfully

2022-11-28 16:35:29 - [MESSAGE][INFO] - HAR: D:\DMS\Engine Scoring\Reports\20221128_163438\Exclude KKB - DS - Married\Scoring Married - CS Used\20221128_163438\requests\main\9.har

2022-11-28 16:35:29 - [MESSAGE][PASSED] - Send request successfully

2022-11-28 16:35:29 - [TEST_STEP][PASSED] - verifyResponseStatusCode(scoring, 200): Verify response status code successfully

2022-11-28 16:35:29 - [MESSAGE][PASSED] - Verify response status code successfully

2022-11-28 16:35:29 - [TEST_STEP][PASSED] - response2 = scoring.getResponseText(): null

2022-11-28 16:35:29 - [TEST_STEP][PASSED] - markPassed("result service data ke : " + no): result service data ke : 5

2022-11-28 16:35:29 - [MESSAGE][PASSED] - result service data ke : 5

2022-11-28 16:35:29 - [TEST_STEP][PASSED] - logInfo($response2): {"result_konsumen":"Reguler","result_pasangan":"Reject","Final_result":"Reject","errorMessage":"","status":"Done"}

2022-11-28 16:35:29 - [MESSAGE][INFO] - {"result_konsumen":"Reguler","result_pasangan":"Reject","Final_result":"Reject","errorMessage":"","status":"Done"}

2022-11-28 16:35:29 - [TEST_STEP][PASSED] - verifyElementPropertyValue(scoring, "Final_result", final_result): Verify element property value successfully

2022-11-28 16:35:29 - [MESSAGE][PASSED] - Verify element property value successfully]]></system-out>
         <system-err><![CDATA[]]></system-err>
      </testcase>
      <testcase name="Test Cases/Engine_Scoring/Engine Scoring" time="6.76" classname="Test Cases/Engine_Scoring/Engine Scoring" status="PASSED">
         <system-out><![CDATA[2022-11-28 16:35:29 - [TEST_CASE][PASSED] - Test Cases/Engine_Scoring/Engine Scoring: Test Cases/Engine_Scoring/Engine Scoring

2022-11-28 16:35:30 - [TEST_STEP][PASSED] - markPassed("Variasi data ke : " + no): Variasi data ke : 6

2022-11-28 16:35:30 - [MESSAGE][PASSED] - Variasi data ke : 6

2022-11-28 16:35:30 - [TEST_STEP][PASSED] - req_data = sendRequest(findTestObject("Search_ME", ["MID":MID, "source":source, "ip":ip, "userid":userid, "branch":branch, "tipekons":tipekons, "marital":marital, "penjamin":penjamin, ... ])): Send request successfully

2022-11-28 16:35:30 - [MESSAGE][INFO] - HAR: D:\DMS\Engine Scoring\Reports\20221128_163438\Exclude KKB - DS - Married\Scoring Married - CS Used\20221128_163438\requests\main\10.har

2022-11-28 16:35:30 - [MESSAGE][PASSED] - Send request successfully

2022-11-28 16:35:30 - [TEST_STEP][PASSED] - slurper = new groovy.json.JsonSlurper(): null

2022-11-28 16:35:30 - [TEST_STEP][PASSED] - result = slurper.parseText(req_data.getResponseBodyContent()): null

2022-11-28 16:35:30 - [TEST_STEP][PASSED] - reqid_kons = requestid1: null

2022-11-28 16:35:30 - [TEST_STEP][PASSED] - reqid_spouse = requestid2: null

2022-11-28 16:35:30 - [TEST_STEP][PASSED] - println("requestid kons : " + reqid_kons): null

2022-11-28 16:35:30 - [TEST_STEP][PASSED] - response_searchME_kons = reqid_kons: null

2022-11-28 16:35:30 - [TEST_STEP][PASSED] - response_searchME_spouse = reqid_spouse: null

2022-11-28 16:35:30 - [TEST_STEP][PASSED] - println("kons req id is :" + response_searchME_kons): null

2022-11-28 16:35:30 - [TEST_STEP][PASSED] - println("spouse req id is : " + response_searchME_spouse): null

2022-11-28 16:35:30 - [TEST_STEP][PASSED] - verifyResponseStatusCode(req_data, 200): Verify response status code successfully

2022-11-28 16:35:30 - [MESSAGE][PASSED] - Verify response status code successfully

2022-11-28 16:35:30 - [TEST_STEP][PASSED] - response = req_data.getResponseText(): null

2022-11-28 16:35:30 - [TEST_STEP][PASSED] - logInfo($response): {"status":"Done","data":{"requestid1":"256604","requestid2":"256605"}}

2022-11-28 16:35:30 - [MESSAGE][INFO] - {"status":"Done","data":{"requestid1":"256604","requestid2":"256605"}}

2022-11-28 16:35:30 - [TEST_STEP][PASSED] - delay(5): Delayed 5 second(s)

2022-11-28 16:35:36 - [MESSAGE][PASSED] - Delayed 5 second(s)

2022-11-28 16:35:36 - [TEST_STEP][PASSED] - scoring = sendRequest(findTestObject("EngineScore", ["response_searchME_kons":response_searchME_kons, "response_searchME_spouse":response_searchME_spouse])): Send request successfully

2022-11-28 16:35:36 - [MESSAGE][INFO] - HAR: D:\DMS\Engine Scoring\Reports\20221128_163438\Exclude KKB - DS - Married\Scoring Married - CS Used\20221128_163438\requests\main\11.har

2022-11-28 16:35:36 - [MESSAGE][PASSED] - Send request successfully

2022-11-28 16:35:36 - [TEST_STEP][PASSED] - verifyResponseStatusCode(scoring, 200): Verify response status code successfully

2022-11-28 16:35:36 - [MESSAGE][PASSED] - Verify response status code successfully

2022-11-28 16:35:36 - [TEST_STEP][PASSED] - response2 = scoring.getResponseText(): null

2022-11-28 16:35:36 - [TEST_STEP][PASSED] - markPassed("result service data ke : " + no): result service data ke : 6

2022-11-28 16:35:36 - [MESSAGE][PASSED] - result service data ke : 6

2022-11-28 16:35:36 - [TEST_STEP][PASSED] - logInfo($response2): {"result_konsumen":"Reguler","result_pasangan":"Reject","Final_result":"Reject","errorMessage":"","status":"Done"}

2022-11-28 16:35:36 - [MESSAGE][INFO] - {"result_konsumen":"Reguler","result_pasangan":"Reject","Final_result":"Reject","errorMessage":"","status":"Done"}

2022-11-28 16:35:36 - [TEST_STEP][PASSED] - verifyElementPropertyValue(scoring, "Final_result", final_result): Verify element property value successfully

2022-11-28 16:35:36 - [MESSAGE][PASSED] - Verify element property value successfully]]></system-out>
         <system-err><![CDATA[]]></system-err>
      </testcase>
      <testcase name="Test Cases/Engine_Scoring/Engine Scoring" time="6.827" classname="Test Cases/Engine_Scoring/Engine Scoring" status="PASSED">
         <system-out><![CDATA[2022-11-28 16:35:36 - [TEST_CASE][PASSED] - Test Cases/Engine_Scoring/Engine Scoring: Test Cases/Engine_Scoring/Engine Scoring

2022-11-28 16:35:36 - [TEST_STEP][PASSED] - markPassed("Variasi data ke : " + no): Variasi data ke : 7

2022-11-28 16:35:36 - [MESSAGE][PASSED] - Variasi data ke : 7

2022-11-28 16:35:36 - [TEST_STEP][PASSED] - req_data = sendRequest(findTestObject("Search_ME", ["MID":MID, "source":source, "ip":ip, "userid":userid, "branch":branch, "tipekons":tipekons, "marital":marital, "penjamin":penjamin, ... ])): Send request successfully

2022-11-28 16:35:37 - [MESSAGE][INFO] - HAR: D:\DMS\Engine Scoring\Reports\20221128_163438\Exclude KKB - DS - Married\Scoring Married - CS Used\20221128_163438\requests\main\12.har

2022-11-28 16:35:37 - [MESSAGE][PASSED] - Send request successfully

2022-11-28 16:35:37 - [TEST_STEP][PASSED] - slurper = new groovy.json.JsonSlurper(): null

2022-11-28 16:35:37 - [TEST_STEP][PASSED] - result = slurper.parseText(req_data.getResponseBodyContent()): null

2022-11-28 16:35:37 - [TEST_STEP][PASSED] - reqid_kons = requestid1: null

2022-11-28 16:35:37 - [TEST_STEP][PASSED] - reqid_spouse = requestid2: null

2022-11-28 16:35:37 - [TEST_STEP][PASSED] - println("requestid kons : " + reqid_kons): null

2022-11-28 16:35:37 - [TEST_STEP][PASSED] - response_searchME_kons = reqid_kons: null

2022-11-28 16:35:37 - [TEST_STEP][PASSED] - response_searchME_spouse = reqid_spouse: null

2022-11-28 16:35:37 - [TEST_STEP][PASSED] - println("kons req id is :" + response_searchME_kons): null

2022-11-28 16:35:37 - [TEST_STEP][PASSED] - println("spouse req id is : " + response_searchME_spouse): null

2022-11-28 16:35:37 - [TEST_STEP][PASSED] - verifyResponseStatusCode(req_data, 200): Verify response status code successfully

2022-11-28 16:35:37 - [MESSAGE][PASSED] - Verify response status code successfully

2022-11-28 16:35:37 - [TEST_STEP][PASSED] - response = req_data.getResponseText(): null

2022-11-28 16:35:37 - [TEST_STEP][PASSED] - logInfo($response): {"status":"Done","data":{"requestid1":"256606","requestid2":"256607"}}

2022-11-28 16:35:37 - [MESSAGE][INFO] - {"status":"Done","data":{"requestid1":"256606","requestid2":"256607"}}

2022-11-28 16:35:37 - [TEST_STEP][PASSED] - delay(5): Delayed 5 second(s)

2022-11-28 16:35:42 - [MESSAGE][PASSED] - Delayed 5 second(s)

2022-11-28 16:35:42 - [TEST_STEP][PASSED] - scoring = sendRequest(findTestObject("EngineScore", ["response_searchME_kons":response_searchME_kons, "response_searchME_spouse":response_searchME_spouse])): Send request successfully

2022-11-28 16:35:42 - [MESSAGE][INFO] - HAR: D:\DMS\Engine Scoring\Reports\20221128_163438\Exclude KKB - DS - Married\Scoring Married - CS Used\20221128_163438\requests\main\13.har

2022-11-28 16:35:42 - [MESSAGE][PASSED] - Send request successfully

2022-11-28 16:35:42 - [TEST_STEP][PASSED] - verifyResponseStatusCode(scoring, 200): Verify response status code successfully

2022-11-28 16:35:43 - [MESSAGE][PASSED] - Verify response status code successfully

2022-11-28 16:35:43 - [TEST_STEP][PASSED] - response2 = scoring.getResponseText(): null

2022-11-28 16:35:43 - [TEST_STEP][PASSED] - markPassed("result service data ke : " + no): result service data ke : 7

2022-11-28 16:35:43 - [MESSAGE][PASSED] - result service data ke : 7

2022-11-28 16:35:43 - [TEST_STEP][PASSED] - logInfo($response2): {"result_konsumen":"Reguler","result_pasangan":"Reject","Final_result":"Reject","errorMessage":"","status":"Done"}

2022-11-28 16:35:43 - [MESSAGE][INFO] - {"result_konsumen":"Reguler","result_pasangan":"Reject","Final_result":"Reject","errorMessage":"","status":"Done"}

2022-11-28 16:35:43 - [TEST_STEP][PASSED] - verifyElementPropertyValue(scoring, "Final_result", final_result): Verify element property value successfully

2022-11-28 16:35:43 - [MESSAGE][PASSED] - Verify element property value successfully]]></system-out>
         <system-err><![CDATA[]]></system-err>
      </testcase>
      <testcase name="Test Cases/Engine_Scoring/Engine Scoring" time="6.64" classname="Test Cases/Engine_Scoring/Engine Scoring" status="PASSED">
         <system-out><![CDATA[2022-11-28 16:35:43 - [TEST_CASE][PASSED] - Test Cases/Engine_Scoring/Engine Scoring: Test Cases/Engine_Scoring/Engine Scoring

2022-11-28 16:35:43 - [TEST_STEP][PASSED] - markPassed("Variasi data ke : " + no): Variasi data ke : 8

2022-11-28 16:35:43 - [MESSAGE][PASSED] - Variasi data ke : 8

2022-11-28 16:35:43 - [TEST_STEP][PASSED] - req_data = sendRequest(findTestObject("Search_ME", ["MID":MID, "source":source, "ip":ip, "userid":userid, "branch":branch, "tipekons":tipekons, "marital":marital, "penjamin":penjamin, ... ])): Send request successfully

2022-11-28 16:35:44 - [MESSAGE][INFO] - HAR: D:\DMS\Engine Scoring\Reports\20221128_163438\Exclude KKB - DS - Married\Scoring Married - CS Used\20221128_163438\requests\main\14.har

2022-11-28 16:35:44 - [MESSAGE][PASSED] - Send request successfully

2022-11-28 16:35:44 - [TEST_STEP][PASSED] - slurper = new groovy.json.JsonSlurper(): null

2022-11-28 16:35:44 - [TEST_STEP][PASSED] - result = slurper.parseText(req_data.getResponseBodyContent()): null

2022-11-28 16:35:44 - [TEST_STEP][PASSED] - reqid_kons = requestid1: null

2022-11-28 16:35:44 - [TEST_STEP][PASSED] - reqid_spouse = requestid2: null

2022-11-28 16:35:44 - [TEST_STEP][PASSED] - println("requestid kons : " + reqid_kons): null

2022-11-28 16:35:44 - [TEST_STEP][PASSED] - response_searchME_kons = reqid_kons: null

2022-11-28 16:35:44 - [TEST_STEP][PASSED] - response_searchME_spouse = reqid_spouse: null

2022-11-28 16:35:44 - [TEST_STEP][PASSED] - println("kons req id is :" + response_searchME_kons): null

2022-11-28 16:35:44 - [TEST_STEP][PASSED] - println("spouse req id is : " + response_searchME_spouse): null

2022-11-28 16:35:44 - [TEST_STEP][PASSED] - verifyResponseStatusCode(req_data, 200): Verify response status code successfully

2022-11-28 16:35:44 - [MESSAGE][PASSED] - Verify response status code successfully

2022-11-28 16:35:44 - [TEST_STEP][PASSED] - response = req_data.getResponseText(): null

2022-11-28 16:35:44 - [TEST_STEP][PASSED] - logInfo($response): {"status":"Done","data":{"requestid1":"256608","requestid2":"256609"}}

2022-11-28 16:35:44 - [MESSAGE][INFO] - {"status":"Done","data":{"requestid1":"256608","requestid2":"256609"}}

2022-11-28 16:35:44 - [TEST_STEP][PASSED] - delay(5): Delayed 5 second(s)

2022-11-28 16:35:49 - [MESSAGE][PASSED] - Delayed 5 second(s)

2022-11-28 16:35:49 - [TEST_STEP][PASSED] - scoring = sendRequest(findTestObject("EngineScore", ["response_searchME_kons":response_searchME_kons, "response_searchME_spouse":response_searchME_spouse])): Send request successfully

2022-11-28 16:35:49 - [MESSAGE][INFO] - HAR: D:\DMS\Engine Scoring\Reports\20221128_163438\Exclude KKB - DS - Married\Scoring Married - CS Used\20221128_163438\requests\main\15.har

2022-11-28 16:35:49 - [MESSAGE][PASSED] - Send request successfully

2022-11-28 16:35:49 - [TEST_STEP][PASSED] - verifyResponseStatusCode(scoring, 200): Verify response status code successfully

2022-11-28 16:35:49 - [MESSAGE][PASSED] - Verify response status code successfully

2022-11-28 16:35:49 - [TEST_STEP][PASSED] - response2 = scoring.getResponseText(): null

2022-11-28 16:35:49 - [TEST_STEP][PASSED] - markPassed("result service data ke : " + no): result service data ke : 8

2022-11-28 16:35:49 - [MESSAGE][PASSED] - result service data ke : 8

2022-11-28 16:35:49 - [TEST_STEP][PASSED] - logInfo($response2): {"result_konsumen":"Reguler","result_pasangan":"Reguler","Final_result":"Reguler","errorMessage":"","status":"Done"}

2022-11-28 16:35:49 - [MESSAGE][INFO] - {"result_konsumen":"Reguler","result_pasangan":"Reguler","Final_result":"Reguler","errorMessage":"","status":"Done"}

2022-11-28 16:35:49 - [TEST_STEP][PASSED] - verifyElementPropertyValue(scoring, "Final_result", final_result): Verify element property value successfully

2022-11-28 16:35:49 - [MESSAGE][PASSED] - Verify element property value successfully]]></system-out>
         <system-err><![CDATA[]]></system-err>
      </testcase>
      <testcase name="Test Cases/Engine_Scoring/Engine Scoring" time="6.815" classname="Test Cases/Engine_Scoring/Engine Scoring" status="PASSED">
         <system-out><![CDATA[2022-11-28 16:35:49 - [TEST_CASE][PASSED] - Test Cases/Engine_Scoring/Engine Scoring: Test Cases/Engine_Scoring/Engine Scoring

2022-11-28 16:35:50 - [TEST_STEP][PASSED] - markPassed("Variasi data ke : " + no): Variasi data ke : 9

2022-11-28 16:35:50 - [MESSAGE][PASSED] - Variasi data ke : 9

2022-11-28 16:35:50 - [TEST_STEP][PASSED] - req_data = sendRequest(findTestObject("Search_ME", ["MID":MID, "source":source, "ip":ip, "userid":userid, "branch":branch, "tipekons":tipekons, "marital":marital, "penjamin":penjamin, ... ])): Send request successfully

2022-11-28 16:35:51 - [MESSAGE][INFO] - HAR: D:\DMS\Engine Scoring\Reports\20221128_163438\Exclude KKB - DS - Married\Scoring Married - CS Used\20221128_163438\requests\main\16.har

2022-11-28 16:35:51 - [MESSAGE][PASSED] - Send request successfully

2022-11-28 16:35:51 - [TEST_STEP][PASSED] - slurper = new groovy.json.JsonSlurper(): null

2022-11-28 16:35:51 - [TEST_STEP][PASSED] - result = slurper.parseText(req_data.getResponseBodyContent()): null

2022-11-28 16:35:51 - [TEST_STEP][PASSED] - reqid_kons = requestid1: null

2022-11-28 16:35:51 - [TEST_STEP][PASSED] - reqid_spouse = requestid2: null

2022-11-28 16:35:51 - [TEST_STEP][PASSED] - println("requestid kons : " + reqid_kons): null

2022-11-28 16:35:51 - [TEST_STEP][PASSED] - response_searchME_kons = reqid_kons: null

2022-11-28 16:35:51 - [TEST_STEP][PASSED] - response_searchME_spouse = reqid_spouse: null

2022-11-28 16:35:51 - [TEST_STEP][PASSED] - println("kons req id is :" + response_searchME_kons): null

2022-11-28 16:35:51 - [TEST_STEP][PASSED] - println("spouse req id is : " + response_searchME_spouse): null

2022-11-28 16:35:51 - [TEST_STEP][PASSED] - verifyResponseStatusCode(req_data, 200): Verify response status code successfully

2022-11-28 16:35:51 - [MESSAGE][PASSED] - Verify response status code successfully

2022-11-28 16:35:51 - [TEST_STEP][PASSED] - response = req_data.getResponseText(): null

2022-11-28 16:35:51 - [TEST_STEP][PASSED] - logInfo($response): {"status":"Done","data":{"requestid1":"256610","requestid2":"256611"}}

2022-11-28 16:35:51 - [MESSAGE][INFO] - {"status":"Done","data":{"requestid1":"256610","requestid2":"256611"}}

2022-11-28 16:35:51 - [TEST_STEP][PASSED] - delay(5): Delayed 5 second(s)

2022-11-28 16:35:56 - [MESSAGE][PASSED] - Delayed 5 second(s)

2022-11-28 16:35:56 - [TEST_STEP][PASSED] - scoring = sendRequest(findTestObject("EngineScore", ["response_searchME_kons":response_searchME_kons, "response_searchME_spouse":response_searchME_spouse])): Send request successfully

2022-11-28 16:35:56 - [MESSAGE][INFO] - HAR: D:\DMS\Engine Scoring\Reports\20221128_163438\Exclude KKB - DS - Married\Scoring Married - CS Used\20221128_163438\requests\main\17.har

2022-11-28 16:35:56 - [MESSAGE][PASSED] - Send request successfully

2022-11-28 16:35:56 - [TEST_STEP][PASSED] - verifyResponseStatusCode(scoring, 200): Verify response status code successfully

2022-11-28 16:35:56 - [MESSAGE][PASSED] - Verify response status code successfully

2022-11-28 16:35:56 - [TEST_STEP][PASSED] - response2 = scoring.getResponseText(): null

2022-11-28 16:35:56 - [TEST_STEP][PASSED] - markPassed("result service data ke : " + no): result service data ke : 9

2022-11-28 16:35:56 - [MESSAGE][PASSED] - result service data ke : 9

2022-11-28 16:35:56 - [TEST_STEP][PASSED] - logInfo($response2): {"result_konsumen":"Reguler","result_pasangan":"Approve","Final_result":"Reguler","errorMessage":"","status":"Done"}

2022-11-28 16:35:56 - [MESSAGE][INFO] - {"result_konsumen":"Reguler","result_pasangan":"Approve","Final_result":"Reguler","errorMessage":"","status":"Done"}

2022-11-28 16:35:56 - [TEST_STEP][PASSED] - verifyElementPropertyValue(scoring, "Final_result", final_result): Verify element property value successfully

2022-11-28 16:35:56 - [MESSAGE][PASSED] - Verify element property value successfully]]></system-out>
         <system-err><![CDATA[]]></system-err>
      </testcase>
      <testcase name="Test Cases/Engine_Scoring/Engine Scoring" time="7.033" classname="Test Cases/Engine_Scoring/Engine Scoring" status="PASSED">
         <system-out><![CDATA[2022-11-28 16:35:56 - [TEST_CASE][PASSED] - Test Cases/Engine_Scoring/Engine Scoring: Test Cases/Engine_Scoring/Engine Scoring

2022-11-28 16:35:57 - [TEST_STEP][PASSED] - markPassed("Variasi data ke : " + no): Variasi data ke : 10

2022-11-28 16:35:57 - [MESSAGE][PASSED] - Variasi data ke : 10

2022-11-28 16:35:57 - [TEST_STEP][PASSED] - req_data = sendRequest(findTestObject("Search_ME", ["MID":MID, "source":source, "ip":ip, "userid":userid, "branch":branch, "tipekons":tipekons, "marital":marital, "penjamin":penjamin, ... ])): Send request successfully

2022-11-28 16:35:58 - [MESSAGE][INFO] - HAR: D:\DMS\Engine Scoring\Reports\20221128_163438\Exclude KKB - DS - Married\Scoring Married - CS Used\20221128_163438\requests\main\18.har

2022-11-28 16:35:58 - [MESSAGE][PASSED] - Send request successfully

2022-11-28 16:35:58 - [TEST_STEP][PASSED] - slurper = new groovy.json.JsonSlurper(): null

2022-11-28 16:35:58 - [TEST_STEP][PASSED] - result = slurper.parseText(req_data.getResponseBodyContent()): null

2022-11-28 16:35:58 - [TEST_STEP][PASSED] - reqid_kons = requestid1: null

2022-11-28 16:35:58 - [TEST_STEP][PASSED] - reqid_spouse = requestid2: null

2022-11-28 16:35:58 - [TEST_STEP][PASSED] - println("requestid kons : " + reqid_kons): null

2022-11-28 16:35:58 - [TEST_STEP][PASSED] - response_searchME_kons = reqid_kons: null

2022-11-28 16:35:58 - [TEST_STEP][PASSED] - response_searchME_spouse = reqid_spouse: null

2022-11-28 16:35:58 - [TEST_STEP][PASSED] - println("kons req id is :" + response_searchME_kons): null

2022-11-28 16:35:58 - [TEST_STEP][PASSED] - println("spouse req id is : " + response_searchME_spouse): null

2022-11-28 16:35:58 - [TEST_STEP][PASSED] - verifyResponseStatusCode(req_data, 200): Verify response status code successfully

2022-11-28 16:35:58 - [MESSAGE][PASSED] - Verify response status code successfully

2022-11-28 16:35:58 - [TEST_STEP][PASSED] - response = req_data.getResponseText(): null

2022-11-28 16:35:58 - [TEST_STEP][PASSED] - logInfo($response): {"status":"Done","data":{"requestid1":"256612","requestid2":"256613"}}

2022-11-28 16:35:58 - [MESSAGE][INFO] - {"status":"Done","data":{"requestid1":"256612","requestid2":"256613"}}

2022-11-28 16:35:58 - [TEST_STEP][PASSED] - delay(5): Delayed 5 second(s)

2022-11-28 16:36:03 - [MESSAGE][PASSED] - Delayed 5 second(s)

2022-11-28 16:36:03 - [TEST_STEP][PASSED] - scoring = sendRequest(findTestObject("EngineScore", ["response_searchME_kons":response_searchME_kons, "response_searchME_spouse":response_searchME_spouse])): Send request successfully

2022-11-28 16:36:03 - [MESSAGE][INFO] - HAR: D:\DMS\Engine Scoring\Reports\20221128_163438\Exclude KKB - DS - Married\Scoring Married - CS Used\20221128_163438\requests\main\19.har

2022-11-28 16:36:03 - [MESSAGE][PASSED] - Send request successfully

2022-11-28 16:36:03 - [TEST_STEP][PASSED] - verifyResponseStatusCode(scoring, 200): Verify response status code successfully

2022-11-28 16:36:03 - [MESSAGE][PASSED] - Verify response status code successfully

2022-11-28 16:36:03 - [TEST_STEP][PASSED] - response2 = scoring.getResponseText(): null

2022-11-28 16:36:03 - [TEST_STEP][PASSED] - markPassed("result service data ke : " + no): result service data ke : 10

2022-11-28 16:36:03 - [MESSAGE][PASSED] - result service data ke : 10

2022-11-28 16:36:03 - [TEST_STEP][PASSED] - logInfo($response2): {"result_konsumen":"Approve","result_pasangan":"Approve","Final_result":"Approve","errorMessage":"","status":"Done"}

2022-11-28 16:36:03 - [MESSAGE][INFO] - {"result_konsumen":"Approve","result_pasangan":"Approve","Final_result":"Approve","errorMessage":"","status":"Done"}

2022-11-28 16:36:03 - [TEST_STEP][PASSED] - verifyElementPropertyValue(scoring, "Final_result", final_result): Verify element property value successfully

2022-11-28 16:36:03 - [MESSAGE][PASSED] - Verify element property value successfully]]></system-out>
         <system-err><![CDATA[]]></system-err>
      </testcase>
      <testcase name="Test Cases/Engine_Scoring/Engine Scoring" time="6.617" classname="Test Cases/Engine_Scoring/Engine Scoring" status="PASSED">
         <system-out><![CDATA[2022-11-28 16:36:03 - [TEST_CASE][PASSED] - Test Cases/Engine_Scoring/Engine Scoring: Test Cases/Engine_Scoring/Engine Scoring

2022-11-28 16:36:04 - [TEST_STEP][PASSED] - markPassed("Variasi data ke : " + no): Variasi data ke : 11

2022-11-28 16:36:04 - [MESSAGE][PASSED] - Variasi data ke : 11

2022-11-28 16:36:04 - [TEST_STEP][PASSED] - req_data = sendRequest(findTestObject("Search_ME", ["MID":MID, "source":source, "ip":ip, "userid":userid, "branch":branch, "tipekons":tipekons, "marital":marital, "penjamin":penjamin, ... ])): Send request successfully

2022-11-28 16:36:05 - [MESSAGE][INFO] - HAR: D:\DMS\Engine Scoring\Reports\20221128_163438\Exclude KKB - DS - Married\Scoring Married - CS Used\20221128_163438\requests\main\20.har

2022-11-28 16:36:05 - [MESSAGE][PASSED] - Send request successfully

2022-11-28 16:36:05 - [TEST_STEP][PASSED] - slurper = new groovy.json.JsonSlurper(): null

2022-11-28 16:36:05 - [TEST_STEP][PASSED] - result = slurper.parseText(req_data.getResponseBodyContent()): null

2022-11-28 16:36:05 - [TEST_STEP][PASSED] - reqid_kons = requestid1: null

2022-11-28 16:36:05 - [TEST_STEP][PASSED] - reqid_spouse = requestid2: null

2022-11-28 16:36:05 - [TEST_STEP][PASSED] - println("requestid kons : " + reqid_kons): null

2022-11-28 16:36:05 - [TEST_STEP][PASSED] - response_searchME_kons = reqid_kons: null

2022-11-28 16:36:05 - [TEST_STEP][PASSED] - response_searchME_spouse = reqid_spouse: null

2022-11-28 16:36:05 - [TEST_STEP][PASSED] - println("kons req id is :" + response_searchME_kons): null

2022-11-28 16:36:05 - [TEST_STEP][PASSED] - println("spouse req id is : " + response_searchME_spouse): null

2022-11-28 16:36:05 - [TEST_STEP][PASSED] - verifyResponseStatusCode(req_data, 200): Verify response status code successfully

2022-11-28 16:36:05 - [MESSAGE][PASSED] - Verify response status code successfully

2022-11-28 16:36:05 - [TEST_STEP][PASSED] - response = req_data.getResponseText(): null

2022-11-28 16:36:05 - [TEST_STEP][PASSED] - logInfo($response): {"status":"Done","data":{"requestid1":"256614","requestid2":"256615"}}

2022-11-28 16:36:05 - [MESSAGE][INFO] - {"status":"Done","data":{"requestid1":"256614","requestid2":"256615"}}

2022-11-28 16:36:05 - [TEST_STEP][PASSED] - delay(5): Delayed 5 second(s)

2022-11-28 16:36:10 - [MESSAGE][PASSED] - Delayed 5 second(s)

2022-11-28 16:36:10 - [TEST_STEP][PASSED] - scoring = sendRequest(findTestObject("EngineScore", ["response_searchME_kons":response_searchME_kons, "response_searchME_spouse":response_searchME_spouse])): Send request successfully

2022-11-28 16:36:10 - [MESSAGE][INFO] - HAR: D:\DMS\Engine Scoring\Reports\20221128_163438\Exclude KKB - DS - Married\Scoring Married - CS Used\20221128_163438\requests\main\21.har

2022-11-28 16:36:10 - [MESSAGE][PASSED] - Send request successfully

2022-11-28 16:36:10 - [TEST_STEP][PASSED] - verifyResponseStatusCode(scoring, 200): Verify response status code successfully

2022-11-28 16:36:10 - [MESSAGE][PASSED] - Verify response status code successfully

2022-11-28 16:36:10 - [TEST_STEP][PASSED] - response2 = scoring.getResponseText(): null

2022-11-28 16:36:10 - [TEST_STEP][PASSED] - markPassed("result service data ke : " + no): result service data ke : 11

2022-11-28 16:36:10 - [MESSAGE][PASSED] - result service data ke : 11

2022-11-28 16:36:10 - [TEST_STEP][PASSED] - logInfo($response2): {"result_konsumen":"Approve","result_pasangan":"Approve","Final_result":"Approve","errorMessage":"","status":"Done"}

2022-11-28 16:36:10 - [MESSAGE][INFO] - {"result_konsumen":"Approve","result_pasangan":"Approve","Final_result":"Approve","errorMessage":"","status":"Done"}

2022-11-28 16:36:10 - [TEST_STEP][PASSED] - verifyElementPropertyValue(scoring, "Final_result", final_result): Verify element property value successfully

2022-11-28 16:36:10 - [MESSAGE][PASSED] - Verify element property value successfully]]></system-out>
         <system-err><![CDATA[]]></system-err>
      </testcase>
      <testcase name="Test Cases/Engine_Scoring/Engine Scoring" time="8.364" classname="Test Cases/Engine_Scoring/Engine Scoring" status="PASSED">
         <system-out><![CDATA[2022-11-28 16:36:10 - [TEST_CASE][PASSED] - Test Cases/Engine_Scoring/Engine Scoring: Test Cases/Engine_Scoring/Engine Scoring

2022-11-28 16:36:11 - [TEST_STEP][PASSED] - markPassed("Variasi data ke : " + no): Variasi data ke : 12

2022-11-28 16:36:11 - [MESSAGE][PASSED] - Variasi data ke : 12

2022-11-28 16:36:11 - [TEST_STEP][PASSED] - req_data = sendRequest(findTestObject("Search_ME", ["MID":MID, "source":source, "ip":ip, "userid":userid, "branch":branch, "tipekons":tipekons, "marital":marital, "penjamin":penjamin, ... ])): Send request successfully

2022-11-28 16:36:13 - [MESSAGE][INFO] - HAR: D:\DMS\Engine Scoring\Reports\20221128_163438\Exclude KKB - DS - Married\Scoring Married - CS Used\20221128_163438\requests\main\22.har

2022-11-28 16:36:13 - [MESSAGE][PASSED] - Send request successfully

2022-11-28 16:36:13 - [TEST_STEP][PASSED] - slurper = new groovy.json.JsonSlurper(): null

2022-11-28 16:36:13 - [TEST_STEP][PASSED] - result = slurper.parseText(req_data.getResponseBodyContent()): null

2022-11-28 16:36:13 - [TEST_STEP][PASSED] - reqid_kons = requestid1: null

2022-11-28 16:36:13 - [TEST_STEP][PASSED] - reqid_spouse = requestid2: null

2022-11-28 16:36:13 - [TEST_STEP][PASSED] - println("requestid kons : " + reqid_kons): null

2022-11-28 16:36:13 - [TEST_STEP][PASSED] - response_searchME_kons = reqid_kons: null

2022-11-28 16:36:13 - [TEST_STEP][PASSED] - response_searchME_spouse = reqid_spouse: null

2022-11-28 16:36:13 - [TEST_STEP][PASSED] - println("kons req id is :" + response_searchME_kons): null

2022-11-28 16:36:13 - [TEST_STEP][PASSED] - println("spouse req id is : " + response_searchME_spouse): null

2022-11-28 16:36:13 - [TEST_STEP][PASSED] - verifyResponseStatusCode(req_data, 200): Verify response status code successfully

2022-11-28 16:36:13 - [MESSAGE][PASSED] - Verify response status code successfully

2022-11-28 16:36:13 - [TEST_STEP][PASSED] - response = req_data.getResponseText(): null

2022-11-28 16:36:13 - [TEST_STEP][PASSED] - logInfo($response): {"status":"Done","data":{"requestid1":"256616","requestid2":"256617"}}

2022-11-28 16:36:13 - [MESSAGE][INFO] - {"status":"Done","data":{"requestid1":"256616","requestid2":"256617"}}

2022-11-28 16:36:13 - [TEST_STEP][PASSED] - delay(5): Delayed 5 second(s)

2022-11-28 16:36:18 - [MESSAGE][PASSED] - Delayed 5 second(s)

2022-11-28 16:36:18 - [TEST_STEP][PASSED] - scoring = sendRequest(findTestObject("EngineScore", ["response_searchME_kons":response_searchME_kons, "response_searchME_spouse":response_searchME_spouse])): Send request successfully

2022-11-28 16:36:18 - [MESSAGE][INFO] - HAR: D:\DMS\Engine Scoring\Reports\20221128_163438\Exclude KKB - DS - Married\Scoring Married - CS Used\20221128_163438\requests\main\23.har

2022-11-28 16:36:18 - [MESSAGE][PASSED] - Send request successfully

2022-11-28 16:36:18 - [TEST_STEP][PASSED] - verifyResponseStatusCode(scoring, 200): Verify response status code successfully

2022-11-28 16:36:18 - [MESSAGE][PASSED] - Verify response status code successfully

2022-11-28 16:36:18 - [TEST_STEP][PASSED] - response2 = scoring.getResponseText(): null

2022-11-28 16:36:18 - [TEST_STEP][PASSED] - markPassed("result service data ke : " + no): result service data ke : 12

2022-11-28 16:36:18 - [MESSAGE][PASSED] - result service data ke : 12

2022-11-28 16:36:18 - [TEST_STEP][PASSED] - logInfo($response2): {"result_konsumen":"Approve","result_pasangan":"Approve","Final_result":"Approve","errorMessage":"","status":"Done"}

2022-11-28 16:36:18 - [MESSAGE][INFO] - {"result_konsumen":"Approve","result_pasangan":"Approve","Final_result":"Approve","errorMessage":"","status":"Done"}

2022-11-28 16:36:18 - [TEST_STEP][PASSED] - verifyElementPropertyValue(scoring, "Final_result", final_result): Verify element property value successfully

2022-11-28 16:36:18 - [MESSAGE][PASSED] - Verify element property value successfully]]></system-out>
         <system-err><![CDATA[]]></system-err>
      </testcase>
      <testcase name="Test Cases/Engine_Scoring/Engine Scoring" time="6.597" classname="Test Cases/Engine_Scoring/Engine Scoring" status="PASSED">
         <system-out><![CDATA[2022-11-28 16:36:18 - [TEST_CASE][PASSED] - Test Cases/Engine_Scoring/Engine Scoring: Test Cases/Engine_Scoring/Engine Scoring

2022-11-28 16:36:19 - [TEST_STEP][PASSED] - markPassed("Variasi data ke : " + no): Variasi data ke : 13

2022-11-28 16:36:19 - [MESSAGE][PASSED] - Variasi data ke : 13

2022-11-28 16:36:19 - [TEST_STEP][PASSED] - req_data = sendRequest(findTestObject("Search_ME", ["MID":MID, "source":source, "ip":ip, "userid":userid, "branch":branch, "tipekons":tipekons, "marital":marital, "penjamin":penjamin, ... ])): Send request successfully

2022-11-28 16:36:20 - [MESSAGE][INFO] - HAR: D:\DMS\Engine Scoring\Reports\20221128_163438\Exclude KKB - DS - Married\Scoring Married - CS Used\20221128_163438\requests\main\24.har

2022-11-28 16:36:20 - [MESSAGE][PASSED] - Send request successfully

2022-11-28 16:36:20 - [TEST_STEP][PASSED] - slurper = new groovy.json.JsonSlurper(): null

2022-11-28 16:36:20 - [TEST_STEP][PASSED] - result = slurper.parseText(req_data.getResponseBodyContent()): null

2022-11-28 16:36:20 - [TEST_STEP][PASSED] - reqid_kons = requestid1: null

2022-11-28 16:36:20 - [TEST_STEP][PASSED] - reqid_spouse = requestid2: null

2022-11-28 16:36:20 - [TEST_STEP][PASSED] - println("requestid kons : " + reqid_kons): null

2022-11-28 16:36:20 - [TEST_STEP][PASSED] - response_searchME_kons = reqid_kons: null

2022-11-28 16:36:20 - [TEST_STEP][PASSED] - response_searchME_spouse = reqid_spouse: null

2022-11-28 16:36:20 - [TEST_STEP][PASSED] - println("kons req id is :" + response_searchME_kons): null

2022-11-28 16:36:20 - [TEST_STEP][PASSED] - println("spouse req id is : " + response_searchME_spouse): null

2022-11-28 16:36:20 - [TEST_STEP][PASSED] - verifyResponseStatusCode(req_data, 200): Verify response status code successfully

2022-11-28 16:36:20 - [MESSAGE][PASSED] - Verify response status code successfully

2022-11-28 16:36:20 - [TEST_STEP][PASSED] - response = req_data.getResponseText(): null

2022-11-28 16:36:20 - [TEST_STEP][PASSED] - logInfo($response): {"status":"Done","data":{"requestid1":"256618","requestid2":"256619"}}

2022-11-28 16:36:20 - [MESSAGE][INFO] - {"status":"Done","data":{"requestid1":"256618","requestid2":"256619"}}

2022-11-28 16:36:20 - [TEST_STEP][PASSED] - delay(5): Delayed 5 second(s)

2022-11-28 16:36:25 - [MESSAGE][PASSED] - Delayed 5 second(s)

2022-11-28 16:36:25 - [TEST_STEP][PASSED] - scoring = sendRequest(findTestObject("EngineScore", ["response_searchME_kons":response_searchME_kons, "response_searchME_spouse":response_searchME_spouse])): Send request successfully

2022-11-28 16:36:25 - [MESSAGE][INFO] - HAR: D:\DMS\Engine Scoring\Reports\20221128_163438\Exclude KKB - DS - Married\Scoring Married - CS Used\20221128_163438\requests\main\25.har

2022-11-28 16:36:25 - [MESSAGE][PASSED] - Send request successfully

2022-11-28 16:36:25 - [TEST_STEP][PASSED] - verifyResponseStatusCode(scoring, 200): Verify response status code successfully

2022-11-28 16:36:25 - [MESSAGE][PASSED] - Verify response status code successfully

2022-11-28 16:36:25 - [TEST_STEP][PASSED] - response2 = scoring.getResponseText(): null

2022-11-28 16:36:25 - [TEST_STEP][PASSED] - markPassed("result service data ke : " + no): result service data ke : 13

2022-11-28 16:36:25 - [MESSAGE][PASSED] - result service data ke : 13

2022-11-28 16:36:25 - [TEST_STEP][PASSED] - logInfo($response2): {"result_konsumen":"Approve","result_pasangan":"Approve","Final_result":"Approve","errorMessage":"","status":"Done"}

2022-11-28 16:36:25 - [MESSAGE][INFO] - {"result_konsumen":"Approve","result_pasangan":"Approve","Final_result":"Approve","errorMessage":"","status":"Done"}

2022-11-28 16:36:25 - [TEST_STEP][PASSED] - verifyElementPropertyValue(scoring, "Final_result", final_result): Verify element property value successfully

2022-11-28 16:36:25 - [MESSAGE][PASSED] - Verify element property value successfully]]></system-out>
         <system-err><![CDATA[]]></system-err>
      </testcase>
      <testcase name="Test Cases/Engine_Scoring/Engine Scoring" time="6.63" classname="Test Cases/Engine_Scoring/Engine Scoring" status="PASSED">
         <system-out><![CDATA[2022-11-28 16:36:25 - [TEST_CASE][PASSED] - Test Cases/Engine_Scoring/Engine Scoring: Test Cases/Engine_Scoring/Engine Scoring

2022-11-28 16:36:26 - [TEST_STEP][PASSED] - markPassed("Variasi data ke : " + no): Variasi data ke : 14

2022-11-28 16:36:26 - [MESSAGE][PASSED] - Variasi data ke : 14

2022-11-28 16:36:26 - [TEST_STEP][PASSED] - req_data = sendRequest(findTestObject("Search_ME", ["MID":MID, "source":source, "ip":ip, "userid":userid, "branch":branch, "tipekons":tipekons, "marital":marital, "penjamin":penjamin, ... ])): Send request successfully

2022-11-28 16:36:26 - [MESSAGE][INFO] - HAR: D:\DMS\Engine Scoring\Reports\20221128_163438\Exclude KKB - DS - Married\Scoring Married - CS Used\20221128_163438\requests\main\26.har

2022-11-28 16:36:26 - [MESSAGE][PASSED] - Send request successfully

2022-11-28 16:36:26 - [TEST_STEP][PASSED] - slurper = new groovy.json.JsonSlurper(): null

2022-11-28 16:36:26 - [TEST_STEP][PASSED] - result = slurper.parseText(req_data.getResponseBodyContent()): null

2022-11-28 16:36:26 - [TEST_STEP][PASSED] - reqid_kons = requestid1: null

2022-11-28 16:36:26 - [TEST_STEP][PASSED] - reqid_spouse = requestid2: null

2022-11-28 16:36:26 - [TEST_STEP][PASSED] - println("requestid kons : " + reqid_kons): null

2022-11-28 16:36:26 - [TEST_STEP][PASSED] - response_searchME_kons = reqid_kons: null

2022-11-28 16:36:26 - [TEST_STEP][PASSED] - response_searchME_spouse = reqid_spouse: null

2022-11-28 16:36:26 - [TEST_STEP][PASSED] - println("kons req id is :" + response_searchME_kons): null

2022-11-28 16:36:26 - [TEST_STEP][PASSED] - println("spouse req id is : " + response_searchME_spouse): null

2022-11-28 16:36:26 - [TEST_STEP][PASSED] - verifyResponseStatusCode(req_data, 200): Verify response status code successfully

2022-11-28 16:36:26 - [MESSAGE][PASSED] - Verify response status code successfully

2022-11-28 16:36:26 - [TEST_STEP][PASSED] - response = req_data.getResponseText(): null

2022-11-28 16:36:26 - [TEST_STEP][PASSED] - logInfo($response): {"status":"Done","data":{"requestid1":"256620","requestid2":"256621"}}

2022-11-28 16:36:26 - [MESSAGE][INFO] - {"status":"Done","data":{"requestid1":"256620","requestid2":"256621"}}

2022-11-28 16:36:26 - [TEST_STEP][PASSED] - delay(5): Delayed 5 second(s)

2022-11-28 16:36:31 - [MESSAGE][PASSED] - Delayed 5 second(s)

2022-11-28 16:36:31 - [TEST_STEP][PASSED] - scoring = sendRequest(findTestObject("EngineScore", ["response_searchME_kons":response_searchME_kons, "response_searchME_spouse":response_searchME_spouse])): Send request successfully

2022-11-28 16:36:32 - [MESSAGE][INFO] - HAR: D:\DMS\Engine Scoring\Reports\20221128_163438\Exclude KKB - DS - Married\Scoring Married - CS Used\20221128_163438\requests\main\27.har

2022-11-28 16:36:32 - [MESSAGE][PASSED] - Send request successfully

2022-11-28 16:36:32 - [TEST_STEP][PASSED] - verifyResponseStatusCode(scoring, 200): Verify response status code successfully

2022-11-28 16:36:32 - [MESSAGE][PASSED] - Verify response status code successfully

2022-11-28 16:36:32 - [TEST_STEP][PASSED] - response2 = scoring.getResponseText(): null

2022-11-28 16:36:32 - [TEST_STEP][PASSED] - markPassed("result service data ke : " + no): result service data ke : 14

2022-11-28 16:36:32 - [MESSAGE][PASSED] - result service data ke : 14

2022-11-28 16:36:32 - [TEST_STEP][PASSED] - logInfo($response2): {"result_konsumen":"Approve","result_pasangan":"Reject","Final_result":"Reject","errorMessage":"","status":"Done"}

2022-11-28 16:36:32 - [MESSAGE][INFO] - {"result_konsumen":"Approve","result_pasangan":"Reject","Final_result":"Reject","errorMessage":"","status":"Done"}

2022-11-28 16:36:32 - [TEST_STEP][PASSED] - verifyElementPropertyValue(scoring, "Final_result", final_result): Verify element property value successfully

2022-11-28 16:36:32 - [MESSAGE][PASSED] - Verify element property value successfully]]></system-out>
         <system-err><![CDATA[]]></system-err>
      </testcase>
      <testcase name="Test Cases/Engine_Scoring/Engine Scoring" time="6.726" classname="Test Cases/Engine_Scoring/Engine Scoring" status="PASSED">
         <system-out><![CDATA[2022-11-28 16:36:32 - [TEST_CASE][PASSED] - Test Cases/Engine_Scoring/Engine Scoring: Test Cases/Engine_Scoring/Engine Scoring

2022-11-28 16:36:32 - [TEST_STEP][PASSED] - markPassed("Variasi data ke : " + no): Variasi data ke : 15

2022-11-28 16:36:32 - [MESSAGE][PASSED] - Variasi data ke : 15

2022-11-28 16:36:32 - [TEST_STEP][PASSED] - req_data = sendRequest(findTestObject("Search_ME", ["MID":MID, "source":source, "ip":ip, "userid":userid, "branch":branch, "tipekons":tipekons, "marital":marital, "penjamin":penjamin, ... ])): Send request successfully

2022-11-28 16:36:33 - [MESSAGE][INFO] - HAR: D:\DMS\Engine Scoring\Reports\20221128_163438\Exclude KKB - DS - Married\Scoring Married - CS Used\20221128_163438\requests\main\28.har

2022-11-28 16:36:33 - [MESSAGE][PASSED] - Send request successfully

2022-11-28 16:36:33 - [TEST_STEP][PASSED] - slurper = new groovy.json.JsonSlurper(): null

2022-11-28 16:36:33 - [TEST_STEP][PASSED] - result = slurper.parseText(req_data.getResponseBodyContent()): null

2022-11-28 16:36:33 - [TEST_STEP][PASSED] - reqid_kons = requestid1: null

2022-11-28 16:36:33 - [TEST_STEP][PASSED] - reqid_spouse = requestid2: null

2022-11-28 16:36:33 - [TEST_STEP][PASSED] - println("requestid kons : " + reqid_kons): null

2022-11-28 16:36:33 - [TEST_STEP][PASSED] - response_searchME_kons = reqid_kons: null

2022-11-28 16:36:33 - [TEST_STEP][PASSED] - response_searchME_spouse = reqid_spouse: null

2022-11-28 16:36:33 - [TEST_STEP][PASSED] - println("kons req id is :" + response_searchME_kons): null

2022-11-28 16:36:33 - [TEST_STEP][PASSED] - println("spouse req id is : " + response_searchME_spouse): null

2022-11-28 16:36:33 - [TEST_STEP][PASSED] - verifyResponseStatusCode(req_data, 200): Verify response status code successfully

2022-11-28 16:36:33 - [MESSAGE][PASSED] - Verify response status code successfully

2022-11-28 16:36:33 - [TEST_STEP][PASSED] - response = req_data.getResponseText(): null

2022-11-28 16:36:33 - [TEST_STEP][PASSED] - logInfo($response): {"status":"Done","data":{"requestid1":"256622","requestid2":"256623"}}

2022-11-28 16:36:33 - [MESSAGE][INFO] - {"status":"Done","data":{"requestid1":"256622","requestid2":"256623"}}

2022-11-28 16:36:33 - [TEST_STEP][PASSED] - delay(5): Delayed 5 second(s)

2022-11-28 16:36:38 - [MESSAGE][PASSED] - Delayed 5 second(s)

2022-11-28 16:36:38 - [TEST_STEP][PASSED] - scoring = sendRequest(findTestObject("EngineScore", ["response_searchME_kons":response_searchME_kons, "response_searchME_spouse":response_searchME_spouse])): Send request successfully

2022-11-28 16:36:38 - [MESSAGE][INFO] - HAR: D:\DMS\Engine Scoring\Reports\20221128_163438\Exclude KKB - DS - Married\Scoring Married - CS Used\20221128_163438\requests\main\29.har

2022-11-28 16:36:38 - [MESSAGE][PASSED] - Send request successfully

2022-11-28 16:36:38 - [TEST_STEP][PASSED] - verifyResponseStatusCode(scoring, 200): Verify response status code successfully

2022-11-28 16:36:38 - [MESSAGE][PASSED] - Verify response status code successfully

2022-11-28 16:36:38 - [TEST_STEP][PASSED] - response2 = scoring.getResponseText(): null

2022-11-28 16:36:38 - [TEST_STEP][PASSED] - markPassed("result service data ke : " + no): result service data ke : 15

2022-11-28 16:36:38 - [MESSAGE][PASSED] - result service data ke : 15

2022-11-28 16:36:38 - [TEST_STEP][PASSED] - logInfo($response2): {"result_konsumen":"Approve","result_pasangan":"Reject","Final_result":"Reject","errorMessage":"","status":"Done"}

2022-11-28 16:36:38 - [MESSAGE][INFO] - {"result_konsumen":"Approve","result_pasangan":"Reject","Final_result":"Reject","errorMessage":"","status":"Done"}

2022-11-28 16:36:38 - [TEST_STEP][PASSED] - verifyElementPropertyValue(scoring, "Final_result", final_result): Verify element property value successfully

2022-11-28 16:36:38 - [MESSAGE][PASSED] - Verify element property value successfully]]></system-out>
         <system-err><![CDATA[]]></system-err>
      </testcase>
      <testcase name="Test Cases/Engine_Scoring/Engine Scoring" time="6.574" classname="Test Cases/Engine_Scoring/Engine Scoring" status="PASSED">
         <system-out><![CDATA[2022-11-28 16:36:38 - [TEST_CASE][PASSED] - Test Cases/Engine_Scoring/Engine Scoring: Test Cases/Engine_Scoring/Engine Scoring

2022-11-28 16:36:39 - [TEST_STEP][PASSED] - markPassed("Variasi data ke : " + no): Variasi data ke : 16

2022-11-28 16:36:39 - [MESSAGE][PASSED] - Variasi data ke : 16

2022-11-28 16:36:39 - [TEST_STEP][PASSED] - req_data = sendRequest(findTestObject("Search_ME", ["MID":MID, "source":source, "ip":ip, "userid":userid, "branch":branch, "tipekons":tipekons, "marital":marital, "penjamin":penjamin, ... ])): Send request successfully

2022-11-28 16:36:40 - [MESSAGE][INFO] - HAR: D:\DMS\Engine Scoring\Reports\20221128_163438\Exclude KKB - DS - Married\Scoring Married - CS Used\20221128_163438\requests\main\30.har

2022-11-28 16:36:40 - [MESSAGE][PASSED] - Send request successfully

2022-11-28 16:36:40 - [TEST_STEP][PASSED] - slurper = new groovy.json.JsonSlurper(): null

2022-11-28 16:36:40 - [TEST_STEP][PASSED] - result = slurper.parseText(req_data.getResponseBodyContent()): null

2022-11-28 16:36:40 - [TEST_STEP][PASSED] - reqid_kons = requestid1: null

2022-11-28 16:36:40 - [TEST_STEP][PASSED] - reqid_spouse = requestid2: null

2022-11-28 16:36:40 - [TEST_STEP][PASSED] - println("requestid kons : " + reqid_kons): null

2022-11-28 16:36:40 - [TEST_STEP][PASSED] - response_searchME_kons = reqid_kons: null

2022-11-28 16:36:40 - [TEST_STEP][PASSED] - response_searchME_spouse = reqid_spouse: null

2022-11-28 16:36:40 - [TEST_STEP][PASSED] - println("kons req id is :" + response_searchME_kons): null

2022-11-28 16:36:40 - [TEST_STEP][PASSED] - println("spouse req id is : " + response_searchME_spouse): null

2022-11-28 16:36:40 - [TEST_STEP][PASSED] - verifyResponseStatusCode(req_data, 200): Verify response status code successfully

2022-11-28 16:36:40 - [MESSAGE][PASSED] - Verify response status code successfully

2022-11-28 16:36:40 - [TEST_STEP][PASSED] - response = req_data.getResponseText(): null

2022-11-28 16:36:40 - [TEST_STEP][PASSED] - logInfo($response): {"status":"Done","data":{"requestid1":"256624","requestid2":"256625"}}

2022-11-28 16:36:40 - [MESSAGE][INFO] - {"status":"Done","data":{"requestid1":"256624","requestid2":"256625"}}

2022-11-28 16:36:40 - [TEST_STEP][PASSED] - delay(5): Delayed 5 second(s)

2022-11-28 16:36:45 - [MESSAGE][PASSED] - Delayed 5 second(s)

2022-11-28 16:36:45 - [TEST_STEP][PASSED] - scoring = sendRequest(findTestObject("EngineScore", ["response_searchME_kons":response_searchME_kons, "response_searchME_spouse":response_searchME_spouse])): Send request successfully

2022-11-28 16:36:45 - [MESSAGE][INFO] - HAR: D:\DMS\Engine Scoring\Reports\20221128_163438\Exclude KKB - DS - Married\Scoring Married - CS Used\20221128_163438\requests\main\31.har

2022-11-28 16:36:45 - [MESSAGE][PASSED] - Send request successfully

2022-11-28 16:36:45 - [TEST_STEP][PASSED] - verifyResponseStatusCode(scoring, 200): Verify response status code successfully

2022-11-28 16:36:45 - [MESSAGE][PASSED] - Verify response status code successfully

2022-11-28 16:36:45 - [TEST_STEP][PASSED] - response2 = scoring.getResponseText(): null

2022-11-28 16:36:45 - [TEST_STEP][PASSED] - markPassed("result service data ke : " + no): result service data ke : 16

2022-11-28 16:36:45 - [MESSAGE][PASSED] - result service data ke : 16

2022-11-28 16:36:45 - [TEST_STEP][PASSED] - logInfo($response2): {"result_konsumen":"Approve","result_pasangan":"Reject","Final_result":"Reject","errorMessage":"","status":"Done"}

2022-11-28 16:36:45 - [MESSAGE][INFO] - {"result_konsumen":"Approve","result_pasangan":"Reject","Final_result":"Reject","errorMessage":"","status":"Done"}

2022-11-28 16:36:45 - [TEST_STEP][PASSED] - verifyElementPropertyValue(scoring, "Final_result", final_result): Verify element property value successfully

2022-11-28 16:36:45 - [MESSAGE][PASSED] - Verify element property value successfully]]></system-out>
         <system-err><![CDATA[]]></system-err>
      </testcase>
      <testcase name="Test Cases/Engine_Scoring/Engine Scoring" time="6.78" classname="Test Cases/Engine_Scoring/Engine Scoring" status="PASSED">
         <system-out><![CDATA[2022-11-28 16:36:45 - [TEST_CASE][PASSED] - Test Cases/Engine_Scoring/Engine Scoring: Test Cases/Engine_Scoring/Engine Scoring

2022-11-28 16:36:46 - [TEST_STEP][PASSED] - markPassed("Variasi data ke : " + no): Variasi data ke : 17

2022-11-28 16:36:46 - [MESSAGE][PASSED] - Variasi data ke : 17

2022-11-28 16:36:46 - [TEST_STEP][PASSED] - req_data = sendRequest(findTestObject("Search_ME", ["MID":MID, "source":source, "ip":ip, "userid":userid, "branch":branch, "tipekons":tipekons, "marital":marital, "penjamin":penjamin, ... ])): Send request successfully

2022-11-28 16:36:47 - [MESSAGE][INFO] - HAR: D:\DMS\Engine Scoring\Reports\20221128_163438\Exclude KKB - DS - Married\Scoring Married - CS Used\20221128_163438\requests\main\32.har

2022-11-28 16:36:47 - [MESSAGE][PASSED] - Send request successfully

2022-11-28 16:36:47 - [TEST_STEP][PASSED] - slurper = new groovy.json.JsonSlurper(): null

2022-11-28 16:36:47 - [TEST_STEP][PASSED] - result = slurper.parseText(req_data.getResponseBodyContent()): null

2022-11-28 16:36:47 - [TEST_STEP][PASSED] - reqid_kons = requestid1: null

2022-11-28 16:36:47 - [TEST_STEP][PASSED] - reqid_spouse = requestid2: null

2022-11-28 16:36:47 - [TEST_STEP][PASSED] - println("requestid kons : " + reqid_kons): null

2022-11-28 16:36:47 - [TEST_STEP][PASSED] - response_searchME_kons = reqid_kons: null

2022-11-28 16:36:47 - [TEST_STEP][PASSED] - response_searchME_spouse = reqid_spouse: null

2022-11-28 16:36:47 - [TEST_STEP][PASSED] - println("kons req id is :" + response_searchME_kons): null

2022-11-28 16:36:47 - [TEST_STEP][PASSED] - println("spouse req id is : " + response_searchME_spouse): null

2022-11-28 16:36:47 - [TEST_STEP][PASSED] - verifyResponseStatusCode(req_data, 200): Verify response status code successfully

2022-11-28 16:36:47 - [MESSAGE][PASSED] - Verify response status code successfully

2022-11-28 16:36:47 - [TEST_STEP][PASSED] - response = req_data.getResponseText(): null

2022-11-28 16:36:47 - [TEST_STEP][PASSED] - logInfo($response): {"status":"Done","data":{"requestid1":"256626","requestid2":"256627"}}

2022-11-28 16:36:47 - [MESSAGE][INFO] - {"status":"Done","data":{"requestid1":"256626","requestid2":"256627"}}

2022-11-28 16:36:47 - [TEST_STEP][PASSED] - delay(5): Delayed 5 second(s)

2022-11-28 16:36:52 - [MESSAGE][PASSED] - Delayed 5 second(s)

2022-11-28 16:36:52 - [TEST_STEP][PASSED] - scoring = sendRequest(findTestObject("EngineScore", ["response_searchME_kons":response_searchME_kons, "response_searchME_spouse":response_searchME_spouse])): Send request successfully

2022-11-28 16:36:52 - [MESSAGE][INFO] - HAR: D:\DMS\Engine Scoring\Reports\20221128_163438\Exclude KKB - DS - Married\Scoring Married - CS Used\20221128_163438\requests\main\33.har

2022-11-28 16:36:52 - [MESSAGE][PASSED] - Send request successfully

2022-11-28 16:36:52 - [TEST_STEP][PASSED] - verifyResponseStatusCode(scoring, 200): Verify response status code successfully

2022-11-28 16:36:52 - [MESSAGE][PASSED] - Verify response status code successfully

2022-11-28 16:36:52 - [TEST_STEP][PASSED] - response2 = scoring.getResponseText(): null

2022-11-28 16:36:52 - [TEST_STEP][PASSED] - markPassed("result service data ke : " + no): result service data ke : 17

2022-11-28 16:36:52 - [MESSAGE][PASSED] - result service data ke : 17

2022-11-28 16:36:52 - [TEST_STEP][PASSED] - logInfo($response2): {"result_konsumen":"Approve","result_pasangan":"Reguler","Final_result":"Approve","errorMessage":"","status":"Done"}

2022-11-28 16:36:52 - [MESSAGE][INFO] - {"result_konsumen":"Approve","result_pasangan":"Reguler","Final_result":"Approve","errorMessage":"","status":"Done"}

2022-11-28 16:36:52 - [TEST_STEP][PASSED] - verifyElementPropertyValue(scoring, "Final_result", final_result): Verify element property value successfully

2022-11-28 16:36:52 - [MESSAGE][PASSED] - Verify element property value successfully]]></system-out>
         <system-err><![CDATA[]]></system-err>
      </testcase>
      <testcase name="Test Cases/Engine_Scoring/Engine Scoring" time="6.884" classname="Test Cases/Engine_Scoring/Engine Scoring" status="PASSED">
         <system-out><![CDATA[2022-11-28 16:36:52 - [TEST_CASE][PASSED] - Test Cases/Engine_Scoring/Engine Scoring: Test Cases/Engine_Scoring/Engine Scoring

2022-11-28 16:36:53 - [TEST_STEP][PASSED] - markPassed("Variasi data ke : " + no): Variasi data ke : 18

2022-11-28 16:36:53 - [MESSAGE][PASSED] - Variasi data ke : 18

2022-11-28 16:36:53 - [TEST_STEP][PASSED] - req_data = sendRequest(findTestObject("Search_ME", ["MID":MID, "source":source, "ip":ip, "userid":userid, "branch":branch, "tipekons":tipekons, "marital":marital, "penjamin":penjamin, ... ])): Send request successfully

2022-11-28 16:36:54 - [MESSAGE][INFO] - HAR: D:\DMS\Engine Scoring\Reports\20221128_163438\Exclude KKB - DS - Married\Scoring Married - CS Used\20221128_163438\requests\main\34.har

2022-11-28 16:36:54 - [MESSAGE][PASSED] - Send request successfully

2022-11-28 16:36:54 - [TEST_STEP][PASSED] - slurper = new groovy.json.JsonSlurper(): null

2022-11-28 16:36:54 - [TEST_STEP][PASSED] - result = slurper.parseText(req_data.getResponseBodyContent()): null

2022-11-28 16:36:54 - [TEST_STEP][PASSED] - reqid_kons = requestid1: null

2022-11-28 16:36:54 - [TEST_STEP][PASSED] - reqid_spouse = requestid2: null

2022-11-28 16:36:54 - [TEST_STEP][PASSED] - println("requestid kons : " + reqid_kons): null

2022-11-28 16:36:54 - [TEST_STEP][PASSED] - response_searchME_kons = reqid_kons: null

2022-11-28 16:36:54 - [TEST_STEP][PASSED] - response_searchME_spouse = reqid_spouse: null

2022-11-28 16:36:54 - [TEST_STEP][PASSED] - println("kons req id is :" + response_searchME_kons): null

2022-11-28 16:36:54 - [TEST_STEP][PASSED] - println("spouse req id is : " + response_searchME_spouse): null

2022-11-28 16:36:54 - [TEST_STEP][PASSED] - verifyResponseStatusCode(req_data, 200): Verify response status code successfully

2022-11-28 16:36:54 - [MESSAGE][PASSED] - Verify response status code successfully

2022-11-28 16:36:54 - [TEST_STEP][PASSED] - response = req_data.getResponseText(): null

2022-11-28 16:36:54 - [TEST_STEP][PASSED] - logInfo($response): {"status":"Done","data":{"requestid1":"256628","requestid2":"256629"}}

2022-11-28 16:36:54 - [MESSAGE][INFO] - {"status":"Done","data":{"requestid1":"256628","requestid2":"256629"}}

2022-11-28 16:36:54 - [TEST_STEP][PASSED] - delay(5): Delayed 5 second(s)

2022-11-28 16:36:59 - [MESSAGE][PASSED] - Delayed 5 second(s)

2022-11-28 16:36:59 - [TEST_STEP][PASSED] - scoring = sendRequest(findTestObject("EngineScore", ["response_searchME_kons":response_searchME_kons, "response_searchME_spouse":response_searchME_spouse])): Send request successfully

2022-11-28 16:36:59 - [MESSAGE][INFO] - HAR: D:\DMS\Engine Scoring\Reports\20221128_163438\Exclude KKB - DS - Married\Scoring Married - CS Used\20221128_163438\requests\main\35.har

2022-11-28 16:36:59 - [MESSAGE][PASSED] - Send request successfully

2022-11-28 16:36:59 - [TEST_STEP][PASSED] - verifyResponseStatusCode(scoring, 200): Verify response status code successfully

2022-11-28 16:36:59 - [MESSAGE][PASSED] - Verify response status code successfully

2022-11-28 16:36:59 - [TEST_STEP][PASSED] - response2 = scoring.getResponseText(): null

2022-11-28 16:36:59 - [TEST_STEP][PASSED] - markPassed("result service data ke : " + no): result service data ke : 18

2022-11-28 16:36:59 - [MESSAGE][PASSED] - result service data ke : 18

2022-11-28 16:36:59 - [TEST_STEP][PASSED] - logInfo($response2): {"result_konsumen":"Approve","result_pasangan":"Approve","Final_result":"Approve","errorMessage":"","status":"Done"}

2022-11-28 16:36:59 - [MESSAGE][INFO] - {"result_konsumen":"Approve","result_pasangan":"Approve","Final_result":"Approve","errorMessage":"","status":"Done"}

2022-11-28 16:36:59 - [TEST_STEP][PASSED] - verifyElementPropertyValue(scoring, "Final_result", final_result): Verify element property value successfully

2022-11-28 16:36:59 - [MESSAGE][PASSED] - Verify element property value successfully]]></system-out>
         <system-err><![CDATA[]]></system-err>
      </testcase>
      <testcase name="Test Cases/Engine_Scoring/Engine Scoring" time="6.642" classname="Test Cases/Engine_Scoring/Engine Scoring" status="PASSED">
         <system-out><![CDATA[2022-11-28 16:36:59 - [TEST_CASE][PASSED] - Test Cases/Engine_Scoring/Engine Scoring: Test Cases/Engine_Scoring/Engine Scoring

2022-11-28 16:37:00 - [TEST_STEP][PASSED] - markPassed("Variasi data ke : " + no): Variasi data ke : 19

2022-11-28 16:37:00 - [MESSAGE][PASSED] - Variasi data ke : 19

2022-11-28 16:37:00 - [TEST_STEP][PASSED] - req_data = sendRequest(findTestObject("Search_ME", ["MID":MID, "source":source, "ip":ip, "userid":userid, "branch":branch, "tipekons":tipekons, "marital":marital, "penjamin":penjamin, ... ])): Send request successfully

2022-11-28 16:37:00 - [MESSAGE][INFO] - HAR: D:\DMS\Engine Scoring\Reports\20221128_163438\Exclude KKB - DS - Married\Scoring Married - CS Used\20221128_163438\requests\main\36.har

2022-11-28 16:37:00 - [MESSAGE][PASSED] - Send request successfully

2022-11-28 16:37:00 - [TEST_STEP][PASSED] - slurper = new groovy.json.JsonSlurper(): null

2022-11-28 16:37:00 - [TEST_STEP][PASSED] - result = slurper.parseText(req_data.getResponseBodyContent()): null

2022-11-28 16:37:00 - [TEST_STEP][PASSED] - reqid_kons = requestid1: null

2022-11-28 16:37:00 - [TEST_STEP][PASSED] - reqid_spouse = requestid2: null

2022-11-28 16:37:00 - [TEST_STEP][PASSED] - println("requestid kons : " + reqid_kons): null

2022-11-28 16:37:00 - [TEST_STEP][PASSED] - response_searchME_kons = reqid_kons: null

2022-11-28 16:37:00 - [TEST_STEP][PASSED] - response_searchME_spouse = reqid_spouse: null

2022-11-28 16:37:00 - [TEST_STEP][PASSED] - println("kons req id is :" + response_searchME_kons): null

2022-11-28 16:37:00 - [TEST_STEP][PASSED] - println("spouse req id is : " + response_searchME_spouse): null

2022-11-28 16:37:00 - [TEST_STEP][PASSED] - verifyResponseStatusCode(req_data, 200): Verify response status code successfully

2022-11-28 16:37:00 - [MESSAGE][PASSED] - Verify response status code successfully

2022-11-28 16:37:00 - [TEST_STEP][PASSED] - response = req_data.getResponseText(): null

2022-11-28 16:37:00 - [TEST_STEP][PASSED] - logInfo($response): {"status":"Done","data":{"requestid1":"256630","requestid2":"256631"}}

2022-11-28 16:37:00 - [MESSAGE][INFO] - {"status":"Done","data":{"requestid1":"256630","requestid2":"256631"}}

2022-11-28 16:37:00 - [TEST_STEP][PASSED] - delay(5): Delayed 5 second(s)

2022-11-28 16:37:05 - [MESSAGE][PASSED] - Delayed 5 second(s)

2022-11-28 16:37:05 - [TEST_STEP][PASSED] - scoring = sendRequest(findTestObject("EngineScore", ["response_searchME_kons":response_searchME_kons, "response_searchME_spouse":response_searchME_spouse])): Send request successfully

2022-11-28 16:37:05 - [MESSAGE][INFO] - HAR: D:\DMS\Engine Scoring\Reports\20221128_163438\Exclude KKB - DS - Married\Scoring Married - CS Used\20221128_163438\requests\main\37.har

2022-11-28 16:37:05 - [MESSAGE][PASSED] - Send request successfully

2022-11-28 16:37:05 - [TEST_STEP][PASSED] - verifyResponseStatusCode(scoring, 200): Verify response status code successfully

2022-11-28 16:37:05 - [MESSAGE][PASSED] - Verify response status code successfully

2022-11-28 16:37:05 - [TEST_STEP][PASSED] - response2 = scoring.getResponseText(): null

2022-11-28 16:37:05 - [TEST_STEP][PASSED] - markPassed("result service data ke : " + no): result service data ke : 19

2022-11-28 16:37:05 - [MESSAGE][PASSED] - result service data ke : 19

2022-11-28 16:37:05 - [TEST_STEP][PASSED] - logInfo($response2): {"result_konsumen":"Reject","result_pasangan":"Approve","Final_result":"Reject","errorMessage":"","status":"Done"}

2022-11-28 16:37:05 - [MESSAGE][INFO] - {"result_konsumen":"Reject","result_pasangan":"Approve","Final_result":"Reject","errorMessage":"","status":"Done"}

2022-11-28 16:37:05 - [TEST_STEP][PASSED] - verifyElementPropertyValue(scoring, "Final_result", final_result): Verify element property value successfully

2022-11-28 16:37:05 - [MESSAGE][PASSED] - Verify element property value successfully]]></system-out>
         <system-err><![CDATA[]]></system-err>
      </testcase>
[...]

2022-11-28 16:38:36 - [TEST_STEP][PASSED] - slurper = new groovy.json.JsonSlurper(): null

2022-11-28 16:38:36 - [TEST_STEP][PASSED] - result = slurper.parseText(req_data.getResponseBodyContent()): null

2022-11-28 16:38:36 - [TEST_STEP][PASSED] - reqid_kons = requestid1: null

2022-11-28 16:38:36 - [TEST_STEP][PASSED] - reqid_spouse = requestid2: null

2022-11-28 16:38:36 - [TEST_STEP][PASSED] - println("requestid kons : " + reqid_kons): null

2022-11-28 16:38:36 - [TEST_STEP][PASSED] - response_searchME_kons = reqid_kons: null

2022-11-28 16:38:36 - [TEST_STEP][PASSED] - response_searchME_spouse = reqid_spouse: null

2022-11-28 16:38:36 - [TEST_STEP][PASSED] - println("kons req id is :" + response_searchME_kons): null

2022-11-28 16:38:36 - [TEST_STEP][PASSED] - println("spouse req id is : " + response_searchME_spouse): null

2022-11-28 16:38:36 - [TEST_STEP][PASSED] - verifyResponseStatusCode(req_data, 200): Verify response status code successfully

2022-11-28 16:38:36 - [MESSAGE][PASSED] - Verify response status code successfully

2022-11-28 16:38:36 - [TEST_STEP][PASSED] - response = req_data.getResponseText(): null

2022-11-28 16:38:36 - [TEST_STEP][PASSED] - logInfo($response): {"status":"Done","data":{"requestid1":"256656","requestid2":"256657"}}

2022-11-28 16:38:36 - [MESSAGE][INFO] - {"status":"Done","data":{"requestid1":"256656","requestid2":"256657"}}

2022-11-28 16:38:36 - [TEST_STEP][PASSED] - delay(5): Delayed 5 second(s)

2022-11-28 16:38:41 - [MESSAGE][PASSED] - Delayed 5 second(s)

2022-11-28 16:38:41 - [TEST_STEP][PASSED] - scoring = sendRequest(findTestObject("EngineScore", ["response_searchME_kons":response_searchME_kons, "response_searchME_spouse":response_searchME_spouse])): Send request successfully

2022-11-28 16:38:41 - [MESSAGE][INFO] - HAR: D:\DMS\Engine Scoring\Reports\20221128_163438\Exclude KKB - DS - Married\Scoring Married - CS Used\20221128_163438\requests\main\63.har

2022-11-28 16:38:41 - [MESSAGE][PASSED] - Send request successfully

2022-11-28 16:38:41 - [TEST_STEP][PASSED] - verifyResponseStatusCode(scoring, 200): Verify response status code successfully

2022-11-28 16:38:41 - [MESSAGE][PASSED] - Verify response status code successfully

2022-11-28 16:38:41 - [TEST_STEP][PASSED] - response2 = scoring.getResponseText(): null

2022-11-28 16:38:41 - [TEST_STEP][PASSED] - markPassed("result service data ke : " + no): result service data ke : 32

2022-11-28 16:38:41 - [MESSAGE][PASSED] - result service data ke : 32

2022-11-28 16:38:41 - [TEST_STEP][PASSED] - logInfo($response2): {"result_konsumen":"Reject","result_pasangan":"Reject","Final_result":"Reject","errorMessage":"","status":"Done"}

2022-11-28 16:38:41 - [MESSAGE][INFO] - {"result_konsumen":"Reject","result_pasangan":"Reject","Final_result":"Reject","errorMessage":"","status":"Done"}

2022-11-28 16:38:41 - [TEST_STEP][PASSED] - verifyElementPropertyValue(scoring, "Final_result", final_result): Verify element property value successfully

2022-11-28 16:38:41 - [MESSAGE][PASSED] - Verify element property value successfully]]></system-out>
         <system-err><![CDATA[]]></system-err>
      </testcase>
      <testcase name="Test Cases/Engine_Scoring/Engine Scoring" time="6.717" classname="Test Cases/Engine_Scoring/Engine Scoring" status="PASSED">
         <system-out><![CDATA[2022-11-28 16:38:41 - [TEST_CASE][PASSED] - Test Cases/Engine_Scoring/Engine Scoring: Test Cases/Engine_Scoring/Engine Scoring

2022-11-28 16:38:41 - [TEST_STEP][PASSED] - markPassed("Variasi data ke : " + no): Variasi data ke : 33

2022-11-28 16:38:41 - [MESSAGE][PASSED] - Variasi data ke : 33

2022-11-28 16:38:41 - [TEST_STEP][PASSED] - req_data = sendRequest(findTestObject("Search_ME", ["MID":MID, "source":source, "ip":ip, "userid":userid, "branch":branch, "tipekons":tipekons, "marital":marital, "penjamin":penjamin, ... ])): Send request successfully

2022-11-28 16:38:42 - [MESSAGE][INFO] - HAR: D:\DMS\Engine Scoring\Reports\20221128_163438\Exclude KKB - DS - Married\Scoring Married - CS Used\20221128_163438\requests\main\64.har

2022-11-28 16:38:42 - [MESSAGE][PASSED] - Send request successfully

2022-11-28 16:38:42 - [TEST_STEP][PASSED] - slurper = new groovy.json.JsonSlurper(): null

2022-11-28 16:38:42 - [TEST_STEP][PASSED] - result = slurper.parseText(req_data.getResponseBodyContent()): null

2022-11-28 16:38:42 - [TEST_STEP][PASSED] - reqid_kons = requestid1: null

2022-11-28 16:38:42 - [TEST_STEP][PASSED] - reqid_spouse = requestid2: null

2022-11-28 16:38:42 - [TEST_STEP][PASSED] - println("requestid kons : " + reqid_kons): null

2022-11-28 16:38:42 - [TEST_STEP][PASSED] - response_searchME_kons = reqid_kons: null

2022-11-28 16:38:42 - [TEST_STEP][PASSED] - response_searchME_spouse = reqid_spouse: null

2022-11-28 16:38:42 - [TEST_STEP][PASSED] - println("kons req id is :" + response_searchME_kons): null

2022-11-28 16:38:42 - [TEST_STEP][PASSED] - println("spouse req id is : " + response_searchME_spouse): null

2022-11-28 16:38:42 - [TEST_STEP][PASSED] - verifyResponseStatusCode(req_data, 200): Verify response status code successfully

2022-11-28 16:38:42 - [MESSAGE][PASSED] - Verify response status code successfully

2022-11-28 16:38:42 - [TEST_STEP][PASSED] - response = req_data.getResponseText(): null

2022-11-28 16:38:42 - [TEST_STEP][PASSED] - logInfo($response): {"status":"Done","data":{"requestid1":"256658","requestid2":"256659"}}

2022-11-28 16:38:42 - [MESSAGE][INFO] - {"status":"Done","data":{"requestid1":"256658","requestid2":"256659"}}

2022-11-28 16:38:42 - [TEST_STEP][PASSED] - delay(5): Delayed 5 second(s)

2022-11-28 16:38:47 - [MESSAGE][PASSED] - Delayed 5 second(s)

2022-11-28 16:38:47 - [TEST_STEP][PASSED] - scoring = sendRequest(findTestObject("EngineScore", ["response_searchME_kons":response_searchME_kons, "response_searchME_spouse":response_searchME_spouse])): Send request successfully

2022-11-28 16:38:47 - [MESSAGE][INFO] - HAR: D:\DMS\Engine Scoring\Reports\20221128_163438\Exclude KKB - DS - Married\Scoring Married - CS Used\20221128_163438\requests\main\65.har

2022-11-28 16:38:47 - [MESSAGE][PASSED] - Send request successfully

2022-11-28 16:38:47 - [TEST_STEP][PASSED] - verifyResponseStatusCode(scoring, 200): Verify response status code successfully

2022-11-28 16:38:47 - [MESSAGE][PASSED] - Verify response status code successfully

2022-11-28 16:38:47 - [TEST_STEP][PASSED] - response2 = scoring.getResponseText(): null

2022-11-28 16:38:47 - [TEST_STEP][PASSED] - markPassed("result service data ke : " + no): result service data ke : 33

2022-11-28 16:38:47 - [MESSAGE][PASSED] - result service data ke : 33

2022-11-28 16:38:47 - [TEST_STEP][PASSED] - logInfo($response2): {"result_konsumen":"Reject","result_pasangan":"Reject","Final_result":"Reject","errorMessage":"","status":"Done"}

2022-11-28 16:38:47 - [MESSAGE][INFO] - {"result_konsumen":"Reject","result_pasangan":"Reject","Final_result":"Reject","errorMessage":"","status":"Done"}

2022-11-28 16:38:47 - [TEST_STEP][PASSED] - verifyElementPropertyValue(scoring, "Final_result", final_result): Verify element property value successfully

2022-11-28 16:38:47 - [MESSAGE][PASSED] - Verify element property value successfully]]></system-out>
         <system-err><![CDATA[]]></system-err>
      </testcase>
      <testcase name="Test Cases/Engine_Scoring/Engine Scoring" time="6.825" classname="Test Cases/Engine_Scoring/Engine Scoring" status="PASSED">
         <system-out><![CDATA[2022-11-28 16:38:47 - [TEST_CASE][PASSED] - Test Cases/Engine_Scoring/Engine Scoring: Test Cases/Engine_Scoring/Engine Scoring

2022-11-28 16:38:48 - [TEST_STEP][PASSED] - markPassed("Variasi data ke : " + no): Variasi data ke : 34

2022-11-28 16:38:48 - [MESSAGE][PASSED] - Variasi data ke : 34

2022-11-28 16:38:48 - [TEST_STEP][PASSED] - req_data = sendRequest(findTestObject("Search_ME", ["MID":MID, "source":source, "ip":ip, "userid":userid, "branch":branch, "tipekons":tipekons, "marital":marital, "penjamin":penjamin, ... ])): Send request successfully

2022-11-28 16:38:49 - [MESSAGE][INFO] - HAR: D:\DMS\Engine Scoring\Reports\20221128_163438\Exclude KKB - DS - Married\Scoring Married - CS Used\20221128_163438\requests\main\66.har

2022-11-28 16:38:49 - [MESSAGE][PASSED] - Send request successfully

2022-11-28 16:38:49 - [TEST_STEP][PASSED] - slurper = new groovy.json.JsonSlurper(): null

2022-11-28 16:38:49 - [TEST_STEP][PASSED] - result = slurper.parseText(req_data.getResponseBodyContent()): null

2022-11-28 16:38:49 - [TEST_STEP][PASSED] - reqid_kons = requestid1: null

2022-11-28 16:38:49 - [TEST_STEP][PASSED] - reqid_spouse = requestid2: null

2022-11-28 16:38:49 - [TEST_STEP][PASSED] - println("requestid kons : " + reqid_kons): null

2022-11-28 16:38:49 - [TEST_STEP][PASSED] - response_searchME_kons = reqid_kons: null

2022-11-28 16:38:49 - [TEST_STEP][PASSED] - response_searchME_spouse = reqid_spouse: null

2022-11-28 16:38:49 - [TEST_STEP][PASSED] - println("kons req id is :" + response_searchME_kons): null

2022-11-28 16:38:49 - [TEST_STEP][PASSED] - println("spouse req id is : " + response_searchME_spouse): null

2022-11-28 16:38:49 - [TEST_STEP][PASSED] - verifyResponseStatusCode(req_data, 200): Verify response status code successfully

2022-11-28 16:38:49 - [MESSAGE][PASSED] - Verify response status code successfully

2022-11-28 16:38:49 - [TEST_STEP][PASSED] - response = req_data.getResponseText(): null

2022-11-28 16:38:49 - [TEST_STEP][PASSED] - logInfo($response): {"status":"Done","data":{"requestid1":"256660","requestid2":"256661"}}

2022-11-28 16:38:49 - [MESSAGE][INFO] - {"status":"Done","data":{"requestid1":"256660","requestid2":"256661"}}

2022-11-28 16:38:49 - [TEST_STEP][PASSED] - delay(5): Delayed 5 second(s)

2022-11-28 16:38:54 - [MESSAGE][PASSED] - Delayed 5 second(s)

2022-11-28 16:38:54 - [TEST_STEP][PASSED] - scoring = sendRequest(findTestObject("EngineScore", ["response_searchME_kons":response_searchME_kons, "response_searchME_spouse":response_searchME_spouse])): Send request successfully

2022-11-28 16:38:54 - [MESSAGE][INFO] - HAR: D:\DMS\Engine Scoring\Reports\20221128_163438\Exclude KKB - DS - Married\Scoring Married - CS Used\20221128_163438\requests\main\67.har

2022-11-28 16:38:54 - [MESSAGE][PASSED] - Send request successfully

2022-11-28 16:38:54 - [TEST_STEP][PASSED] - verifyResponseStatusCode(scoring, 200): Verify response status code successfully

2022-11-28 16:38:54 - [MESSAGE][PASSED] - Verify response status code successfully

2022-11-28 16:38:54 - [TEST_STEP][PASSED] - response2 = scoring.getResponseText(): null

2022-11-28 16:38:54 - [TEST_STEP][PASSED] - markPassed("result service data ke : " + no): result service data ke : 34

2022-11-28 16:38:54 - [MESSAGE][PASSED] - result service data ke : 34

2022-11-28 16:38:54 - [TEST_STEP][PASSED] - logInfo($response2): {"result_konsumen":"Reject","result_pasangan":"Reject","Final_result":"Reject","errorMessage":"","status":"Done"}

2022-11-28 16:38:54 - [MESSAGE][INFO] - {"result_konsumen":"Reject","result_pasangan":"Reject","Final_result":"Reject","errorMessage":"","status":"Done"}

2022-11-28 16:38:54 - [TEST_STEP][PASSED] - verifyElementPropertyValue(scoring, "Final_result", final_result): Verify element property value successfully

2022-11-28 16:38:54 - [MESSAGE][PASSED] - Verify element property value successfully]]></system-out>
         <system-err><![CDATA[]]></system-err>
      </testcase>
      <testcase name="Test Cases/Engine_Scoring/Engine Scoring" time="6.904" classname="Test Cases/Engine_Scoring/Engine Scoring" status="PASSED">
         <system-out><![CDATA[2022-11-28 16:38:54 - [TEST_CASE][PASSED] - Test Cases/Engine_Scoring/Engine Scoring: Test Cases/Engine_Scoring/Engine Scoring

2022-11-28 16:38:55 - [TEST_STEP][PASSED] - markPassed("Variasi data ke : " + no): Variasi data ke : 35

2022-11-28 16:38:55 - [MESSAGE][PASSED] - Variasi data ke : 35

2022-11-28 16:38:55 - [TEST_STEP][PASSED] - req_data = sendRequest(findTestObject("Search_ME", ["MID":MID, "source":source, "ip":ip, "userid":userid, "branch":branch, "tipekons":tipekons, "marital":marital, "penjamin":penjamin, ... ])): Send request successfully

2022-11-28 16:38:56 - [MESSAGE][INFO] - HAR: D:\DMS\Engine Scoring\Reports\20221128_163438\Exclude KKB - DS - Married\Scoring Married - CS Used\20221128_163438\requests\main\68.har

2022-11-28 16:38:56 - [MESSAGE][PASSED] - Send request successfully

2022-11-28 16:38:56 - [TEST_STEP][PASSED] - slurper = new groovy.json.JsonSlurper(): null

2022-11-28 16:38:56 - [TEST_STEP][PASSED] - result = slurper.parseText(req_data.getResponseBodyContent()): null

2022-11-28 16:38:56 - [TEST_STEP][PASSED] - reqid_kons = requestid1: null

2022-11-28 16:38:56 - [TEST_STEP][PASSED] - reqid_spouse = requestid2: null

2022-11-28 16:38:56 - [TEST_STEP][PASSED] - println("requestid kons : " + reqid_kons): null

2022-11-28 16:38:56 - [TEST_STEP][PASSED] - response_searchME_kons = reqid_kons: null

2022-11-28 16:38:56 - [TEST_STEP][PASSED] - response_searchME_spouse = reqid_spouse: null

2022-11-28 16:38:56 - [TEST_STEP][PASSED] - println("kons req id is :" + response_searchME_kons): null

2022-11-28 16:38:56 - [TEST_STEP][PASSED] - println("spouse req id is : " + response_searchME_spouse): null

2022-11-28 16:38:56 - [TEST_STEP][PASSED] - verifyResponseStatusCode(req_data, 200): Verify response status code successfully

2022-11-28 16:38:56 - [MESSAGE][PASSED] - Verify response status code successfully

2022-11-28 16:38:56 - [TEST_STEP][PASSED] - response = req_data.getResponseText(): null

2022-11-28 16:38:56 - [TEST_STEP][PASSED] - logInfo($response): {"status":"Done","data":{"requestid1":"256662","requestid2":"256663"}}

2022-11-28 16:38:56 - [MESSAGE][INFO] - {"status":"Done","data":{"requestid1":"256662","requestid2":"256663"}}

2022-11-28 16:38:56 - [TEST_STEP][PASSED] - delay(5): Delayed 5 second(s)

2022-11-28 16:39:01 - [MESSAGE][PASSED] - Delayed 5 second(s)

2022-11-28 16:39:01 - [TEST_STEP][PASSED] - scoring = sendRequest(findTestObject("EngineScore", ["response_searchME_kons":response_searchME_kons, "response_searchME_spouse":response_searchME_spouse])): Send request successfully

2022-11-28 16:39:01 - [MESSAGE][INFO] - HAR: D:\DMS\Engine Scoring\Reports\20221128_163438\Exclude KKB - DS - Married\Scoring Married - CS Used\20221128_163438\requests\main\69.har

2022-11-28 16:39:01 - [MESSAGE][PASSED] - Send request successfully

2022-11-28 16:39:01 - [TEST_STEP][PASSED] - verifyResponseStatusCode(scoring, 200): Verify response status code successfully

2022-11-28 16:39:01 - [MESSAGE][PASSED] - Verify response status code successfully

2022-11-28 16:39:01 - [TEST_STEP][PASSED] - response2 = scoring.getResponseText(): null

2022-11-28 16:39:01 - [TEST_STEP][PASSED] - markPassed("result service data ke : " + no): result service data ke : 35

2022-11-28 16:39:01 - [MESSAGE][PASSED] - result service data ke : 35

2022-11-28 16:39:01 - [TEST_STEP][PASSED] - logInfo($response2): {"result_konsumen":"Reject","result_pasangan":"Reject","Final_result":"Reject","errorMessage":"","status":"Done"}

2022-11-28 16:39:01 - [MESSAGE][INFO] - {"result_konsumen":"Reject","result_pasangan":"Reject","Final_result":"Reject","errorMessage":"","status":"Done"}

2022-11-28 16:39:01 - [TEST_STEP][PASSED] - verifyElementPropertyValue(scoring, "Final_result", final_result): Verify element property value successfully

2022-11-28 16:39:01 - [MESSAGE][PASSED] - Verify element property value successfully]]></system-out>
         <system-err><![CDATA[]]></system-err>
      </testcase>
      <testcase name="Test Cases/Engine_Scoring/Engine Scoring" time="8.785" classname="Test Cases/Engine_Scoring/Engine Scoring" status="PASSED">
         <system-out><![CDATA[2022-11-28 16:39:01 - [TEST_CASE][PASSED] - Test Cases/Engine_Scoring/Engine Scoring: Test Cases/Engine_Scoring/Engine Scoring

2022-11-28 16:39:02 - [TEST_STEP][PASSED] - markPassed("Variasi data ke : " + no): Variasi data ke : 36

2022-11-28 16:39:02 - [MESSAGE][PASSED] - Variasi data ke : 36

2022-11-28 16:39:02 - [TEST_STEP][PASSED] - req_data = sendRequest(findTestObject("Search_ME", ["MID":MID, "source":source, "ip":ip, "userid":userid, "branch":branch, "tipekons":tipekons, "marital":marital, "penjamin":penjamin, ... ])): Send request successfully

2022-11-28 16:39:04 - [MESSAGE][INFO] - HAR: D:\DMS\Engine Scoring\Reports\20221128_163438\Exclude KKB - DS - Married\Scoring Married - CS Used\20221128_163438\requests\main\70.har

2022-11-28 16:39:04 - [MESSAGE][PASSED] - Send request successfully

2022-11-28 16:39:04 - [TEST_STEP][PASSED] - slurper = new groovy.json.JsonSlurper(): null

2022-11-28 16:39:04 - [TEST_STEP][PASSED] - result = slurper.parseText(req_data.getResponseBodyContent()): null

2022-11-28 16:39:04 - [TEST_STEP][PASSED] - reqid_kons = requestid1: null

2022-11-28 16:39:04 - [TEST_STEP][PASSED] - reqid_spouse = requestid2: null

2022-11-28 16:39:04 - [TEST_STEP][PASSED] - println("requestid kons : " + reqid_kons): null

2022-11-28 16:39:04 - [TEST_STEP][PASSED] - response_searchME_kons = reqid_kons: null

2022-11-28 16:39:04 - [TEST_STEP][PASSED] - response_searchME_spouse = reqid_spouse: null

2022-11-28 16:39:04 - [TEST_STEP][PASSED] - println("kons req id is :" + response_searchME_kons): null

2022-11-28 16:39:04 - [TEST_STEP][PASSED] - println("spouse req id is : " + response_searchME_spouse): null

2022-11-28 16:39:04 - [TEST_STEP][PASSED] - verifyResponseStatusCode(req_data, 200): Verify response status code successfully

2022-11-28 16:39:04 - [MESSAGE][PASSED] - Verify response status code successfully

2022-11-28 16:39:04 - [TEST_STEP][PASSED] - response = req_data.getResponseText(): null

2022-11-28 16:39:04 - [TEST_STEP][PASSED] - logInfo($response): {"status":"Done","data":{"requestid1":"256664","requestid2":"256665"}}

2022-11-28 16:39:04 - [MESSAGE][INFO] - {"status":"Done","data":{"requestid1":"256664","requestid2":"256665"}}

2022-11-28 16:39:04 - [TEST_STEP][PASSED] - delay(5): Delayed 5 second(s)

2022-11-28 16:39:09 - [MESSAGE][PASSED] - Delayed 5 second(s)

2022-11-28 16:39:09 - [TEST_STEP][PASSED] - scoring = sendRequest(findTestObject("EngineScore", ["response_searchME_kons":response_searchME_kons, "response_searchME_spouse":response_searchME_spouse])): Send request successfully

2022-11-28 16:39:10 - [MESSAGE][INFO] - HAR: D:\DMS\Engine Scoring\Reports\20221128_163438\Exclude KKB - DS - Married\Scoring Married - CS Used\20221128_163438\requests\main\71.har

2022-11-28 16:39:10 - [MESSAGE][PASSED] - Send request successfully

2022-11-28 16:39:10 - [TEST_STEP][PASSED] - verifyResponseStatusCode(scoring, 200): Verify response status code successfully

2022-11-28 16:39:10 - [MESSAGE][PASSED] - Verify response status code successfully

2022-11-28 16:39:10 - [TEST_STEP][PASSED] - response2 = scoring.getResponseText(): null

2022-11-28 16:39:10 - [TEST_STEP][PASSED] - markPassed("result service data ke : " + no): result service data ke : 36

2022-11-28 16:39:10 - [MESSAGE][PASSED] - result service data ke : 36

2022-11-28 16:39:10 - [TEST_STEP][PASSED] - logInfo($response2): {"result_konsumen":"Reject","result_pasangan":"Reject","Final_result":"Reject","errorMessage":"","status":"Done"}

2022-11-28 16:39:10 - [MESSAGE][INFO] - {"result_konsumen":"Reject","result_pasangan":"Reject","Final_result":"Reject","errorMessage":"","status":"Done"}

2022-11-28 16:39:10 - [TEST_STEP][PASSED] - verifyElementPropertyValue(scoring, "Final_result", final_result): Verify element property value successfully

2022-11-28 16:39:10 - [MESSAGE][PASSED] - Verify element property value successfully]]></system-out>
         <system-err><![CDATA[]]></system-err>
      </testcase>
      <system-out><![CDATA[2022-11-28 16:34:53 - [TEST_SUITE][PASSED] - Scoring Married - CS Used: Test Cases/Engine_Scoring/Engine Scoring]]></system-out>
      <system-err><![CDATA[]]></system-err>
   </testsuite>
</testsuites>
